2018-05-20 00:01:32.567 [AsyncResolver-bootstrap-executor-0] INFO  c.n.d.s.r.aws.ConfigClusterResolver -Resolving eureka endpoints via configuration
2018-05-20 00:06:32.763 [AsyncResolver-bootstrap-executor-0] INFO  c.n.d.s.r.aws.ConfigClusterResolver -Resolving eureka endpoints via configuration
2018-05-20 00:10:16.003 [http-nio-8001-exec-1] INFO  o.a.tomcat.util.http.parser.Cookie -A cookie header was received [1526177920,1526226581,1526342682; customer_primary_id_key=b49cc8141ac14fa3b21fea67d43259a7; customer_city_key=%E5%93%88%E5%B0%94%E6%BB%A8%E5%B8%82; customer_address_key=%E9%BB%91%E9%BE%99%E6%B1%9F%E7%9C%81%E5%93%88%E5%B0%94%E6%BB%A8%E5%B8%82; customer_address_point_x_key=14099625.96; customer_address_point_y_key=5713172.75; shop_session_id=ec68a10539a441b5aeb6a78d518e467f; merchant_seesion_id=6c84f82e1f044b2186040b0ae812ae2a; admin_session_id=d9a661ce651a4496b0625d9035908c58] that contained an invalid cookie. That cookie will be ignored.Note: further occurrences of this error will be logged at DEBUG level.
2018-05-20 00:10:16.120 [http-nio-8001-exec-1] INFO  o.a.c.c.C.[Tomcat].[localhost].[/] -Initializing Spring FrameworkServlet 'dispatcherServlet'
2018-05-20 00:10:16.124 [http-nio-8001-exec-1] INFO  o.s.web.servlet.DispatcherServlet -FrameworkServlet 'dispatcherServlet': initialization started
2018-05-20 00:10:16.632 [http-nio-8001-exec-1] INFO  o.s.web.servlet.DispatcherServlet -FrameworkServlet 'dispatcherServlet': initialization completed in 507 ms
2018-05-20 00:10:56.310 [http-nio-8001-exec-3] DEBUG c.i.q.base.mapper.BaseMapper.find -==>  Executing: select id as id,isvalid as isvalid,ctime as ctime,mtime as mtime,dtime as dtime,creater as creater,updater as updater,deleter as deleter,user_name as userName,password as password,user_type as userType,state as state from t_sys_user user where user.user_type = '2' and user.isvalid=1 order by user.ctime desc,user.user_name asc 
2018-05-20 00:10:56.482 [http-nio-8001-exec-3] DEBUG c.i.q.base.mapper.BaseMapper.find -<==      Total: 8
2018-05-20 00:10:56.506 [http-nio-8001-exec-3] DEBUG c.i.q.base.mapper.BaseMapper.count -==>  Executing: select count(*) from t_sys_user user where user.user_type = '2' and user.isvalid=1 
2018-05-20 00:10:56.522 [http-nio-8001-exec-3] DEBUG c.i.q.base.mapper.BaseMapper.count -<==      Total: 1
2018-05-20 00:11:10.636 [http-nio-8001-exec-1] DEBUG c.i.q.base.mapper.BaseMapper.find -==>  Executing: select id as id,isvalid as isvalid,ctime as ctime,mtime as mtime,dtime as dtime,creater as creater,updater as updater,deleter as deleter,content as content,link_url as linkUrl,is_index_show as isIndexShow from t_p_notice notice where notice.isvalid=1 order by notice.ctime asc,notice.mtime asc 
2018-05-20 00:11:10.676 [http-nio-8001-exec-1] DEBUG c.i.q.base.mapper.BaseMapper.find -<==      Total: 9
2018-05-20 00:11:10.689 [http-nio-8001-exec-1] DEBUG c.i.q.base.mapper.BaseMapper.count -==>  Executing: select count(*) from t_p_notice notice where notice.isvalid=1 
2018-05-20 00:11:10.693 [http-nio-8001-exec-1] DEBUG c.i.q.base.mapper.BaseMapper.count -<==      Total: 1
2018-05-20 00:11:32.783 [AsyncResolver-bootstrap-executor-0] INFO  c.n.d.s.r.aws.ConfigClusterResolver -Resolving eureka endpoints via configuration
2018-05-20 00:16:32.801 [AsyncResolver-bootstrap-executor-0] INFO  c.n.d.s.r.aws.ConfigClusterResolver -Resolving eureka endpoints via configuration
2018-05-20 00:21:32.819 [AsyncResolver-bootstrap-executor-0] INFO  c.n.d.s.r.aws.ConfigClusterResolver -Resolving eureka endpoints via configuration
2018-05-20 00:26:32.840 [AsyncResolver-bootstrap-executor-0] INFO  c.n.d.s.r.aws.ConfigClusterResolver -Resolving eureka endpoints via configuration
2018-05-20 00:31:32.859 [AsyncResolver-bootstrap-executor-0] INFO  c.n.d.s.r.aws.ConfigClusterResolver -Resolving eureka endpoints via configuration
2018-05-20 00:36:32.886 [AsyncResolver-bootstrap-executor-0] INFO  c.n.d.s.r.aws.ConfigClusterResolver -Resolving eureka endpoints via configuration
2018-05-20 00:41:32.956 [AsyncResolver-bootstrap-executor-0] INFO  c.n.d.s.r.aws.ConfigClusterResolver -Resolving eureka endpoints via configuration
2018-05-20 00:46:32.990 [AsyncResolver-bootstrap-executor-0] INFO  c.n.d.s.r.aws.ConfigClusterResolver -Resolving eureka endpoints via configuration
2018-05-20 00:51:33.050 [AsyncResolver-bootstrap-executor-0] INFO  c.n.d.s.r.aws.ConfigClusterResolver -Resolving eureka endpoints via configuration
2018-05-20 00:56:33.097 [AsyncResolver-bootstrap-executor-0] INFO  c.n.d.s.r.aws.ConfigClusterResolver -Resolving eureka endpoints via configuration
2018-05-20 01:01:33.118 [AsyncResolver-bootstrap-executor-0] INFO  c.n.d.s.r.aws.ConfigClusterResolver -Resolving eureka endpoints via configuration
2018-05-20 01:06:33.228 [AsyncResolver-bootstrap-executor-0] INFO  c.n.d.s.r.aws.ConfigClusterResolver -Resolving eureka endpoints via configuration
2018-05-20 01:11:33.355 [AsyncResolver-bootstrap-executor-0] INFO  c.n.d.s.r.aws.ConfigClusterResolver -Resolving eureka endpoints via configuration
2018-05-20 01:16:33.373 [AsyncResolver-bootstrap-executor-0] INFO  c.n.d.s.r.aws.ConfigClusterResolver -Resolving eureka endpoints via configuration
2018-05-20 01:21:33.391 [AsyncResolver-bootstrap-executor-0] INFO  c.n.d.s.r.aws.ConfigClusterResolver -Resolving eureka endpoints via configuration
2018-05-20 01:26:33.414 [AsyncResolver-bootstrap-executor-0] INFO  c.n.d.s.r.aws.ConfigClusterResolver -Resolving eureka endpoints via configuration
2018-05-20 07:30:28.984 [main] INFO  o.s.c.c.c.ConfigServicePropertySourceLocator -Fetching config from server at: http://localhost:1001/
2018-05-20 07:30:34.170 [main] INFO  o.s.c.c.c.ConfigServicePropertySourceLocator -Located environment: name=manager-service, profiles=[local,resources], label=master, version=null, state=null
2018-05-20 07:30:34.174 [main] INFO  o.s.c.b.c.PropertySourceBootstrapConfiguration -Located property source: CompositePropertySource [name='configService', propertySources=[MapPropertySource [name='classpath:/properties/manager-service-resources.properties'], MapPropertySource [name='classpath:/properties/manager-service-local.properties']]]
2018-05-20 07:30:34.958 [main] INFO  com.ityb.qugou.ManagerApplication -No active profile set, falling back to default profiles: default
2018-05-20 07:30:35.143 [main] INFO  o.s.b.c.e.AnnotationConfigEmbeddedWebApplicationContext -Refreshing org.springframework.boot.context.embedded.AnnotationConfigEmbeddedWebApplicationContext@6b3871d6: startup date [Sun May 20 07:30:35 CST 2018]; parent: org.springframework.context.annotation.AnnotationConfigApplicationContext@7efaad5a
2018-05-20 07:30:52.537 [main] INFO  o.s.b.f.s.DefaultListableBeanFactory -Overriding bean definition for bean 'requestFilter' with a different definition: replacing [Generic bean: class [com.ityb.qugou.filter.RequestFilter]; scope=singleton; abstract=false; lazyInit=false; autowireMode=0; dependencyCheck=0; autowireCandidate=true; primary=false; factoryBeanName=null; factoryMethodName=null; initMethodName=null; destroyMethodName=null; defined in file [D:\IT\qugou\project\qugou-parent\qugou-bg-manager-web\target\classes\com\ityb\qugou\filter\RequestFilter.class]] with [Root bean: class [null]; scope=; abstract=false; lazyInit=false; autowireMode=3; dependencyCheck=0; autowireCandidate=true; primary=false; factoryBeanName=filterConfig; factoryMethodName=requestFilter; initMethodName=null; destroyMethodName=(inferred); defined in class path resource [com/ityb/qugou/configuration/FilterConfig.class]]
2018-05-20 07:31:02.960 [main] INFO  o.s.d.r.c.RepositoryConfigurationDelegate -Multiple Spring Data modules found, entering strict repository configuration mode!
2018-05-20 07:31:14.484 [main] INFO  o.s.cloud.context.scope.GenericScope -BeanFactory id=c268fc87-4108-3be2-8bc6-0ea96abd3944
2018-05-20 07:31:14.795 [main] INFO  o.s.b.f.a.AutowiredAnnotationBeanPostProcessor -JSR-330 'javax.inject.Inject' annotation found and supported for autowiring
2018-05-20 07:31:15.185 [main] INFO  o.s.c.s.PostProcessorRegistrationDelegate$BeanPostProcessorChecker -Bean 'com.ityb.qugou.remoting.SearchServiceRemoting' of type [org.springframework.cloud.netflix.feign.FeignClientFactoryBean] is not eligible for getting processed by all BeanPostProcessors (for example: not eligible for auto-proxying)
2018-05-20 07:31:15.731 [main] INFO  o.s.c.s.PostProcessorRegistrationDelegate$BeanPostProcessorChecker -Bean 'mybatis-org.mybatis.spring.boot.autoconfigure.MybatisProperties' of type [org.mybatis.spring.boot.autoconfigure.MybatisProperties] is not eligible for getting processed by all BeanPostProcessors (for example: not eligible for auto-proxying)
2018-05-20 07:31:15.749 [main] INFO  o.s.c.s.PostProcessorRegistrationDelegate$BeanPostProcessorChecker -Bean 'org.mybatis.spring.boot.autoconfigure.MybatisAutoConfiguration' of type [org.mybatis.spring.boot.autoconfigure.MybatisAutoConfiguration$$EnhancerBySpringCGLIB$$173b3739] is not eligible for getting processed by all BeanPostProcessors (for example: not eligible for auto-proxying)
2018-05-20 07:31:15.794 [main] INFO  o.s.c.s.PostProcessorRegistrationDelegate$BeanPostProcessorChecker -Bean 'org.springframework.boot.autoconfigure.jdbc.DataSourceConfiguration$Tomcat' of type [org.springframework.boot.autoconfigure.jdbc.DataSourceConfiguration$Tomcat] is not eligible for getting processed by all BeanPostProcessors (for example: not eligible for auto-proxying)
2018-05-20 07:31:15.972 [main] INFO  o.s.c.s.PostProcessorRegistrationDelegate$BeanPostProcessorChecker -Bean 'spring.datasource-org.springframework.boot.autoconfigure.jdbc.DataSourceProperties' of type [org.springframework.boot.autoconfigure.jdbc.DataSourceProperties] is not eligible for getting processed by all BeanPostProcessors (for example: not eligible for auto-proxying)
2018-05-20 07:31:17.759 [main] INFO  o.s.c.s.PostProcessorRegistrationDelegate$BeanPostProcessorChecker -Bean 'dataSource' of type [org.apache.tomcat.jdbc.pool.DataSource] is not eligible for getting processed by all BeanPostProcessors (for example: not eligible for auto-proxying)
2018-05-20 07:31:21.610 [main] INFO  o.s.c.s.PostProcessorRegistrationDelegate$BeanPostProcessorChecker -Bean 'sqlSessionFactory' of type [org.apache.ibatis.session.defaults.DefaultSqlSessionFactory] is not eligible for getting processed by all BeanPostProcessors (for example: not eligible for auto-proxying)
2018-05-20 07:31:21.684 [main] INFO  o.s.c.s.PostProcessorRegistrationDelegate$BeanPostProcessorChecker -Bean 'sqlSessionTemplate' of type [org.mybatis.spring.SqlSessionTemplate] is not eligible for getting processed by all BeanPostProcessors (for example: not eligible for auto-proxying)
2018-05-20 07:31:21.702 [main] INFO  o.s.c.s.PostProcessorRegistrationDelegate$BeanPostProcessorChecker -Bean 'baseMapper' of type [org.mybatis.spring.mapper.MapperFactoryBean] is not eligible for getting processed by all BeanPostProcessors (for example: not eligible for auto-proxying)
2018-05-20 07:31:22.930 [main] INFO  o.s.c.s.PostProcessorRegistrationDelegate$BeanPostProcessorChecker -Bean 'org.springframework.transaction.annotation.ProxyTransactionManagementConfiguration' of type [org.springframework.transaction.annotation.ProxyTransactionManagementConfiguration$$EnhancerBySpringCGLIB$$e466e609] is not eligible for getting processed by all BeanPostProcessors (for example: not eligible for auto-proxying)
2018-05-20 07:31:34.248 [main] INFO  o.s.c.s.PostProcessorRegistrationDelegate$BeanPostProcessorChecker -Bean 'org.springframework.cloud.autoconfigure.ConfigurationPropertiesRebinderAutoConfiguration' of type [org.springframework.cloud.autoconfigure.ConfigurationPropertiesRebinderAutoConfiguration$$EnhancerBySpringCGLIB$$80e906] is not eligible for getting processed by all BeanPostProcessors (for example: not eligible for auto-proxying)
2018-05-20 07:31:47.937 [main] INFO  o.s.b.c.e.t.TomcatEmbeddedServletContainer -Tomcat initialized with port(s): 8001 (http)
2018-05-20 07:31:48.148 [main] INFO  o.a.catalina.core.StandardService -Starting service Tomcat
2018-05-20 07:31:48.154 [main] INFO  o.a.catalina.core.StandardEngine -Starting Servlet Engine: Apache Tomcat/8.5.11
2018-05-20 07:31:50.398 [localhost-startStop-1] INFO  o.a.c.c.C.[Tomcat].[localhost].[/] -Initializing Spring embedded WebApplicationContext
2018-05-20 07:31:50.405 [localhost-startStop-1] INFO  o.s.web.context.ContextLoader -Root WebApplicationContext: initialization completed in 75262 ms
2018-05-20 07:32:09.449 [localhost-startStop-1] INFO  o.s.b.w.s.FilterRegistrationBean -Mapping filter: 'characterEncodingFilter' to: [/*]
2018-05-20 07:32:09.457 [localhost-startStop-1] INFO  o.s.b.w.s.FilterRegistrationBean -Mapping filter: 'hiddenHttpMethodFilter' to: [/*]
2018-05-20 07:32:09.464 [localhost-startStop-1] INFO  o.s.b.w.s.FilterRegistrationBean -Mapping filter: 'httpPutFormContentFilter' to: [/*]
2018-05-20 07:32:09.469 [localhost-startStop-1] INFO  o.s.b.w.s.FilterRegistrationBean -Mapping filter: 'requestContextFilter' to: [/*]
2018-05-20 07:32:09.476 [localhost-startStop-1] INFO  o.s.b.w.s.FilterRegistrationBean -Mapping filter: 'requestFilter' to urls: [/manager/notice/saveDtoFile, /manager/notice/save, /manager/notice/save-update, /manager/notice/save-update-file, /manager/notice/delete, /manager/notice/deleteCycle, /manager/category/saveDtoFile, /manager/category/save, /manager/category/save-update, /manager/category/save-update-file, /manager/category/delete, /manager/category/deleteCycle, /manager/searchKeyword/saveDtoFile, /manager/searchKeyword/save, /manager/searchKeyword/save-update, /manager/searchKeyword/save-update-file, /manager/searchKeyword/delete, /manager/searchKeyword/deleteCycle, /manager/slideshow/saveDtoFile, /manager/slideshow/save, /manager/slideshow/save-update, /manager/slideshow/save-update-file, /manager/slideshow/delete, /manager/slideshow/deleteCycle]
2018-05-20 07:32:09.518 [localhost-startStop-1] INFO  o.s.b.w.s.ServletRegistrationBean -Mapping servlet: 'dispatcherServlet' to [/]
2018-05-20 07:32:16.048 [main] INFO  o.s.c.a.AnnotationConfigApplicationContext -Refreshing org.springframework.context.annotation.AnnotationConfigApplicationContext@4b508371: startup date [Sun May 20 07:32:16 CST 2018]; parent: org.springframework.boot.context.embedded.AnnotationConfigEmbeddedWebApplicationContext@6b3871d6
2018-05-20 07:32:16.888 [main] INFO  o.s.b.f.a.AutowiredAnnotationBeanPostProcessor -JSR-330 'javax.inject.Inject' annotation found and supported for autowiring
2018-05-20 07:33:03.900 [main] INFO  o.s.w.s.m.m.a.RequestMappingHandlerAdapter -Looking for @ControllerAdvice: org.springframework.boot.context.embedded.AnnotationConfigEmbeddedWebApplicationContext@6b3871d6: startup date [Sun May 20 07:30:35 CST 2018]; parent: org.springframework.context.annotation.AnnotationConfigApplicationContext@7efaad5a
2018-05-20 07:33:04.710 [main] INFO  o.s.w.s.m.m.a.RequestMappingHandlerMapping -Mapped "{[/manager/directSupermarket/query],methods=[GET || POST]}" onto public java.lang.String com.ityb.qugou.controller.content.DirectSupermarketContoller.query(org.springframework.ui.Model,com.ityb.qugou.dto.manager.DirectSupermarketDto)
2018-05-20 07:33:04.721 [main] INFO  o.s.w.s.m.m.a.RequestMappingHandlerMapping -Mapped "{[/manager/directSupermarket/desc],methods=[GET || POST]}" onto public java.lang.String com.ityb.qugou.controller.content.DirectSupermarketContoller.desc()
2018-05-20 07:33:04.726 [main] INFO  o.s.w.s.m.m.a.RequestMappingHandlerMapping -Mapped "{[/manager/directSupermarket/show],methods=[GET || POST]}" onto public java.lang.String com.ityb.qugou.controller.content.DirectSupermarketContoller.show(org.springframework.ui.Model)
2018-05-20 07:33:04.729 [main] INFO  o.s.w.s.m.m.a.RequestMappingHandlerMapping -Mapped "{[/manager/directSupermarket/getByShopId],methods=[GET || POST]}" onto public com.ityb.qugou.base.message.JsonResultData<java.lang.Boolean> com.ityb.qugou.controller.content.DirectSupermarketContoller.getByShopId(java.util.Map<java.lang.String, java.lang.Object>)
2018-05-20 07:33:04.731 [main] INFO  o.s.w.s.m.m.a.RequestMappingHandlerMapping -Mapped "{[/manager/directSupermarket/add]}" onto public java.lang.String com.ityb.qugou.base.controller.BaseController.add(javax.servlet.http.HttpServletRequest,org.springframework.ui.Model,java.util.Map<java.lang.String, java.lang.Object>) throws java.lang.Exception
2018-05-20 07:33:04.735 [main] INFO  o.s.w.s.m.m.a.RequestMappingHandlerMapping -Mapped "{[/manager/directSupermarket/update]}" onto public java.lang.String com.ityb.qugou.base.controller.BaseController.update(javax.servlet.http.HttpServletRequest,org.springframework.ui.Model,T) throws java.lang.Exception
2018-05-20 07:33:04.744 [main] INFO  o.s.w.s.m.m.a.RequestMappingHandlerMapping -Mapped "{[/manager/directSupermarket/delete]}" onto public java.lang.String com.ityb.qugou.base.controller.BaseController.delete(java.lang.String) throws java.lang.Exception
2018-05-20 07:33:04.746 [main] INFO  o.s.w.s.m.m.a.RequestMappingHandlerMapping -Mapped "{[/manager/directSupermarket/list]}" onto public java.lang.String com.ityb.qugou.base.controller.BaseController.list(javax.servlet.http.HttpServletRequest,org.springframework.ui.Model,java.util.Map<java.lang.String, java.lang.Object>) throws java.lang.Exception
2018-05-20 07:33:04.750 [main] INFO  o.s.w.s.m.m.a.RequestMappingHandlerMapping -Mapped "{[/manager/directSupermarket/save]}" onto public java.lang.String com.ityb.qugou.base.controller.BaseController.save(T) throws java.lang.Exception
2018-05-20 07:33:04.754 [main] INFO  o.s.w.s.m.m.a.RequestMappingHandlerMapping -Mapped "{[/manager/directSupermarket/list-data]}" onto public com.ityb.qugou.base.dto.LayuiDto<T> com.ityb.qugou.base.controller.BaseController.getListData() throws java.lang.Exception
2018-05-20 07:33:04.755 [main] INFO  o.s.w.s.m.m.a.RequestMappingHandlerMapping -Mapped "{[/manager/directSupermarket/saveDtoFile]}" onto public java.lang.String com.ityb.qugou.base.controller.BaseController.saveDtoAndFile(T,org.springframework.web.multipart.MultipartFile) throws java.lang.Exception
2018-05-20 07:33:04.757 [main] INFO  o.s.w.s.m.m.a.RequestMappingHandlerMapping -Mapped "{[/manager/directSupermarket/save-update]}" onto public java.lang.String com.ityb.qugou.base.controller.BaseController.saveUpdate(T) throws java.lang.Exception
2018-05-20 07:33:04.759 [main] INFO  o.s.w.s.m.m.a.RequestMappingHandlerMapping -Mapped "{[/manager/directSupermarket/deleteCycle]}" onto public java.lang.String com.ityb.qugou.base.controller.BaseController.deleteCycle(java.lang.String) throws java.lang.Exception
2018-05-20 07:33:04.763 [main] INFO  o.s.w.s.m.m.a.RequestMappingHandlerMapping -Mapped "{[/manager/directSupermarket/save-update-file]}" onto public java.lang.String com.ityb.qugou.base.controller.BaseController.saveUpdateDtoFile(T,org.springframework.web.multipart.MultipartFile) throws java.lang.Exception
2018-05-20 07:33:04.825 [main] INFO  o.s.w.s.m.m.a.RequestMappingHandlerMapping -Mapped "{[/manager/discountArea/show],methods=[GET || POST]}" onto public java.lang.String com.ityb.qugou.controller.content.DiscountAreaController.list(com.ityb.qugou.po.manager.DiscountArea,org.springframework.ui.Model)
2018-05-20 07:33:04.844 [main] INFO  o.s.w.s.m.m.a.RequestMappingHandlerMapping -Mapped "{[/manager/discountArea/upload],methods=[POST || GET]}" onto public com.ityb.qugou.bo.common.UploadResultBean com.ityb.qugou.controller.content.DiscountAreaController.upload(javax.servlet.http.HttpServletRequest)
2018-05-20 07:33:04.853 [main] INFO  o.s.w.s.m.m.a.RequestMappingHandlerMapping -Mapped "{[/manager/discountArea/add]}" onto public java.lang.String com.ityb.qugou.base.controller.BaseController.add(javax.servlet.http.HttpServletRequest,org.springframework.ui.Model,java.util.Map<java.lang.String, java.lang.Object>) throws java.lang.Exception
2018-05-20 07:33:04.931 [main] INFO  o.s.w.s.m.m.a.RequestMappingHandlerMapping -Mapped "{[/manager/discountArea/update]}" onto public java.lang.String com.ityb.qugou.base.controller.BaseController.update(javax.servlet.http.HttpServletRequest,org.springframework.ui.Model,T) throws java.lang.Exception
2018-05-20 07:33:04.945 [main] INFO  o.s.w.s.m.m.a.RequestMappingHandlerMapping -Mapped "{[/manager/discountArea/delete]}" onto public java.lang.String com.ityb.qugou.base.controller.BaseController.delete(java.lang.String) throws java.lang.Exception
2018-05-20 07:33:04.952 [main] INFO  o.s.w.s.m.m.a.RequestMappingHandlerMapping -Mapped "{[/manager/discountArea/list]}" onto public java.lang.String com.ityb.qugou.base.controller.BaseController.list(javax.servlet.http.HttpServletRequest,org.springframework.ui.Model,java.util.Map<java.lang.String, java.lang.Object>) throws java.lang.Exception
2018-05-20 07:33:04.955 [main] INFO  o.s.w.s.m.m.a.RequestMappingHandlerMapping -Mapped "{[/manager/discountArea/save]}" onto public java.lang.String com.ityb.qugou.base.controller.BaseController.save(T) throws java.lang.Exception
2018-05-20 07:33:04.961 [main] INFO  o.s.w.s.m.m.a.RequestMappingHandlerMapping -Mapped "{[/manager/discountArea/list-data]}" onto public com.ityb.qugou.base.dto.LayuiDto<T> com.ityb.qugou.base.controller.BaseController.getListData() throws java.lang.Exception
2018-05-20 07:33:04.963 [main] INFO  o.s.w.s.m.m.a.RequestMappingHandlerMapping -Mapped "{[/manager/discountArea/saveDtoFile]}" onto public java.lang.String com.ityb.qugou.base.controller.BaseController.saveDtoAndFile(T,org.springframework.web.multipart.MultipartFile) throws java.lang.Exception
2018-05-20 07:33:04.969 [main] INFO  o.s.w.s.m.m.a.RequestMappingHandlerMapping -Mapped "{[/manager/discountArea/save-update]}" onto public java.lang.String com.ityb.qugou.base.controller.BaseController.saveUpdate(T) throws java.lang.Exception
2018-05-20 07:33:04.970 [main] INFO  o.s.w.s.m.m.a.RequestMappingHandlerMapping -Mapped "{[/manager/discountArea/deleteCycle]}" onto public java.lang.String com.ityb.qugou.base.controller.BaseController.deleteCycle(java.lang.String) throws java.lang.Exception
2018-05-20 07:33:04.972 [main] INFO  o.s.w.s.m.m.a.RequestMappingHandlerMapping -Mapped "{[/manager/discountArea/save-update-file]}" onto public java.lang.String com.ityb.qugou.base.controller.BaseController.saveUpdateDtoFile(T,org.springframework.web.multipart.MultipartFile) throws java.lang.Exception
2018-05-20 07:33:04.997 [main] INFO  o.s.w.s.m.m.a.RequestMappingHandlerMapping -Mapped "{[/manager/notice/add]}" onto public java.lang.String com.ityb.qugou.base.controller.BaseController.add(javax.servlet.http.HttpServletRequest,org.springframework.ui.Model,java.util.Map<java.lang.String, java.lang.Object>) throws java.lang.Exception
2018-05-20 07:33:05.013 [main] INFO  o.s.w.s.m.m.a.RequestMappingHandlerMapping -Mapped "{[/manager/notice/update]}" onto public java.lang.String com.ityb.qugou.base.controller.BaseController.update(javax.servlet.http.HttpServletRequest,org.springframework.ui.Model,T) throws java.lang.Exception
2018-05-20 07:33:05.019 [main] INFO  o.s.w.s.m.m.a.RequestMappingHandlerMapping -Mapped "{[/manager/notice/delete]}" onto public java.lang.String com.ityb.qugou.base.controller.BaseController.delete(java.lang.String) throws java.lang.Exception
2018-05-20 07:33:05.021 [main] INFO  o.s.w.s.m.m.a.RequestMappingHandlerMapping -Mapped "{[/manager/notice/list]}" onto public java.lang.String com.ityb.qugou.base.controller.BaseController.list(javax.servlet.http.HttpServletRequest,org.springframework.ui.Model,java.util.Map<java.lang.String, java.lang.Object>) throws java.lang.Exception
2018-05-20 07:33:05.024 [main] INFO  o.s.w.s.m.m.a.RequestMappingHandlerMapping -Mapped "{[/manager/notice/save]}" onto public java.lang.String com.ityb.qugou.base.controller.BaseController.save(T) throws java.lang.Exception
2018-05-20 07:33:05.027 [main] INFO  o.s.w.s.m.m.a.RequestMappingHandlerMapping -Mapped "{[/manager/notice/list-data]}" onto public com.ityb.qugou.base.dto.LayuiDto<T> com.ityb.qugou.base.controller.BaseController.getListData() throws java.lang.Exception
2018-05-20 07:33:05.030 [main] INFO  o.s.w.s.m.m.a.RequestMappingHandlerMapping -Mapped "{[/manager/notice/saveDtoFile]}" onto public java.lang.String com.ityb.qugou.base.controller.BaseController.saveDtoAndFile(T,org.springframework.web.multipart.MultipartFile) throws java.lang.Exception
2018-05-20 07:33:05.032 [main] INFO  o.s.w.s.m.m.a.RequestMappingHandlerMapping -Mapped "{[/manager/notice/save-update]}" onto public java.lang.String com.ityb.qugou.base.controller.BaseController.saveUpdate(T) throws java.lang.Exception
2018-05-20 07:33:05.034 [main] INFO  o.s.w.s.m.m.a.RequestMappingHandlerMapping -Mapped "{[/manager/notice/deleteCycle]}" onto public java.lang.String com.ityb.qugou.base.controller.BaseController.deleteCycle(java.lang.String) throws java.lang.Exception
2018-05-20 07:33:05.035 [main] INFO  o.s.w.s.m.m.a.RequestMappingHandlerMapping -Mapped "{[/manager/notice/save-update-file]}" onto public java.lang.String com.ityb.qugou.base.controller.BaseController.saveUpdateDtoFile(T,org.springframework.web.multipart.MultipartFile) throws java.lang.Exception
2018-05-20 07:33:05.062 [main] INFO  o.s.w.s.m.m.a.RequestMappingHandlerMapping -Mapped "{[/manager/category/show],methods=[GET || POST]}" onto public java.lang.String com.ityb.qugou.controller.content.ProductCategoryController.list(org.springframework.ui.Model)
2018-05-20 07:33:05.068 [main] INFO  o.s.w.s.m.m.a.RequestMappingHandlerMapping -Mapped "{[/manager/category/countProductCategory],methods=[GET || POST]}" onto public com.ityb.qugou.base.utils.JsonResult com.ityb.qugou.controller.content.ProductCategoryController.countProductCategory(java.lang.String,java.lang.Integer)
2018-05-20 07:33:05.070 [main] INFO  o.s.w.s.m.m.a.RequestMappingHandlerMapping -Mapped "{[/manager/category/add]}" onto public java.lang.String com.ityb.qugou.base.controller.BaseController.add(javax.servlet.http.HttpServletRequest,org.springframework.ui.Model,java.util.Map<java.lang.String, java.lang.Object>) throws java.lang.Exception
2018-05-20 07:33:05.073 [main] INFO  o.s.w.s.m.m.a.RequestMappingHandlerMapping -Mapped "{[/manager/category/update]}" onto public java.lang.String com.ityb.qugou.base.controller.BaseController.update(javax.servlet.http.HttpServletRequest,org.springframework.ui.Model,T) throws java.lang.Exception
2018-05-20 07:33:05.074 [main] INFO  o.s.w.s.m.m.a.RequestMappingHandlerMapping -Mapped "{[/manager/category/delete]}" onto public java.lang.String com.ityb.qugou.base.controller.BaseController.delete(java.lang.String) throws java.lang.Exception
2018-05-20 07:33:05.112 [main] INFO  o.s.w.s.m.m.a.RequestMappingHandlerMapping -Mapped "{[/manager/category/list]}" onto public java.lang.String com.ityb.qugou.base.controller.BaseController.list(javax.servlet.http.HttpServletRequest,org.springframework.ui.Model,java.util.Map<java.lang.String, java.lang.Object>) throws java.lang.Exception
2018-05-20 07:33:05.114 [main] INFO  o.s.w.s.m.m.a.RequestMappingHandlerMapping -Mapped "{[/manager/category/save]}" onto public java.lang.String com.ityb.qugou.base.controller.BaseController.save(T) throws java.lang.Exception
2018-05-20 07:33:05.118 [main] INFO  o.s.w.s.m.m.a.RequestMappingHandlerMapping -Mapped "{[/manager/category/list-data]}" onto public com.ityb.qugou.base.dto.LayuiDto<T> com.ityb.qugou.base.controller.BaseController.getListData() throws java.lang.Exception
2018-05-20 07:33:05.119 [main] INFO  o.s.w.s.m.m.a.RequestMappingHandlerMapping -Mapped "{[/manager/category/saveDtoFile]}" onto public java.lang.String com.ityb.qugou.base.controller.BaseController.saveDtoAndFile(T,org.springframework.web.multipart.MultipartFile) throws java.lang.Exception
2018-05-20 07:33:05.121 [main] INFO  o.s.w.s.m.m.a.RequestMappingHandlerMapping -Mapped "{[/manager/category/save-update]}" onto public java.lang.String com.ityb.qugou.base.controller.BaseController.saveUpdate(T) throws java.lang.Exception
2018-05-20 07:33:05.122 [main] INFO  o.s.w.s.m.m.a.RequestMappingHandlerMapping -Mapped "{[/manager/category/deleteCycle]}" onto public java.lang.String com.ityb.qugou.base.controller.BaseController.deleteCycle(java.lang.String) throws java.lang.Exception
2018-05-20 07:33:05.124 [main] INFO  o.s.w.s.m.m.a.RequestMappingHandlerMapping -Mapped "{[/manager/category/save-update-file]}" onto public java.lang.String com.ityb.qugou.base.controller.BaseController.saveUpdateDtoFile(T,org.springframework.web.multipart.MultipartFile) throws java.lang.Exception
2018-05-20 07:33:05.157 [main] INFO  o.s.w.s.m.m.a.RequestMappingHandlerMapping -Mapped "{[/manager/searchKeyword/add]}" onto public java.lang.String com.ityb.qugou.base.controller.BaseController.add(javax.servlet.http.HttpServletRequest,org.springframework.ui.Model,java.util.Map<java.lang.String, java.lang.Object>) throws java.lang.Exception
2018-05-20 07:33:05.230 [main] INFO  o.s.w.s.m.m.a.RequestMappingHandlerMapping -Mapped "{[/manager/searchKeyword/update]}" onto public java.lang.String com.ityb.qugou.base.controller.BaseController.update(javax.servlet.http.HttpServletRequest,org.springframework.ui.Model,T) throws java.lang.Exception
2018-05-20 07:33:05.236 [main] INFO  o.s.w.s.m.m.a.RequestMappingHandlerMapping -Mapped "{[/manager/searchKeyword/delete]}" onto public java.lang.String com.ityb.qugou.base.controller.BaseController.delete(java.lang.String) throws java.lang.Exception
2018-05-20 07:33:05.237 [main] INFO  o.s.w.s.m.m.a.RequestMappingHandlerMapping -Mapped "{[/manager/searchKeyword/list]}" onto public java.lang.String com.ityb.qugou.base.controller.BaseController.list(javax.servlet.http.HttpServletRequest,org.springframework.ui.Model,java.util.Map<java.lang.String, java.lang.Object>) throws java.lang.Exception
2018-05-20 07:33:05.242 [main] INFO  o.s.w.s.m.m.a.RequestMappingHandlerMapping -Mapped "{[/manager/searchKeyword/save]}" onto public java.lang.String com.ityb.qugou.base.controller.BaseController.save(T) throws java.lang.Exception
2018-05-20 07:33:05.243 [main] INFO  o.s.w.s.m.m.a.RequestMappingHandlerMapping -Mapped "{[/manager/searchKeyword/list-data]}" onto public com.ityb.qugou.base.dto.LayuiDto<T> com.ityb.qugou.base.controller.BaseController.getListData() throws java.lang.Exception
2018-05-20 07:33:05.245 [main] INFO  o.s.w.s.m.m.a.RequestMappingHandlerMapping -Mapped "{[/manager/searchKeyword/saveDtoFile]}" onto public java.lang.String com.ityb.qugou.base.controller.BaseController.saveDtoAndFile(T,org.springframework.web.multipart.MultipartFile) throws java.lang.Exception
2018-05-20 07:33:05.246 [main] INFO  o.s.w.s.m.m.a.RequestMappingHandlerMapping -Mapped "{[/manager/searchKeyword/save-update]}" onto public java.lang.String com.ityb.qugou.base.controller.BaseController.saveUpdate(T) throws java.lang.Exception
2018-05-20 07:33:05.247 [main] INFO  o.s.w.s.m.m.a.RequestMappingHandlerMapping -Mapped "{[/manager/searchKeyword/deleteCycle]}" onto public java.lang.String com.ityb.qugou.base.controller.BaseController.deleteCycle(java.lang.String) throws java.lang.Exception
2018-05-20 07:33:05.249 [main] INFO  o.s.w.s.m.m.a.RequestMappingHandlerMapping -Mapped "{[/manager/searchKeyword/save-update-file]}" onto public java.lang.String com.ityb.qugou.base.controller.BaseController.saveUpdateDtoFile(T,org.springframework.web.multipart.MultipartFile) throws java.lang.Exception
2018-05-20 07:33:05.272 [main] INFO  o.s.w.s.m.m.a.RequestMappingHandlerMapping -Mapped "{[/manager/slideshow/upload],methods=[POST || GET]}" onto public com.ityb.qugou.bo.common.UploadResultBean com.ityb.qugou.controller.content.SlideshowController.upload(javax.servlet.http.HttpServletRequest)
2018-05-20 07:33:05.277 [main] INFO  o.s.w.s.m.m.a.RequestMappingHandlerMapping -Mapped "{[/manager/slideshow/add]}" onto public java.lang.String com.ityb.qugou.base.controller.BaseController.add(javax.servlet.http.HttpServletRequest,org.springframework.ui.Model,java.util.Map<java.lang.String, java.lang.Object>) throws java.lang.Exception
2018-05-20 07:33:05.283 [main] INFO  o.s.w.s.m.m.a.RequestMappingHandlerMapping -Mapped "{[/manager/slideshow/update]}" onto public java.lang.String com.ityb.qugou.base.controller.BaseController.update(javax.servlet.http.HttpServletRequest,org.springframework.ui.Model,T) throws java.lang.Exception
2018-05-20 07:33:05.284 [main] INFO  o.s.w.s.m.m.a.RequestMappingHandlerMapping -Mapped "{[/manager/slideshow/delete]}" onto public java.lang.String com.ityb.qugou.base.controller.BaseController.delete(java.lang.String) throws java.lang.Exception
2018-05-20 07:33:05.286 [main] INFO  o.s.w.s.m.m.a.RequestMappingHandlerMapping -Mapped "{[/manager/slideshow/list]}" onto public java.lang.String com.ityb.qugou.base.controller.BaseController.list(javax.servlet.http.HttpServletRequest,org.springframework.ui.Model,java.util.Map<java.lang.String, java.lang.Object>) throws java.lang.Exception
2018-05-20 07:33:05.288 [main] INFO  o.s.w.s.m.m.a.RequestMappingHandlerMapping -Mapped "{[/manager/slideshow/save]}" onto public java.lang.String com.ityb.qugou.base.controller.BaseController.save(T) throws java.lang.Exception
2018-05-20 07:33:05.292 [main] INFO  o.s.w.s.m.m.a.RequestMappingHandlerMapping -Mapped "{[/manager/slideshow/list-data]}" onto public com.ityb.qugou.base.dto.LayuiDto<T> com.ityb.qugou.base.controller.BaseController.getListData() throws java.lang.Exception
2018-05-20 07:33:05.293 [main] INFO  o.s.w.s.m.m.a.RequestMappingHandlerMapping -Mapped "{[/manager/slideshow/saveDtoFile]}" onto public java.lang.String com.ityb.qugou.base.controller.BaseController.saveDtoAndFile(T,org.springframework.web.multipart.MultipartFile) throws java.lang.Exception
2018-05-20 07:33:05.298 [main] INFO  o.s.w.s.m.m.a.RequestMappingHandlerMapping -Mapped "{[/manager/slideshow/save-update]}" onto public java.lang.String com.ityb.qugou.base.controller.BaseController.saveUpdate(T) throws java.lang.Exception
2018-05-20 07:33:05.300 [main] INFO  o.s.w.s.m.m.a.RequestMappingHandlerMapping -Mapped "{[/manager/slideshow/deleteCycle]}" onto public java.lang.String com.ityb.qugou.base.controller.BaseController.deleteCycle(java.lang.String) throws java.lang.Exception
2018-05-20 07:33:05.302 [main] INFO  o.s.w.s.m.m.a.RequestMappingHandlerMapping -Mapped "{[/manager/slideshow/save-update-file]}" onto public java.lang.String com.ityb.qugou.base.controller.BaseController.saveUpdateDtoFile(T,org.springframework.web.multipart.MultipartFile) throws java.lang.Exception
2018-05-20 07:33:05.305 [main] INFO  o.s.w.s.m.m.a.RequestMappingHandlerMapping -Mapped "{[/manager/index]}" onto public java.lang.String com.ityb.qugou.controller.IndexConrtroller.index(org.springframework.ui.Model,javax.servlet.http.HttpServletRequest,javax.servlet.http.HttpServletResponse)
2018-05-20 07:33:05.306 [main] INFO  o.s.w.s.m.m.a.RequestMappingHandlerMapping -Mapped "{[/manager/welcome]}" onto public java.lang.String com.ityb.qugou.controller.IndexConrtroller.welcome(javax.servlet.http.HttpServletRequest)
2018-05-20 07:33:05.317 [main] INFO  o.s.w.s.m.m.a.RequestMappingHandlerMapping -Mapped "{[/manager/merchant/add]}" onto public java.lang.String com.ityb.qugou.base.controller.BaseController.add(javax.servlet.http.HttpServletRequest,org.springframework.ui.Model,java.util.Map<java.lang.String, java.lang.Object>) throws java.lang.Exception
2018-05-20 07:33:05.322 [main] INFO  o.s.w.s.m.m.a.RequestMappingHandlerMapping -Mapped "{[/manager/merchant/update]}" onto public java.lang.String com.ityb.qugou.base.controller.BaseController.update(javax.servlet.http.HttpServletRequest,org.springframework.ui.Model,T) throws java.lang.Exception
2018-05-20 07:33:05.323 [main] INFO  o.s.w.s.m.m.a.RequestMappingHandlerMapping -Mapped "{[/manager/merchant/delete]}" onto public java.lang.String com.ityb.qugou.base.controller.BaseController.delete(java.lang.String) throws java.lang.Exception
2018-05-20 07:33:05.325 [main] INFO  o.s.w.s.m.m.a.RequestMappingHandlerMapping -Mapped "{[/manager/merchant/list]}" onto public java.lang.String com.ityb.qugou.base.controller.BaseController.list(javax.servlet.http.HttpServletRequest,org.springframework.ui.Model,java.util.Map<java.lang.String, java.lang.Object>) throws java.lang.Exception
2018-05-20 07:33:05.327 [main] INFO  o.s.w.s.m.m.a.RequestMappingHandlerMapping -Mapped "{[/manager/merchant/save]}" onto public java.lang.String com.ityb.qugou.base.controller.BaseController.save(T) throws java.lang.Exception
2018-05-20 07:33:05.330 [main] INFO  o.s.w.s.m.m.a.RequestMappingHandlerMapping -Mapped "{[/manager/merchant/list-data]}" onto public com.ityb.qugou.base.dto.LayuiDto<T> com.ityb.qugou.base.controller.BaseController.getListData() throws java.lang.Exception
2018-05-20 07:33:05.332 [main] INFO  o.s.w.s.m.m.a.RequestMappingHandlerMapping -Mapped "{[/manager/merchant/saveDtoFile]}" onto public java.lang.String com.ityb.qugou.base.controller.BaseController.saveDtoAndFile(T,org.springframework.web.multipart.MultipartFile) throws java.lang.Exception
2018-05-20 07:33:05.334 [main] INFO  o.s.w.s.m.m.a.RequestMappingHandlerMapping -Mapped "{[/manager/merchant/save-update]}" onto public java.lang.String com.ityb.qugou.base.controller.BaseController.saveUpdate(T) throws java.lang.Exception
2018-05-20 07:33:05.335 [main] INFO  o.s.w.s.m.m.a.RequestMappingHandlerMapping -Mapped "{[/manager/merchant/deleteCycle]}" onto public java.lang.String com.ityb.qugou.base.controller.BaseController.deleteCycle(java.lang.String) throws java.lang.Exception
2018-05-20 07:33:05.338 [main] INFO  o.s.w.s.m.m.a.RequestMappingHandlerMapping -Mapped "{[/manager/merchant/save-update-file]}" onto public java.lang.String com.ityb.qugou.base.controller.BaseController.saveUpdateDtoFile(T,org.springframework.web.multipart.MultipartFile) throws java.lang.Exception
2018-05-20 07:33:05.393 [main] INFO  o.s.w.s.m.m.a.RequestMappingHandlerMapping -Mapped "{[/manager/shop/add]}" onto public java.lang.String com.ityb.qugou.base.controller.BaseController.add(javax.servlet.http.HttpServletRequest,org.springframework.ui.Model,java.util.Map<java.lang.String, java.lang.Object>) throws java.lang.Exception
2018-05-20 07:33:05.394 [main] INFO  o.s.w.s.m.m.a.RequestMappingHandlerMapping -Mapped "{[/manager/shop/update]}" onto public java.lang.String com.ityb.qugou.base.controller.BaseController.update(javax.servlet.http.HttpServletRequest,org.springframework.ui.Model,T) throws java.lang.Exception
2018-05-20 07:33:05.395 [main] INFO  o.s.w.s.m.m.a.RequestMappingHandlerMapping -Mapped "{[/manager/shop/delete]}" onto public java.lang.String com.ityb.qugou.base.controller.BaseController.delete(java.lang.String) throws java.lang.Exception
2018-05-20 07:33:05.397 [main] INFO  o.s.w.s.m.m.a.RequestMappingHandlerMapping -Mapped "{[/manager/shop/list]}" onto public java.lang.String com.ityb.qugou.base.controller.BaseController.list(javax.servlet.http.HttpServletRequest,org.springframework.ui.Model,java.util.Map<java.lang.String, java.lang.Object>) throws java.lang.Exception
2018-05-20 07:33:05.403 [main] INFO  o.s.w.s.m.m.a.RequestMappingHandlerMapping -Mapped "{[/manager/shop/save]}" onto public java.lang.String com.ityb.qugou.base.controller.BaseController.save(T) throws java.lang.Exception
2018-05-20 07:33:05.404 [main] INFO  o.s.w.s.m.m.a.RequestMappingHandlerMapping -Mapped "{[/manager/shop/list-data]}" onto public com.ityb.qugou.base.dto.LayuiDto<T> com.ityb.qugou.base.controller.BaseController.getListData() throws java.lang.Exception
2018-05-20 07:33:05.405 [main] INFO  o.s.w.s.m.m.a.RequestMappingHandlerMapping -Mapped "{[/manager/shop/saveDtoFile]}" onto public java.lang.String com.ityb.qugou.base.controller.BaseController.saveDtoAndFile(T,org.springframework.web.multipart.MultipartFile) throws java.lang.Exception
2018-05-20 07:33:05.407 [main] INFO  o.s.w.s.m.m.a.RequestMappingHandlerMapping -Mapped "{[/manager/shop/save-update]}" onto public java.lang.String com.ityb.qugou.base.controller.BaseController.saveUpdate(T) throws java.lang.Exception
2018-05-20 07:33:05.408 [main] INFO  o.s.w.s.m.m.a.RequestMappingHandlerMapping -Mapped "{[/manager/shop/deleteCycle]}" onto public java.lang.String com.ityb.qugou.base.controller.BaseController.deleteCycle(java.lang.String) throws java.lang.Exception
2018-05-20 07:33:05.410 [main] INFO  o.s.w.s.m.m.a.RequestMappingHandlerMapping -Mapped "{[/manager/shop/save-update-file]}" onto public java.lang.String com.ityb.qugou.base.controller.BaseController.saveUpdateDtoFile(T,org.springframework.web.multipart.MultipartFile) throws java.lang.Exception
2018-05-20 07:33:05.457 [main] INFO  o.s.w.s.m.m.a.RequestMappingHandlerMapping -Mapped "{[/manager/user/getMerchantInfo],methods=[GET || POST]}" onto public java.lang.String com.ityb.qugou.controller.info.UserController.getMerchantInfo(org.springframework.ui.Model,java.util.Map<java.lang.String, java.lang.Object>)
2018-05-20 07:33:05.462 [main] INFO  o.s.w.s.m.m.a.RequestMappingHandlerMapping -Mapped "{[/manager/user/add]}" onto public java.lang.String com.ityb.qugou.base.controller.BaseController.add(javax.servlet.http.HttpServletRequest,org.springframework.ui.Model,java.util.Map<java.lang.String, java.lang.Object>) throws java.lang.Exception
2018-05-20 07:33:05.464 [main] INFO  o.s.w.s.m.m.a.RequestMappingHandlerMapping -Mapped "{[/manager/user/update]}" onto public java.lang.String com.ityb.qugou.base.controller.BaseController.update(javax.servlet.http.HttpServletRequest,org.springframework.ui.Model,T) throws java.lang.Exception
2018-05-20 07:33:05.465 [main] INFO  o.s.w.s.m.m.a.RequestMappingHandlerMapping -Mapped "{[/manager/user/delete]}" onto public java.lang.String com.ityb.qugou.base.controller.BaseController.delete(java.lang.String) throws java.lang.Exception
2018-05-20 07:33:05.467 [main] INFO  o.s.w.s.m.m.a.RequestMappingHandlerMapping -Mapped "{[/manager/user/list]}" onto public java.lang.String com.ityb.qugou.base.controller.BaseController.list(javax.servlet.http.HttpServletRequest,org.springframework.ui.Model,java.util.Map<java.lang.String, java.lang.Object>) throws java.lang.Exception
2018-05-20 07:33:05.468 [main] INFO  o.s.w.s.m.m.a.RequestMappingHandlerMapping -Mapped "{[/manager/user/save]}" onto public java.lang.String com.ityb.qugou.base.controller.BaseController.save(T) throws java.lang.Exception
2018-05-20 07:33:05.470 [main] INFO  o.s.w.s.m.m.a.RequestMappingHandlerMapping -Mapped "{[/manager/user/list-data]}" onto public com.ityb.qugou.base.dto.LayuiDto<T> com.ityb.qugou.base.controller.BaseController.getListData() throws java.lang.Exception
2018-05-20 07:33:05.471 [main] INFO  o.s.w.s.m.m.a.RequestMappingHandlerMapping -Mapped "{[/manager/user/saveDtoFile]}" onto public java.lang.String com.ityb.qugou.base.controller.BaseController.saveDtoAndFile(T,org.springframework.web.multipart.MultipartFile) throws java.lang.Exception
2018-05-20 07:33:05.472 [main] INFO  o.s.w.s.m.m.a.RequestMappingHandlerMapping -Mapped "{[/manager/user/save-update]}" onto public java.lang.String com.ityb.qugou.base.controller.BaseController.saveUpdate(T) throws java.lang.Exception
2018-05-20 07:33:05.473 [main] INFO  o.s.w.s.m.m.a.RequestMappingHandlerMapping -Mapped "{[/manager/user/deleteCycle]}" onto public java.lang.String com.ityb.qugou.base.controller.BaseController.deleteCycle(java.lang.String) throws java.lang.Exception
2018-05-20 07:33:05.474 [main] INFO  o.s.w.s.m.m.a.RequestMappingHandlerMapping -Mapped "{[/manager/user/save-update-file]}" onto public java.lang.String com.ityb.qugou.base.controller.BaseController.saveUpdateDtoFile(T,org.springframework.web.multipart.MultipartFile) throws java.lang.Exception
2018-05-20 07:33:05.488 [main] INFO  o.s.w.s.m.m.a.RequestMappingHandlerMapping -Mapped "{[/manager/scheduledJob/execute],methods=[GET || POST]}" onto public com.ityb.qugou.base.message.JsonResultData<java.lang.String> com.ityb.qugou.controller.system.ScheduledJobController.execute(com.ityb.qugou.po.job.ScheduledJob)
2018-05-20 07:33:05.497 [main] INFO  o.s.w.s.m.m.a.RequestMappingHandlerMapping -Mapped "{[/manager/scheduledJob/add]}" onto public java.lang.String com.ityb.qugou.base.controller.BaseController.add(javax.servlet.http.HttpServletRequest,org.springframework.ui.Model,java.util.Map<java.lang.String, java.lang.Object>) throws java.lang.Exception
2018-05-20 07:33:05.500 [main] INFO  o.s.w.s.m.m.a.RequestMappingHandlerMapping -Mapped "{[/manager/scheduledJob/update]}" onto public java.lang.String com.ityb.qugou.base.controller.BaseController.update(javax.servlet.http.HttpServletRequest,org.springframework.ui.Model,T) throws java.lang.Exception
2018-05-20 07:33:05.501 [main] INFO  o.s.w.s.m.m.a.RequestMappingHandlerMapping -Mapped "{[/manager/scheduledJob/delete]}" onto public java.lang.String com.ityb.qugou.base.controller.BaseController.delete(java.lang.String) throws java.lang.Exception
2018-05-20 07:33:05.503 [main] INFO  o.s.w.s.m.m.a.RequestMappingHandlerMapping -Mapped "{[/manager/scheduledJob/list]}" onto public java.lang.String com.ityb.qugou.base.controller.BaseController.list(javax.servlet.http.HttpServletRequest,org.springframework.ui.Model,java.util.Map<java.lang.String, java.lang.Object>) throws java.lang.Exception
2018-05-20 07:33:05.504 [main] INFO  o.s.w.s.m.m.a.RequestMappingHandlerMapping -Mapped "{[/manager/scheduledJob/save]}" onto public java.lang.String com.ityb.qugou.base.controller.BaseController.save(T) throws java.lang.Exception
2018-05-20 07:33:05.509 [main] INFO  o.s.w.s.m.m.a.RequestMappingHandlerMapping -Mapped "{[/manager/scheduledJob/list-data]}" onto public com.ityb.qugou.base.dto.LayuiDto<T> com.ityb.qugou.base.controller.BaseController.getListData() throws java.lang.Exception
2018-05-20 07:33:05.511 [main] INFO  o.s.w.s.m.m.a.RequestMappingHandlerMapping -Mapped "{[/manager/scheduledJob/saveDtoFile]}" onto public java.lang.String com.ityb.qugou.base.controller.BaseController.saveDtoAndFile(T,org.springframework.web.multipart.MultipartFile) throws java.lang.Exception
2018-05-20 07:33:05.512 [main] INFO  o.s.w.s.m.m.a.RequestMappingHandlerMapping -Mapped "{[/manager/scheduledJob/save-update]}" onto public java.lang.String com.ityb.qugou.base.controller.BaseController.saveUpdate(T) throws java.lang.Exception
2018-05-20 07:33:05.513 [main] INFO  o.s.w.s.m.m.a.RequestMappingHandlerMapping -Mapped "{[/manager/scheduledJob/deleteCycle]}" onto public java.lang.String com.ityb.qugou.base.controller.BaseController.deleteCycle(java.lang.String) throws java.lang.Exception
2018-05-20 07:33:05.515 [main] INFO  o.s.w.s.m.m.a.RequestMappingHandlerMapping -Mapped "{[/manager/scheduledJob/save-update-file]}" onto public java.lang.String com.ityb.qugou.base.controller.BaseController.saveUpdateDtoFile(T,org.springframework.web.multipart.MultipartFile) throws java.lang.Exception
2018-05-20 07:33:05.518 [main] INFO  o.s.w.s.m.m.a.RequestMappingHandlerMapping -Mapped "{[/manager/searchIndex/import],methods=[GET || POST]}" onto public com.ityb.qugou.base.message.JsonResultData<java.lang.Boolean> com.ityb.qugou.controller.system.SearchIndexController.importIndex()
2018-05-20 07:33:05.519 [main] INFO  o.s.w.s.m.m.a.RequestMappingHandlerMapping -Mapped "{[/manager/searchIndex/index],methods=[GET || POST]}" onto public java.lang.String com.ityb.qugou.controller.system.SearchIndexController.searchIndex()
2018-05-20 07:33:05.600 [main] INFO  o.s.w.s.m.m.a.RequestMappingHandlerMapping -Mapped "{[/error]}" onto public org.springframework.http.ResponseEntity<java.util.Map<java.lang.String, java.lang.Object>> org.springframework.boot.autoconfigure.web.BasicErrorController.error(javax.servlet.http.HttpServletRequest)
2018-05-20 07:33:05.602 [main] INFO  o.s.w.s.m.m.a.RequestMappingHandlerMapping -Mapped "{[/error],produces=[text/html]}" onto public org.springframework.web.servlet.ModelAndView org.springframework.boot.autoconfigure.web.BasicErrorController.errorHtml(javax.servlet.http.HttpServletRequest,javax.servlet.http.HttpServletResponse)
2018-05-20 07:33:06.251 [main] INFO  o.s.w.s.h.SimpleUrlHandlerMapping -Mapped URL path [/webjars/**] onto handler of type [class org.springframework.web.servlet.resource.ResourceHttpRequestHandler]
2018-05-20 07:33:06.252 [main] INFO  o.s.w.s.h.SimpleUrlHandlerMapping -Mapped URL path [/**] onto handler of type [class org.springframework.web.servlet.resource.ResourceHttpRequestHandler]
2018-05-20 07:33:06.860 [main] INFO  o.s.w.s.h.SimpleUrlHandlerMapping -Mapped URL path [/**/favicon.ico] onto handler of type [class org.springframework.web.servlet.resource.ResourceHttpRequestHandler]
2018-05-20 07:33:18.554 [main] INFO  o.s.u.f.SpringTemplateLoader -SpringTemplateLoader for FreeMarker: using resource loader [org.springframework.boot.context.embedded.AnnotationConfigEmbeddedWebApplicationContext@6b3871d6: startup date [Sun May 20 07:30:35 CST 2018]; parent: org.springframework.context.annotation.AnnotationConfigApplicationContext@7efaad5a] and template loader path [classpath:/templates/]
2018-05-20 07:33:18.561 [main] INFO  o.s.w.s.v.f.FreeMarkerConfigurer -ClassTemplateLoader for Spring macros added to FreeMarker configuration
2018-05-20 07:33:23.815 [main] WARN  c.n.c.sources.URLConfigurationSource -No URLs will be polled as dynamic configuration sources.
2018-05-20 07:33:23.816 [main] INFO  c.n.c.sources.URLConfigurationSource -To enable URLs as dynamic configuration sources, define System property archaius.configurationSource.additionalUrls or make config.properties available on classpath.
2018-05-20 07:33:23.855 [main] WARN  c.n.c.sources.URLConfigurationSource -No URLs will be polled as dynamic configuration sources.
2018-05-20 07:33:23.856 [main] INFO  c.n.c.sources.URLConfigurationSource -To enable URLs as dynamic configuration sources, define System property archaius.configurationSource.additionalUrls or make config.properties available on classpath.
2018-05-20 07:33:28.538 [main] INFO  o.s.j.e.a.AnnotationMBeanExporter -Registering beans for JMX exposure on startup
2018-05-20 07:33:28.608 [main] INFO  o.s.j.e.a.AnnotationMBeanExporter -Bean with name 'environmentManager' has been autodetected for JMX exposure
2018-05-20 07:33:28.628 [main] INFO  o.s.j.e.a.AnnotationMBeanExporter -Bean with name 'configurationPropertiesRebinder' has been autodetected for JMX exposure
2018-05-20 07:33:28.636 [main] INFO  o.s.j.e.a.AnnotationMBeanExporter -Bean with name 'refreshScope' has been autodetected for JMX exposure
2018-05-20 07:33:28.653 [main] INFO  o.s.j.e.a.AnnotationMBeanExporter -Located managed bean 'environmentManager': registering with JMX server as MBean [org.springframework.cloud.context.environment:name=environmentManager,type=EnvironmentManager]
2018-05-20 07:33:30.205 [main] INFO  o.s.j.e.a.AnnotationMBeanExporter -Located managed bean 'refreshScope': registering with JMX server as MBean [org.springframework.cloud.context.scope.refresh:name=refreshScope,type=RefreshScope]
2018-05-20 07:33:30.342 [main] INFO  o.s.j.e.a.AnnotationMBeanExporter -Located managed bean 'configurationPropertiesRebinder': registering with JMX server as MBean [org.springframework.cloud.context.properties:name=configurationPropertiesRebinder,context=6b3871d6,type=ConfigurationPropertiesRebinder]
2018-05-20 07:33:34.696 [main] INFO  o.s.c.s.DefaultLifecycleProcessor -Starting beans in phase 0
2018-05-20 07:33:34.758 [main] INFO  o.s.c.n.eureka.InstanceInfoFactory -Setting initial instance status as: STARTING
2018-05-20 07:33:35.534 [main] INFO  c.netflix.discovery.DiscoveryClient -Initializing Eureka in region us-east-1
2018-05-20 07:33:39.057 [main] INFO  c.n.d.p.DiscoveryJerseyProvider -Using JSON encoding codec LegacyJacksonJson
2018-05-20 07:33:39.058 [main] INFO  c.n.d.p.DiscoveryJerseyProvider -Using JSON decoding codec LegacyJacksonJson
2018-05-20 07:33:40.127 [main] INFO  c.n.d.p.DiscoveryJerseyProvider -Using XML encoding codec XStreamXml
2018-05-20 07:33:40.128 [main] INFO  c.n.d.p.DiscoveryJerseyProvider -Using XML decoding codec XStreamXml
2018-05-20 07:33:49.329 [main] INFO  c.n.d.s.r.aws.ConfigClusterResolver -Resolving eureka endpoints via configuration
2018-05-20 07:33:59.707 [main] INFO  c.netflix.discovery.DiscoveryClient -Disable delta property : false
2018-05-20 07:33:59.712 [main] INFO  c.netflix.discovery.DiscoveryClient -Single vip registry refresh property : null
2018-05-20 07:33:59.717 [main] INFO  c.netflix.discovery.DiscoveryClient -Force full registry fetch : false
2018-05-20 07:33:59.721 [main] INFO  c.netflix.discovery.DiscoveryClient -Application is null : false
2018-05-20 07:33:59.726 [main] INFO  c.netflix.discovery.DiscoveryClient -Registered Applications size is zero : true
2018-05-20 07:33:59.860 [main] INFO  c.netflix.discovery.DiscoveryClient -Application version is -1: true
2018-05-20 07:33:59.861 [main] INFO  c.netflix.discovery.DiscoveryClient -Getting all instance registry info from the eureka server
2018-05-20 07:34:02.675 [main] INFO  c.netflix.discovery.DiscoveryClient -The response status is 200
2018-05-20 07:34:02.683 [main] INFO  c.netflix.discovery.DiscoveryClient -Starting heartbeat executor: renew interval is: 30
2018-05-20 07:34:02.699 [main] INFO  c.n.discovery.InstanceInfoReplicator -InstanceInfoReplicator onDemand update allowed rate per min is 4
2018-05-20 07:34:02.727 [main] INFO  c.netflix.discovery.DiscoveryClient -Discovery Client initialized at timestamp 1526772842726 with initial instances count: 1
2018-05-20 07:34:03.327 [main] INFO  o.s.c.n.e.s.EurekaServiceRegistry -Registering application manager-service with eureka with status UP
2018-05-20 07:34:03.395 [main] INFO  c.netflix.discovery.DiscoveryClient -Saw local status change event StatusChangeEvent [timestamp=1526772843389, current=UP, previous=STARTING]
2018-05-20 07:34:05.100 [DiscoveryClient-InstanceInfoReplicator-0] INFO  c.netflix.discovery.DiscoveryClient -DiscoveryClient_MANAGER-SERVICE/PC-20160510GKPU:manager-service:8001: registering service...
2018-05-20 07:34:05.209 [main] INFO  o.s.b.c.e.t.TomcatEmbeddedServletContainer -Tomcat started on port(s): 8001 (http)
2018-05-20 07:34:05.299 [main] INFO  o.s.c.n.e.s.EurekaAutoServiceRegistration -Updating port to 8001
2018-05-20 07:34:05.322 [main] INFO  com.ityb.qugou.ManagerApplication -Started ManagerApplication in 263.425 seconds (JVM running for 275.298)
2018-05-20 07:34:05.708 [DiscoveryClient-InstanceInfoReplicator-0] INFO  c.netflix.discovery.DiscoveryClient -DiscoveryClient_MANAGER-SERVICE/PC-20160510GKPU:manager-service:8001 - registration status: 204
2018-05-20 07:38:59.881 [AsyncResolver-bootstrap-executor-0] INFO  c.n.d.s.r.aws.ConfigClusterResolver -Resolving eureka endpoints via configuration
2018-05-20 07:43:59.963 [AsyncResolver-bootstrap-executor-0] INFO  c.n.d.s.r.aws.ConfigClusterResolver -Resolving eureka endpoints via configuration
2018-05-20 07:49:00.632 [AsyncResolver-bootstrap-executor-0] INFO  c.n.d.s.r.aws.ConfigClusterResolver -Resolving eureka endpoints via configuration
2018-05-20 07:54:00.647 [AsyncResolver-bootstrap-executor-0] INFO  c.n.d.s.r.aws.ConfigClusterResolver -Resolving eureka endpoints via configuration
2018-05-20 07:59:00.663 [AsyncResolver-bootstrap-executor-0] INFO  c.n.d.s.r.aws.ConfigClusterResolver -Resolving eureka endpoints via configuration
2018-05-20 08:04:00.682 [AsyncResolver-bootstrap-executor-0] INFO  c.n.d.s.r.aws.ConfigClusterResolver -Resolving eureka endpoints via configuration
2018-05-20 08:09:00.698 [AsyncResolver-bootstrap-executor-0] INFO  c.n.d.s.r.aws.ConfigClusterResolver -Resolving eureka endpoints via configuration
2018-05-20 08:14:00.712 [AsyncResolver-bootstrap-executor-0] INFO  c.n.d.s.r.aws.ConfigClusterResolver -Resolving eureka endpoints via configuration
2018-05-20 08:19:00.726 [AsyncResolver-bootstrap-executor-0] INFO  c.n.d.s.r.aws.ConfigClusterResolver -Resolving eureka endpoints via configuration
2018-05-20 08:24:00.739 [AsyncResolver-bootstrap-executor-0] INFO  c.n.d.s.r.aws.ConfigClusterResolver -Resolving eureka endpoints via configuration
2018-05-20 08:29:00.755 [AsyncResolver-bootstrap-executor-0] INFO  c.n.d.s.r.aws.ConfigClusterResolver -Resolving eureka endpoints via configuration
2018-05-20 08:34:00.770 [AsyncResolver-bootstrap-executor-0] INFO  c.n.d.s.r.aws.ConfigClusterResolver -Resolving eureka endpoints via configuration
2018-05-20 08:35:17.205 [http-nio-8001-exec-1] INFO  o.a.tomcat.util.http.parser.Cookie -A cookie header was received [1526226581,1526342682,1526746222; customer_primary_id_key=522c4b99667e41df87093d8946f47a1c; customer_city_key=%E5%93%88%E5%B0%94%E6%BB%A8%E5%B8%82; customer_address_key=%E9%BB%91%E9%BE%99%E6%B1%9F%E7%9C%81%E5%93%88%E5%B0%94%E6%BB%A8%E5%B8%82; customer_address_point_x_key=14099625.96; customer_address_point_y_key=5713172.75; shop_session_id=fdf896d4e351443188aa45f535f8dc9f; merchant_seesion_id=ed17448669464a259d004d94687f047c; admin_session_id=33f3122c9a344896bce19a5bba22a01a] that contained an invalid cookie. That cookie will be ignored.Note: further occurrences of this error will be logged at DEBUG level.
2018-05-20 08:35:17.343 [http-nio-8001-exec-1] INFO  o.a.c.c.C.[Tomcat].[localhost].[/] -Initializing Spring FrameworkServlet 'dispatcherServlet'
2018-05-20 08:35:17.346 [http-nio-8001-exec-1] INFO  o.s.web.servlet.DispatcherServlet -FrameworkServlet 'dispatcherServlet': initialization started
2018-05-20 08:35:17.785 [http-nio-8001-exec-1] INFO  o.s.web.servlet.DispatcherServlet -FrameworkServlet 'dispatcherServlet': initialization completed in 437 ms
2018-05-20 08:35:33.456 [http-nio-8001-exec-1] DEBUG c.i.q.base.mapper.BaseMapper.find -==>  Executing: select id as id,isvalid as isvalid,ctime as ctime,mtime as mtime,dtime as dtime,creater as creater,updater as updater,deleter as deleter,link_url as linkUrl,pic_url as picUrl,sort_num as sortNum,remark as remark from t_p_slideshow slideshow where slideshow.isvalid=1 order by slideshow.sort_num asc,slideshow.ctime asc,slideshow.mtime asc 
2018-05-20 08:35:33.574 [http-nio-8001-exec-1] DEBUG c.i.q.base.mapper.BaseMapper.find -<==      Total: 6
2018-05-20 08:35:33.590 [http-nio-8001-exec-1] DEBUG c.i.q.base.mapper.BaseMapper.count -==>  Executing: select count(*) from t_p_slideshow slideshow where slideshow.isvalid=1 
2018-05-20 08:35:33.602 [http-nio-8001-exec-1] DEBUG c.i.q.base.mapper.BaseMapper.count -<==      Total: 1
2018-05-20 08:35:36.956 [http-nio-8001-exec-2] DEBUG c.i.q.base.mapper.BaseMapper.find -==>  Executing: select id as id,isvalid as isvalid,ctime as ctime,mtime as mtime,dtime as dtime,creater as creater,updater as updater,deleter as deleter,content as content,link_url as linkUrl,is_index_show as isIndexShow from t_p_notice notice where notice.isvalid=1 order by notice.ctime asc,notice.mtime asc 
2018-05-20 08:35:36.982 [http-nio-8001-exec-2] DEBUG c.i.q.base.mapper.BaseMapper.find -<==      Total: 9
2018-05-20 08:35:36.988 [http-nio-8001-exec-2] DEBUG c.i.q.base.mapper.BaseMapper.count -==>  Executing: select count(*) from t_p_notice notice where notice.isvalid=1 
2018-05-20 08:35:36.992 [http-nio-8001-exec-2] DEBUG c.i.q.base.mapper.BaseMapper.count -<==      Total: 1
2018-05-20 08:35:39.848 [http-nio-8001-exec-7] DEBUG c.i.q.base.mapper.BaseMapper.find -==>  Executing: select id as id,isvalid as isvalid,ctime as ctime,mtime as mtime,dtime as dtime,creater as creater,updater as updater,deleter as deleter,name as name,sort_num as sortNum from t_p_search_keyword searchkeyword where searchkeyword.isvalid=1 order by searchkeyword.ctime asc,searchkeyword.mtime asc 
2018-05-20 08:35:39.873 [http-nio-8001-exec-7] DEBUG c.i.q.base.mapper.BaseMapper.find -<==      Total: 10
2018-05-20 08:35:39.891 [http-nio-8001-exec-7] DEBUG c.i.q.base.mapper.BaseMapper.count -==>  Executing: select count(*) from t_p_search_keyword searchkeyword where searchkeyword.isvalid=1 
2018-05-20 08:35:39.903 [http-nio-8001-exec-7] DEBUG c.i.q.base.mapper.BaseMapper.count -<==      Total: 1
2018-05-20 08:35:42.020 [http-nio-8001-exec-10] DEBUG c.i.q.base.mapper.BaseMapper.find -==>  Executing: select productcategory.id as id,productcategory.parent_id as pid,productcategory.name as name from t_p_sys_product_category productcategory where productcategory.type = 1 and productcategory.isvalid=1 
2018-05-20 08:35:42.084 [http-nio-8001-exec-10] DEBUG c.i.q.base.mapper.BaseMapper.find -<==      Total: 157
2018-05-20 08:35:44.514 [http-nio-8001-exec-3] DEBUG c.i.q.base.mapper.BaseMapper.find -==>  Executing: select discountArea.id as id,discountArea.parent_id as parentId,discountArea.name as name,discountArea.show_pic as showPic,discountArea.link_url as linkUrl from t_p_discount_area discountarea left join t_p_discount_area discountAreaParent on discountarea.parent_id=discountAreaParent.id and discountAreaParent.isvalid=1 where discountarea.isvalid=1 
2018-05-20 08:35:44.525 [http-nio-8001-exec-3] DEBUG c.i.q.base.mapper.BaseMapper.find -<==      Total: 16
2018-05-20 08:35:46.988 [http-nio-8001-exec-1] DEBUG c.i.q.base.mapper.BaseMapper.execSQL -==>  Executing: SELECT id AS id, name AS name, parent_id AS parentId, short_name AS shortName, LEVEL AS level FROM t_sys_area WHERE LEVEL = 1 OR LEVEL = 2 
2018-05-20 08:35:47.500 [http-nio-8001-exec-1] DEBUG c.i.q.base.mapper.BaseMapper.execSQL -<==      Total: 424
2018-05-20 08:39:00.783 [AsyncResolver-bootstrap-executor-0] INFO  c.n.d.s.r.aws.ConfigClusterResolver -Resolving eureka endpoints via configuration
2018-05-20 08:44:00.796 [AsyncResolver-bootstrap-executor-0] INFO  c.n.d.s.r.aws.ConfigClusterResolver -Resolving eureka endpoints via configuration
2018-05-20 08:49:00.809 [AsyncResolver-bootstrap-executor-0] INFO  c.n.d.s.r.aws.ConfigClusterResolver -Resolving eureka endpoints via configuration
2018-05-20 08:54:00.823 [AsyncResolver-bootstrap-executor-0] INFO  c.n.d.s.r.aws.ConfigClusterResolver -Resolving eureka endpoints via configuration
2018-05-20 08:59:00.837 [AsyncResolver-bootstrap-executor-0] INFO  c.n.d.s.r.aws.ConfigClusterResolver -Resolving eureka endpoints via configuration
2018-05-20 09:04:00.851 [AsyncResolver-bootstrap-executor-0] INFO  c.n.d.s.r.aws.ConfigClusterResolver -Resolving eureka endpoints via configuration
2018-05-20 09:09:00.867 [AsyncResolver-bootstrap-executor-0] INFO  c.n.d.s.r.aws.ConfigClusterResolver -Resolving eureka endpoints via configuration
2018-05-20 09:14:00.881 [AsyncResolver-bootstrap-executor-0] INFO  c.n.d.s.r.aws.ConfigClusterResolver -Resolving eureka endpoints via configuration
2018-05-20 09:19:00.895 [AsyncResolver-bootstrap-executor-0] INFO  c.n.d.s.r.aws.ConfigClusterResolver -Resolving eureka endpoints via configuration
2018-05-20 09:24:00.908 [AsyncResolver-bootstrap-executor-0] INFO  c.n.d.s.r.aws.ConfigClusterResolver -Resolving eureka endpoints via configuration
2018-05-20 09:29:00.924 [AsyncResolver-bootstrap-executor-0] INFO  c.n.d.s.r.aws.ConfigClusterResolver -Resolving eureka endpoints via configuration
2018-05-20 09:34:00.943 [AsyncResolver-bootstrap-executor-0] INFO  c.n.d.s.r.aws.ConfigClusterResolver -Resolving eureka endpoints via configuration
2018-05-20 09:39:00.957 [AsyncResolver-bootstrap-executor-0] INFO  c.n.d.s.r.aws.ConfigClusterResolver -Resolving eureka endpoints via configuration
2018-05-20 09:44:00.972 [AsyncResolver-bootstrap-executor-0] INFO  c.n.d.s.r.aws.ConfigClusterResolver -Resolving eureka endpoints via configuration
2018-05-20 09:49:00.985 [AsyncResolver-bootstrap-executor-0] INFO  c.n.d.s.r.aws.ConfigClusterResolver -Resolving eureka endpoints via configuration
2018-05-20 09:54:01.001 [AsyncResolver-bootstrap-executor-0] INFO  c.n.d.s.r.aws.ConfigClusterResolver -Resolving eureka endpoints via configuration
2018-05-20 09:59:01.018 [AsyncResolver-bootstrap-executor-0] INFO  c.n.d.s.r.aws.ConfigClusterResolver -Resolving eureka endpoints via configuration
2018-05-20 10:04:01.034 [AsyncResolver-bootstrap-executor-0] INFO  c.n.d.s.r.aws.ConfigClusterResolver -Resolving eureka endpoints via configuration
2018-05-20 10:09:01.047 [AsyncResolver-bootstrap-executor-0] INFO  c.n.d.s.r.aws.ConfigClusterResolver -Resolving eureka endpoints via configuration
2018-05-20 10:14:01.064 [AsyncResolver-bootstrap-executor-0] INFO  c.n.d.s.r.aws.ConfigClusterResolver -Resolving eureka endpoints via configuration
2018-05-20 10:19:01.081 [AsyncResolver-bootstrap-executor-0] INFO  c.n.d.s.r.aws.ConfigClusterResolver -Resolving eureka endpoints via configuration
2018-05-20 10:24:01.096 [AsyncResolver-bootstrap-executor-0] INFO  c.n.d.s.r.aws.ConfigClusterResolver -Resolving eureka endpoints via configuration
2018-05-20 10:29:01.110 [AsyncResolver-bootstrap-executor-0] INFO  c.n.d.s.r.aws.ConfigClusterResolver -Resolving eureka endpoints via configuration
2018-05-20 10:34:01.124 [AsyncResolver-bootstrap-executor-0] INFO  c.n.d.s.r.aws.ConfigClusterResolver -Resolving eureka endpoints via configuration
2018-05-20 10:39:01.143 [AsyncResolver-bootstrap-executor-0] INFO  c.n.d.s.r.aws.ConfigClusterResolver -Resolving eureka endpoints via configuration
2018-05-20 10:44:01.157 [AsyncResolver-bootstrap-executor-0] INFO  c.n.d.s.r.aws.ConfigClusterResolver -Resolving eureka endpoints via configuration
2018-05-20 10:49:01.170 [AsyncResolver-bootstrap-executor-0] INFO  c.n.d.s.r.aws.ConfigClusterResolver -Resolving eureka endpoints via configuration
2018-05-20 10:54:01.185 [AsyncResolver-bootstrap-executor-0] INFO  c.n.d.s.r.aws.ConfigClusterResolver -Resolving eureka endpoints via configuration
2018-05-20 10:59:01.203 [AsyncResolver-bootstrap-executor-0] INFO  c.n.d.s.r.aws.ConfigClusterResolver -Resolving eureka endpoints via configuration
2018-05-20 11:04:01.219 [AsyncResolver-bootstrap-executor-0] INFO  c.n.d.s.r.aws.ConfigClusterResolver -Resolving eureka endpoints via configuration
2018-05-20 11:09:01.233 [AsyncResolver-bootstrap-executor-0] INFO  c.n.d.s.r.aws.ConfigClusterResolver -Resolving eureka endpoints via configuration
2018-05-20 11:14:01.248 [AsyncResolver-bootstrap-executor-0] INFO  c.n.d.s.r.aws.ConfigClusterResolver -Resolving eureka endpoints via configuration
2018-05-20 11:19:01.260 [AsyncResolver-bootstrap-executor-0] INFO  c.n.d.s.r.aws.ConfigClusterResolver -Resolving eureka endpoints via configuration
2018-05-20 11:24:01.275 [AsyncResolver-bootstrap-executor-0] INFO  c.n.d.s.r.aws.ConfigClusterResolver -Resolving eureka endpoints via configuration
2018-05-20 11:29:01.290 [AsyncResolver-bootstrap-executor-0] INFO  c.n.d.s.r.aws.ConfigClusterResolver -Resolving eureka endpoints via configuration
2018-05-20 11:34:01.303 [AsyncResolver-bootstrap-executor-0] INFO  c.n.d.s.r.aws.ConfigClusterResolver -Resolving eureka endpoints via configuration
2018-05-20 11:39:01.316 [AsyncResolver-bootstrap-executor-0] INFO  c.n.d.s.r.aws.ConfigClusterResolver -Resolving eureka endpoints via configuration
2018-05-20 11:44:01.332 [AsyncResolver-bootstrap-executor-0] INFO  c.n.d.s.r.aws.ConfigClusterResolver -Resolving eureka endpoints via configuration
2018-05-20 11:49:01.347 [AsyncResolver-bootstrap-executor-0] INFO  c.n.d.s.r.aws.ConfigClusterResolver -Resolving eureka endpoints via configuration
2018-05-20 11:54:01.360 [AsyncResolver-bootstrap-executor-0] INFO  c.n.d.s.r.aws.ConfigClusterResolver -Resolving eureka endpoints via configuration
2018-05-20 11:59:01.373 [AsyncResolver-bootstrap-executor-0] INFO  c.n.d.s.r.aws.ConfigClusterResolver -Resolving eureka endpoints via configuration
2018-05-20 12:04:01.388 [AsyncResolver-bootstrap-executor-0] INFO  c.n.d.s.r.aws.ConfigClusterResolver -Resolving eureka endpoints via configuration
2018-05-20 12:09:01.401 [AsyncResolver-bootstrap-executor-0] INFO  c.n.d.s.r.aws.ConfigClusterResolver -Resolving eureka endpoints via configuration
2018-05-20 12:14:01.417 [AsyncResolver-bootstrap-executor-0] INFO  c.n.d.s.r.aws.ConfigClusterResolver -Resolving eureka endpoints via configuration
2018-05-20 12:19:01.430 [AsyncResolver-bootstrap-executor-0] INFO  c.n.d.s.r.aws.ConfigClusterResolver -Resolving eureka endpoints via configuration
2018-05-20 12:24:01.443 [AsyncResolver-bootstrap-executor-0] INFO  c.n.d.s.r.aws.ConfigClusterResolver -Resolving eureka endpoints via configuration
2018-05-20 12:29:01.456 [AsyncResolver-bootstrap-executor-0] INFO  c.n.d.s.r.aws.ConfigClusterResolver -Resolving eureka endpoints via configuration
2018-05-20 12:34:01.474 [AsyncResolver-bootstrap-executor-0] INFO  c.n.d.s.r.aws.ConfigClusterResolver -Resolving eureka endpoints via configuration
2018-05-20 12:39:01.487 [AsyncResolver-bootstrap-executor-0] INFO  c.n.d.s.r.aws.ConfigClusterResolver -Resolving eureka endpoints via configuration
2018-05-20 12:44:01.501 [AsyncResolver-bootstrap-executor-0] INFO  c.n.d.s.r.aws.ConfigClusterResolver -Resolving eureka endpoints via configuration
2018-05-20 12:49:01.514 [AsyncResolver-bootstrap-executor-0] INFO  c.n.d.s.r.aws.ConfigClusterResolver -Resolving eureka endpoints via configuration
2018-05-20 12:54:01.529 [AsyncResolver-bootstrap-executor-0] INFO  c.n.d.s.r.aws.ConfigClusterResolver -Resolving eureka endpoints via configuration
2018-05-20 12:59:01.542 [AsyncResolver-bootstrap-executor-0] INFO  c.n.d.s.r.aws.ConfigClusterResolver -Resolving eureka endpoints via configuration
2018-05-20 13:04:01.557 [AsyncResolver-bootstrap-executor-0] INFO  c.n.d.s.r.aws.ConfigClusterResolver -Resolving eureka endpoints via configuration
2018-05-20 13:09:01.570 [AsyncResolver-bootstrap-executor-0] INFO  c.n.d.s.r.aws.ConfigClusterResolver -Resolving eureka endpoints via configuration
2018-05-20 13:14:01.584 [AsyncResolver-bootstrap-executor-0] INFO  c.n.d.s.r.aws.ConfigClusterResolver -Resolving eureka endpoints via configuration
2018-05-20 13:19:01.599 [AsyncResolver-bootstrap-executor-0] INFO  c.n.d.s.r.aws.ConfigClusterResolver -Resolving eureka endpoints via configuration
2018-05-20 13:24:01.612 [AsyncResolver-bootstrap-executor-0] INFO  c.n.d.s.r.aws.ConfigClusterResolver -Resolving eureka endpoints via configuration
2018-05-20 13:29:01.625 [AsyncResolver-bootstrap-executor-0] INFO  c.n.d.s.r.aws.ConfigClusterResolver -Resolving eureka endpoints via configuration
2018-05-20 13:34:01.639 [AsyncResolver-bootstrap-executor-0] INFO  c.n.d.s.r.aws.ConfigClusterResolver -Resolving eureka endpoints via configuration
2018-05-20 13:39:01.653 [AsyncResolver-bootstrap-executor-0] INFO  c.n.d.s.r.aws.ConfigClusterResolver -Resolving eureka endpoints via configuration
2018-05-20 13:44:01.666 [AsyncResolver-bootstrap-executor-0] INFO  c.n.d.s.r.aws.ConfigClusterResolver -Resolving eureka endpoints via configuration
2018-05-20 13:49:01.681 [AsyncResolver-bootstrap-executor-0] INFO  c.n.d.s.r.aws.ConfigClusterResolver -Resolving eureka endpoints via configuration
2018-05-20 13:54:01.694 [AsyncResolver-bootstrap-executor-0] INFO  c.n.d.s.r.aws.ConfigClusterResolver -Resolving eureka endpoints via configuration
2018-05-20 13:59:01.709 [AsyncResolver-bootstrap-executor-0] INFO  c.n.d.s.r.aws.ConfigClusterResolver -Resolving eureka endpoints via configuration
2018-05-20 14:04:01.723 [AsyncResolver-bootstrap-executor-0] INFO  c.n.d.s.r.aws.ConfigClusterResolver -Resolving eureka endpoints via configuration
2018-05-20 14:09:01.738 [AsyncResolver-bootstrap-executor-0] INFO  c.n.d.s.r.aws.ConfigClusterResolver -Resolving eureka endpoints via configuration
2018-05-20 14:14:01.751 [AsyncResolver-bootstrap-executor-0] INFO  c.n.d.s.r.aws.ConfigClusterResolver -Resolving eureka endpoints via configuration
2018-05-20 14:19:01.765 [AsyncResolver-bootstrap-executor-0] INFO  c.n.d.s.r.aws.ConfigClusterResolver -Resolving eureka endpoints via configuration
2018-05-20 14:24:01.779 [AsyncResolver-bootstrap-executor-0] INFO  c.n.d.s.r.aws.ConfigClusterResolver -Resolving eureka endpoints via configuration
2018-05-20 14:29:01.792 [AsyncResolver-bootstrap-executor-0] INFO  c.n.d.s.r.aws.ConfigClusterResolver -Resolving eureka endpoints via configuration
2018-05-20 14:34:01.805 [AsyncResolver-bootstrap-executor-0] INFO  c.n.d.s.r.aws.ConfigClusterResolver -Resolving eureka endpoints via configuration
2018-05-20 14:39:01.826 [AsyncResolver-bootstrap-executor-0] INFO  c.n.d.s.r.aws.ConfigClusterResolver -Resolving eureka endpoints via configuration
2018-05-20 14:44:01.842 [AsyncResolver-bootstrap-executor-0] INFO  c.n.d.s.r.aws.ConfigClusterResolver -Resolving eureka endpoints via configuration
2018-05-20 14:49:01.856 [AsyncResolver-bootstrap-executor-0] INFO  c.n.d.s.r.aws.ConfigClusterResolver -Resolving eureka endpoints via configuration
2018-05-20 14:54:01.869 [AsyncResolver-bootstrap-executor-0] INFO  c.n.d.s.r.aws.ConfigClusterResolver -Resolving eureka endpoints via configuration
2018-05-20 14:59:01.884 [AsyncResolver-bootstrap-executor-0] INFO  c.n.d.s.r.aws.ConfigClusterResolver -Resolving eureka endpoints via configuration
2018-05-20 15:04:01.901 [AsyncResolver-bootstrap-executor-0] INFO  c.n.d.s.r.aws.ConfigClusterResolver -Resolving eureka endpoints via configuration
2018-05-20 15:09:01.916 [AsyncResolver-bootstrap-executor-0] INFO  c.n.d.s.r.aws.ConfigClusterResolver -Resolving eureka endpoints via configuration
2018-05-20 15:14:01.931 [AsyncResolver-bootstrap-executor-0] INFO  c.n.d.s.r.aws.ConfigClusterResolver -Resolving eureka endpoints via configuration
2018-05-20 15:19:01.948 [AsyncResolver-bootstrap-executor-0] INFO  c.n.d.s.r.aws.ConfigClusterResolver -Resolving eureka endpoints via configuration
2018-05-20 15:24:01.962 [AsyncResolver-bootstrap-executor-0] INFO  c.n.d.s.r.aws.ConfigClusterResolver -Resolving eureka endpoints via configuration
2018-05-20 15:29:01.979 [AsyncResolver-bootstrap-executor-0] INFO  c.n.d.s.r.aws.ConfigClusterResolver -Resolving eureka endpoints via configuration
2018-05-20 15:34:01.992 [AsyncResolver-bootstrap-executor-0] INFO  c.n.d.s.r.aws.ConfigClusterResolver -Resolving eureka endpoints via configuration
2018-05-20 15:39:02.007 [AsyncResolver-bootstrap-executor-0] INFO  c.n.d.s.r.aws.ConfigClusterResolver -Resolving eureka endpoints via configuration
2018-05-20 15:44:02.020 [AsyncResolver-bootstrap-executor-0] INFO  c.n.d.s.r.aws.ConfigClusterResolver -Resolving eureka endpoints via configuration
2018-05-20 15:49:02.033 [AsyncResolver-bootstrap-executor-0] INFO  c.n.d.s.r.aws.ConfigClusterResolver -Resolving eureka endpoints via configuration
2018-05-20 15:54:02.049 [AsyncResolver-bootstrap-executor-0] INFO  c.n.d.s.r.aws.ConfigClusterResolver -Resolving eureka endpoints via configuration
2018-05-20 15:59:02.062 [AsyncResolver-bootstrap-executor-0] INFO  c.n.d.s.r.aws.ConfigClusterResolver -Resolving eureka endpoints via configuration
2018-05-20 16:04:02.080 [AsyncResolver-bootstrap-executor-0] INFO  c.n.d.s.r.aws.ConfigClusterResolver -Resolving eureka endpoints via configuration
2018-05-20 16:09:02.093 [AsyncResolver-bootstrap-executor-0] INFO  c.n.d.s.r.aws.ConfigClusterResolver -Resolving eureka endpoints via configuration
2018-05-20 16:14:02.106 [AsyncResolver-bootstrap-executor-0] INFO  c.n.d.s.r.aws.ConfigClusterResolver -Resolving eureka endpoints via configuration
2018-05-20 16:19:02.119 [AsyncResolver-bootstrap-executor-0] INFO  c.n.d.s.r.aws.ConfigClusterResolver -Resolving eureka endpoints via configuration
2018-05-20 16:24:02.134 [AsyncResolver-bootstrap-executor-0] INFO  c.n.d.s.r.aws.ConfigClusterResolver -Resolving eureka endpoints via configuration
2018-05-20 16:29:02.149 [AsyncResolver-bootstrap-executor-0] INFO  c.n.d.s.r.aws.ConfigClusterResolver -Resolving eureka endpoints via configuration
2018-05-20 16:34:02.163 [AsyncResolver-bootstrap-executor-0] INFO  c.n.d.s.r.aws.ConfigClusterResolver -Resolving eureka endpoints via configuration
2018-05-20 16:39:02.180 [AsyncResolver-bootstrap-executor-0] INFO  c.n.d.s.r.aws.ConfigClusterResolver -Resolving eureka endpoints via configuration
2018-05-20 16:44:02.193 [AsyncResolver-bootstrap-executor-0] INFO  c.n.d.s.r.aws.ConfigClusterResolver -Resolving eureka endpoints via configuration
2018-05-20 16:49:02.210 [AsyncResolver-bootstrap-executor-0] INFO  c.n.d.s.r.aws.ConfigClusterResolver -Resolving eureka endpoints via configuration
2018-05-20 16:54:02.228 [AsyncResolver-bootstrap-executor-0] INFO  c.n.d.s.r.aws.ConfigClusterResolver -Resolving eureka endpoints via configuration
2018-05-20 16:59:02.243 [AsyncResolver-bootstrap-executor-0] INFO  c.n.d.s.r.aws.ConfigClusterResolver -Resolving eureka endpoints via configuration
2018-05-20 17:04:02.256 [AsyncResolver-bootstrap-executor-0] INFO  c.n.d.s.r.aws.ConfigClusterResolver -Resolving eureka endpoints via configuration
2018-05-20 17:09:02.269 [AsyncResolver-bootstrap-executor-0] INFO  c.n.d.s.r.aws.ConfigClusterResolver -Resolving eureka endpoints via configuration
2018-05-20 17:14:02.289 [AsyncResolver-bootstrap-executor-0] INFO  c.n.d.s.r.aws.ConfigClusterResolver -Resolving eureka endpoints via configuration
2018-05-20 17:19:02.304 [AsyncResolver-bootstrap-executor-0] INFO  c.n.d.s.r.aws.ConfigClusterResolver -Resolving eureka endpoints via configuration
2018-05-20 17:24:02.319 [AsyncResolver-bootstrap-executor-0] INFO  c.n.d.s.r.aws.ConfigClusterResolver -Resolving eureka endpoints via configuration
2018-05-20 17:29:02.333 [AsyncResolver-bootstrap-executor-0] INFO  c.n.d.s.r.aws.ConfigClusterResolver -Resolving eureka endpoints via configuration
2018-05-20 17:34:02.347 [AsyncResolver-bootstrap-executor-0] INFO  c.n.d.s.r.aws.ConfigClusterResolver -Resolving eureka endpoints via configuration
2018-05-20 17:39:02.363 [AsyncResolver-bootstrap-executor-0] INFO  c.n.d.s.r.aws.ConfigClusterResolver -Resolving eureka endpoints via configuration
2018-05-20 17:44:02.378 [AsyncResolver-bootstrap-executor-0] INFO  c.n.d.s.r.aws.ConfigClusterResolver -Resolving eureka endpoints via configuration
2018-05-20 17:49:02.393 [AsyncResolver-bootstrap-executor-0] INFO  c.n.d.s.r.aws.ConfigClusterResolver -Resolving eureka endpoints via configuration
2018-05-20 17:54:02.407 [AsyncResolver-bootstrap-executor-0] INFO  c.n.d.s.r.aws.ConfigClusterResolver -Resolving eureka endpoints via configuration
2018-05-20 17:59:02.422 [AsyncResolver-bootstrap-executor-0] INFO  c.n.d.s.r.aws.ConfigClusterResolver -Resolving eureka endpoints via configuration
2018-05-20 18:04:02.436 [AsyncResolver-bootstrap-executor-0] INFO  c.n.d.s.r.aws.ConfigClusterResolver -Resolving eureka endpoints via configuration
2018-05-20 19:12:16.594 [AsyncResolver-bootstrap-executor-0] INFO  c.n.d.s.r.aws.ConfigClusterResolver -Resolving eureka endpoints via configuration
2018-05-20 19:17:19.686 [AsyncResolver-bootstrap-executor-0] INFO  c.n.d.s.r.aws.ConfigClusterResolver -Resolving eureka endpoints via configuration
2018-05-20 19:22:19.701 [AsyncResolver-bootstrap-executor-0] INFO  c.n.d.s.r.aws.ConfigClusterResolver -Resolving eureka endpoints via configuration
2018-05-20 19:27:19.714 [AsyncResolver-bootstrap-executor-0] INFO  c.n.d.s.r.aws.ConfigClusterResolver -Resolving eureka endpoints via configuration
2018-05-20 19:32:19.729 [AsyncResolver-bootstrap-executor-0] INFO  c.n.d.s.r.aws.ConfigClusterResolver -Resolving eureka endpoints via configuration
2018-05-20 19:37:19.742 [AsyncResolver-bootstrap-executor-0] INFO  c.n.d.s.r.aws.ConfigClusterResolver -Resolving eureka endpoints via configuration
2018-05-20 19:42:19.757 [AsyncResolver-bootstrap-executor-0] INFO  c.n.d.s.r.aws.ConfigClusterResolver -Resolving eureka endpoints via configuration
2018-05-20 19:47:19.770 [AsyncResolver-bootstrap-executor-0] INFO  c.n.d.s.r.aws.ConfigClusterResolver -Resolving eureka endpoints via configuration
2018-05-20 19:52:19.783 [AsyncResolver-bootstrap-executor-0] INFO  c.n.d.s.r.aws.ConfigClusterResolver -Resolving eureka endpoints via configuration
2018-05-20 19:57:19.798 [AsyncResolver-bootstrap-executor-0] INFO  c.n.d.s.r.aws.ConfigClusterResolver -Resolving eureka endpoints via configuration
2018-05-20 20:02:19.813 [AsyncResolver-bootstrap-executor-0] INFO  c.n.d.s.r.aws.ConfigClusterResolver -Resolving eureka endpoints via configuration
2018-05-20 20:07:19.830 [AsyncResolver-bootstrap-executor-0] INFO  c.n.d.s.r.aws.ConfigClusterResolver -Resolving eureka endpoints via configuration
2018-05-20 20:12:19.854 [AsyncResolver-bootstrap-executor-0] INFO  c.n.d.s.r.aws.ConfigClusterResolver -Resolving eureka endpoints via configuration
2018-05-20 20:17:19.873 [AsyncResolver-bootstrap-executor-0] INFO  c.n.d.s.r.aws.ConfigClusterResolver -Resolving eureka endpoints via configuration
2018-05-20 20:22:19.890 [AsyncResolver-bootstrap-executor-0] INFO  c.n.d.s.r.aws.ConfigClusterResolver -Resolving eureka endpoints via configuration
2018-05-20 20:27:19.907 [AsyncResolver-bootstrap-executor-0] INFO  c.n.d.s.r.aws.ConfigClusterResolver -Resolving eureka endpoints via configuration
2018-05-20 20:32:19.922 [AsyncResolver-bootstrap-executor-0] INFO  c.n.d.s.r.aws.ConfigClusterResolver -Resolving eureka endpoints via configuration
2018-05-20 20:37:19.939 [AsyncResolver-bootstrap-executor-0] INFO  c.n.d.s.r.aws.ConfigClusterResolver -Resolving eureka endpoints via configuration
2018-05-20 20:42:19.955 [AsyncResolver-bootstrap-executor-0] INFO  c.n.d.s.r.aws.ConfigClusterResolver -Resolving eureka endpoints via configuration
2018-05-20 20:47:19.968 [AsyncResolver-bootstrap-executor-0] INFO  c.n.d.s.r.aws.ConfigClusterResolver -Resolving eureka endpoints via configuration
