2018-05-20 00:01:26.256 [http-nio-8008-exec-1] DEBUG c.i.q.c.m.CartMapper.queryCartByCart -==>  Preparing: SELECT PC.ID AS cartId, PC.BUY_NUMBER AS buyNumber, PC.SPECIFICATION_ID AS productSpecificationId, PC.CTIME AS addTime, PS.PRODUCT_ID AS productId, PS. NAME AS productSpecificationName, PS.WEIGHT AS weight, PS.PRICE AS price, PS.STOCK AS stock, PD.SELL_POINT AS sellPoint, PD.TITLE AS productTitle, PD.PIC_URL AS productPicUrl, SS.SHOP_NAME AS shopName, SS.ID AS shopId, SS.USER_ID AS merchantId FROM T_P_CART PC LEFT JOIN T_P_PRODUCT_SPECIFICATION PS ON PC.SPECIFICATION_ID = PS.ID LEFT JOIN T_P_PRODUCT_DETAIL PD ON PS.PRODUCT_ID = PD.PRODUCT_ID LEFT JOIN T_SYS_SHOP SS ON PD.CREATER=SS.USER_ID WHERE PC.ISVALID = 1 AND PD.ISVALID = 1 AND PS.ISVALID = 1 AND SS.ISVALID=1 AND PC.CART_TYPE=? AND PC.CREATER=? AND SS.SHOP_ADDRESS LIKE CONCAT(?,'%') ORDER BY PC.CTIME DESC 
2018-05-20 00:01:26.356 [http-nio-8008-exec-1] DEBUG c.i.q.c.m.CartMapper.queryCartByCart -==> Parameters: 1(Integer), 3df03888997442ad93abbcf38af00c78(String), 黑龙江省哈尔滨市(String)
2018-05-20 00:01:26.365 [http-nio-8008-exec-1] DEBUG c.i.q.c.m.CartMapper.queryCartByCart -<==      Total: 0
2018-05-20 00:01:32.648 [AsyncResolver-bootstrap-executor-0] INFO  c.n.d.s.r.aws.ConfigClusterResolver -Resolving eureka endpoints via configuration
2018-05-20 00:01:37.349 [http-nio-8008-exec-4] DEBUG c.i.q.c.m.C.queryCartByEntity -==>  Preparing: SELECT SPECIFICATION_ID AS specificationId, BUY_NUMBER AS buyNumber, CTIME AS ctime FROM T_P_CART WHERE ISVALID=1 AND SPECIFICATION_ID=? AND CART_TYPE=? AND CREATER=? 
2018-05-20 00:01:37.352 [http-nio-8008-exec-4] DEBUG c.i.q.c.m.C.queryCartByEntity -==> Parameters: 64c5a33f2726481b8a5ed1e3551637eb(String), 1(Integer), 3df03888997442ad93abbcf38af00c78(String)
2018-05-20 00:01:37.358 [http-nio-8008-exec-4] DEBUG c.i.q.c.m.C.queryCartByEntity -<==      Total: 0
2018-05-20 00:01:37.364 [http-nio-8008-exec-4] DEBUG c.i.q.c.mapper.CartMapper.insertCart -==>  Preparing: INSERT INTO T_P_CART(ID ,SPECIFICATION_ID ,BUY_NUMBER ,CART_TYPE ,CTIME ,CREATER ,ISVALID )VALUES( ? ,? ,? ,? ,? ,? ,? ) 
2018-05-20 00:01:37.370 [http-nio-8008-exec-4] DEBUG c.i.q.c.mapper.CartMapper.insertCart -==> Parameters: d9e7f45a4efd492eb925d0e1ad448c40(String), 64c5a33f2726481b8a5ed1e3551637eb(String), 1(Integer), 1(Integer), 2018-05-20 00:01:37.359(Timestamp), 3df03888997442ad93abbcf38af00c78(String), 1(Integer)
2018-05-20 00:01:37.374 [http-nio-8008-exec-4] DEBUG c.i.q.c.mapper.CartMapper.insertCart -<==    Updates: 1
2018-05-20 00:01:38.581 [http-nio-8008-exec-5] DEBUG c.i.q.c.m.CartMapper.queryCartByCart -==>  Preparing: SELECT PC.ID AS cartId, PC.BUY_NUMBER AS buyNumber, PC.SPECIFICATION_ID AS productSpecificationId, PC.CTIME AS addTime, PS.PRODUCT_ID AS productId, PS. NAME AS productSpecificationName, PS.WEIGHT AS weight, PS.PRICE AS price, PS.STOCK AS stock, PD.SELL_POINT AS sellPoint, PD.TITLE AS productTitle, PD.PIC_URL AS productPicUrl, SS.SHOP_NAME AS shopName, SS.ID AS shopId, SS.USER_ID AS merchantId FROM T_P_CART PC LEFT JOIN T_P_PRODUCT_SPECIFICATION PS ON PC.SPECIFICATION_ID = PS.ID LEFT JOIN T_P_PRODUCT_DETAIL PD ON PS.PRODUCT_ID = PD.PRODUCT_ID LEFT JOIN T_SYS_SHOP SS ON PD.CREATER=SS.USER_ID WHERE PC.ISVALID = 1 AND PD.ISVALID = 1 AND PS.ISVALID = 1 AND SS.ISVALID=1 AND PC.CART_TYPE=? AND PC.CREATER=? AND SS.SHOP_ADDRESS LIKE CONCAT(?,'%') ORDER BY PC.CTIME DESC 
2018-05-20 00:01:38.587 [http-nio-8008-exec-5] DEBUG c.i.q.c.m.CartMapper.queryCartByCart -==> Parameters: 1(Integer), 3df03888997442ad93abbcf38af00c78(String), 黑龙江省哈尔滨市(String)
2018-05-20 00:01:38.597 [http-nio-8008-exec-5] DEBUG c.i.q.c.m.CartMapper.queryCartByCart -<==      Total: 1
2018-05-20 00:06:32.677 [AsyncResolver-bootstrap-executor-0] INFO  c.n.d.s.r.aws.ConfigClusterResolver -Resolving eureka endpoints via configuration
2018-05-20 00:11:32.695 [AsyncResolver-bootstrap-executor-0] INFO  c.n.d.s.r.aws.ConfigClusterResolver -Resolving eureka endpoints via configuration
2018-05-20 00:16:32.713 [AsyncResolver-bootstrap-executor-0] INFO  c.n.d.s.r.aws.ConfigClusterResolver -Resolving eureka endpoints via configuration
2018-05-20 00:21:32.732 [AsyncResolver-bootstrap-executor-0] INFO  c.n.d.s.r.aws.ConfigClusterResolver -Resolving eureka endpoints via configuration
2018-05-20 00:25:44.961 [http-nio-8008-exec-7] DEBUG c.i.q.c.m.C.queryCartByEntity -==>  Preparing: SELECT SPECIFICATION_ID AS specificationId, BUY_NUMBER AS buyNumber, CTIME AS ctime FROM T_P_CART WHERE ISVALID=1 AND SPECIFICATION_ID=? AND CART_TYPE=? AND CREATER=? 
2018-05-20 00:25:44.967 [http-nio-8008-exec-7] DEBUG c.i.q.c.m.C.queryCartByEntity -==> Parameters: 64c5a33f2726481b8a5ed1e3551637eb(String), 1(Integer), 3df03888997442ad93abbcf38af00c78(String)
2018-05-20 00:25:44.990 [http-nio-8008-exec-7] DEBUG c.i.q.c.m.C.queryCartByEntity -<==      Total: 1
2018-05-20 00:25:44.998 [http-nio-8008-exec-7] DEBUG c.i.q.c.m.CartMapper.updateByEntity -==>  Preparing: UPDATE T_P_CART SET BUY_NUMBER=BUY_NUMBER+? WHERE ISVALID=1 AND SPECIFICATION_ID=? AND CART_TYPE=? AND CREATER=? 
2018-05-20 00:25:45.000 [http-nio-8008-exec-7] DEBUG c.i.q.c.m.CartMapper.updateByEntity -==> Parameters: 1(Integer), 64c5a33f2726481b8a5ed1e3551637eb(String), 1(Integer), 3df03888997442ad93abbcf38af00c78(String)
2018-05-20 00:25:45.006 [http-nio-8008-exec-7] DEBUG c.i.q.c.m.CartMapper.updateByEntity -<==    Updates: 1
2018-05-20 00:25:46.132 [http-nio-8008-exec-8] DEBUG c.i.q.c.m.CartMapper.queryCartByCart -==>  Preparing: SELECT PC.ID AS cartId, PC.BUY_NUMBER AS buyNumber, PC.SPECIFICATION_ID AS productSpecificationId, PC.CTIME AS addTime, PS.PRODUCT_ID AS productId, PS. NAME AS productSpecificationName, PS.WEIGHT AS weight, PS.PRICE AS price, PS.STOCK AS stock, PD.SELL_POINT AS sellPoint, PD.TITLE AS productTitle, PD.PIC_URL AS productPicUrl, SS.SHOP_NAME AS shopName, SS.ID AS shopId, SS.USER_ID AS merchantId FROM T_P_CART PC LEFT JOIN T_P_PRODUCT_SPECIFICATION PS ON PC.SPECIFICATION_ID = PS.ID LEFT JOIN T_P_PRODUCT_DETAIL PD ON PS.PRODUCT_ID = PD.PRODUCT_ID LEFT JOIN T_SYS_SHOP SS ON PD.CREATER=SS.USER_ID WHERE PC.ISVALID = 1 AND PD.ISVALID = 1 AND PS.ISVALID = 1 AND SS.ISVALID=1 AND PC.CART_TYPE=? AND PC.CREATER=? AND SS.SHOP_ADDRESS LIKE CONCAT(?,'%') ORDER BY PC.CTIME DESC 
2018-05-20 00:25:46.136 [http-nio-8008-exec-8] DEBUG c.i.q.c.m.CartMapper.queryCartByCart -==> Parameters: 1(Integer), 3df03888997442ad93abbcf38af00c78(String), 黑龙江省哈尔滨市(String)
2018-05-20 00:25:46.148 [http-nio-8008-exec-8] DEBUG c.i.q.c.m.CartMapper.queryCartByCart -<==      Total: 1
2018-05-20 00:25:49.261 [http-nio-8008-exec-9] DEBUG c.i.q.c.m.C.queryCartByCartIds -==>  Preparing: SELECT PC.ID AS cartId, PC.BUY_NUMBER AS buyNumber, PC.SPECIFICATION_ID AS productSpecificationId, PC.CTIME AS addTime, PS.PRODUCT_ID AS productId, PS.NAME AS productSpecificationName, PS.WEIGHT AS weight, PS.PRICE AS price, PS.STOCK AS stock, PD.SELL_POINT AS sellPoint, PD.TITLE AS productTitle, PD.PIC_URL AS productPicUrl, SS.SHOP_NAME AS shopName, SS.ID AS shopId, SS.START_PRICE AS startPrice, SS.USER_ID AS merchantId FROM T_P_CART PC LEFT JOIN T_P_PRODUCT_SPECIFICATION PS ON PC.SPECIFICATION_ID = PS.ID LEFT JOIN T_P_PRODUCT_DETAIL PD ON PS.PRODUCT_ID = PD.PRODUCT_ID LEFT JOIN T_SYS_SHOP SS ON PD.CREATER=SS.USER_ID WHERE PC.ISVALID = 1 AND PD.ISVALID = 1 AND PS.ISVALID = 1 AND SS.ISVALID=1 AND PC.ID IN ( ? ) ORDER BY SS.ID ASC,PC.CTIME DESC 
2018-05-20 00:25:49.264 [http-nio-8008-exec-9] DEBUG c.i.q.c.m.C.queryCartByCartIds -==> Parameters: d9e7f45a4efd492eb925d0e1ad448c40(String)
2018-05-20 00:25:49.282 [http-nio-8008-exec-9] DEBUG c.i.q.c.m.C.queryCartByCartIds -<==      Total: 1
2018-05-20 00:25:59.679 [http-nio-8008-exec-2] DEBUG c.i.q.c.m.C.deleteProductByCart -==>  Preparing: UPDATE T_P_CART SET ISVALID=0 WHERE ISVALID=1 AND CART_TYPE=? AND CREATER=? AND SPECIFICATION_ID=? 
2018-05-20 00:25:59.681 [http-nio-8008-exec-2] DEBUG c.i.q.c.m.C.deleteProductByCart -==> Parameters: 1(Integer), 3df03888997442ad93abbcf38af00c78(String), 64c5a33f2726481b8a5ed1e3551637eb(String)
2018-05-20 00:25:59.688 [http-nio-8008-exec-2] DEBUG c.i.q.c.m.C.deleteProductByCart -<==    Updates: 1
2018-05-20 00:26:32.752 [AsyncResolver-bootstrap-executor-0] INFO  c.n.d.s.r.aws.ConfigClusterResolver -Resolving eureka endpoints via configuration
2018-05-20 00:28:00.408 [http-nio-8008-exec-3] DEBUG c.i.q.c.m.C.queryCartByEntity -==>  Preparing: SELECT SPECIFICATION_ID AS specificationId, BUY_NUMBER AS buyNumber, CTIME AS ctime FROM T_P_CART WHERE ISVALID=1 AND SPECIFICATION_ID=? AND CART_TYPE=? AND CREATER=? 
2018-05-20 00:28:00.410 [http-nio-8008-exec-3] DEBUG c.i.q.c.m.C.queryCartByEntity -==> Parameters: 1b3be4ab41e348dc91d48e5e81aaada7(String), 1(Integer), 3df03888997442ad93abbcf38af00c78(String)
2018-05-20 00:28:00.413 [http-nio-8008-exec-3] DEBUG c.i.q.c.m.C.queryCartByEntity -<==      Total: 0
2018-05-20 00:28:00.418 [http-nio-8008-exec-3] DEBUG c.i.q.c.mapper.CartMapper.insertCart -==>  Preparing: INSERT INTO T_P_CART(ID ,SPECIFICATION_ID ,BUY_NUMBER ,CART_TYPE ,CTIME ,CREATER ,ISVALID )VALUES( ? ,? ,? ,? ,? ,? ,? ) 
2018-05-20 00:28:00.422 [http-nio-8008-exec-3] DEBUG c.i.q.c.mapper.CartMapper.insertCart -==> Parameters: 67bcde8cffbe4a52b64c771289d8775c(String), 1b3be4ab41e348dc91d48e5e81aaada7(String), 1(Integer), 1(Integer), 2018-05-20 00:28:00.415(Timestamp), 3df03888997442ad93abbcf38af00c78(String), 1(Integer)
2018-05-20 00:28:00.445 [http-nio-8008-exec-3] DEBUG c.i.q.c.mapper.CartMapper.insertCart -<==    Updates: 1
2018-05-20 00:28:00.995 [http-nio-8008-exec-4] DEBUG c.i.q.c.m.C.queryCartByEntity -==>  Preparing: SELECT SPECIFICATION_ID AS specificationId, BUY_NUMBER AS buyNumber, CTIME AS ctime FROM T_P_CART WHERE ISVALID=1 AND SPECIFICATION_ID=? AND CART_TYPE=? AND CREATER=? 
2018-05-20 00:28:00.997 [http-nio-8008-exec-4] DEBUG c.i.q.c.m.C.queryCartByEntity -==> Parameters: 12dc958098524126a630d8088b18a750(String), 1(Integer), 3df03888997442ad93abbcf38af00c78(String)
2018-05-20 00:28:01.000 [http-nio-8008-exec-4] DEBUG c.i.q.c.m.C.queryCartByEntity -<==      Total: 0
2018-05-20 00:28:01.007 [http-nio-8008-exec-4] DEBUG c.i.q.c.mapper.CartMapper.insertCart -==>  Preparing: INSERT INTO T_P_CART(ID ,SPECIFICATION_ID ,BUY_NUMBER ,CART_TYPE ,CTIME ,CREATER ,ISVALID )VALUES( ? ,? ,? ,? ,? ,? ,? ) 
2018-05-20 00:28:01.016 [http-nio-8008-exec-4] DEBUG c.i.q.c.mapper.CartMapper.insertCart -==> Parameters: 07f884c2c526499797c6fdc91920bfd0(String), 12dc958098524126a630d8088b18a750(String), 1(Integer), 1(Integer), 2018-05-20 00:28:01.003(Timestamp), 3df03888997442ad93abbcf38af00c78(String), 1(Integer)
2018-05-20 00:28:01.020 [http-nio-8008-exec-4] DEBUG c.i.q.c.mapper.CartMapper.insertCart -<==    Updates: 1
2018-05-20 00:28:02.420 [http-nio-8008-exec-5] DEBUG c.i.q.c.m.CartMapper.queryCartByCart -==>  Preparing: SELECT PC.ID AS cartId, PC.BUY_NUMBER AS buyNumber, PC.SPECIFICATION_ID AS productSpecificationId, PC.CTIME AS addTime, PS.PRODUCT_ID AS productId, PS. NAME AS productSpecificationName, PS.WEIGHT AS weight, PS.PRICE AS price, PS.STOCK AS stock, PD.SELL_POINT AS sellPoint, PD.TITLE AS productTitle, PD.PIC_URL AS productPicUrl, SS.SHOP_NAME AS shopName, SS.ID AS shopId, SS.USER_ID AS merchantId FROM T_P_CART PC LEFT JOIN T_P_PRODUCT_SPECIFICATION PS ON PC.SPECIFICATION_ID = PS.ID LEFT JOIN T_P_PRODUCT_DETAIL PD ON PS.PRODUCT_ID = PD.PRODUCT_ID LEFT JOIN T_SYS_SHOP SS ON PD.CREATER=SS.USER_ID WHERE PC.ISVALID = 1 AND PD.ISVALID = 1 AND PS.ISVALID = 1 AND SS.ISVALID=1 AND PC.CART_TYPE=? AND PC.CREATER=? AND SS.SHOP_ADDRESS LIKE CONCAT(?,'%') ORDER BY PC.CTIME DESC 
2018-05-20 00:28:02.423 [http-nio-8008-exec-5] DEBUG c.i.q.c.m.CartMapper.queryCartByCart -==> Parameters: 1(Integer), 3df03888997442ad93abbcf38af00c78(String), 黑龙江省哈尔滨市(String)
2018-05-20 00:28:02.462 [http-nio-8008-exec-5] DEBUG c.i.q.c.m.CartMapper.queryCartByCart -<==      Total: 2
2018-05-20 00:28:08.452 [http-nio-8008-exec-7] DEBUG c.i.q.c.m.C.queryCartByCartIds -==>  Preparing: SELECT PC.ID AS cartId, PC.BUY_NUMBER AS buyNumber, PC.SPECIFICATION_ID AS productSpecificationId, PC.CTIME AS addTime, PS.PRODUCT_ID AS productId, PS.NAME AS productSpecificationName, PS.WEIGHT AS weight, PS.PRICE AS price, PS.STOCK AS stock, PD.SELL_POINT AS sellPoint, PD.TITLE AS productTitle, PD.PIC_URL AS productPicUrl, SS.SHOP_NAME AS shopName, SS.ID AS shopId, SS.START_PRICE AS startPrice, SS.USER_ID AS merchantId FROM T_P_CART PC LEFT JOIN T_P_PRODUCT_SPECIFICATION PS ON PC.SPECIFICATION_ID = PS.ID LEFT JOIN T_P_PRODUCT_DETAIL PD ON PS.PRODUCT_ID = PD.PRODUCT_ID LEFT JOIN T_SYS_SHOP SS ON PD.CREATER=SS.USER_ID WHERE PC.ISVALID = 1 AND PD.ISVALID = 1 AND PS.ISVALID = 1 AND SS.ISVALID=1 AND PC.ID IN ( ? , ? ) ORDER BY SS.ID ASC,PC.CTIME DESC 
2018-05-20 00:28:08.463 [http-nio-8008-exec-7] DEBUG c.i.q.c.m.C.queryCartByCartIds -==> Parameters: 07f884c2c526499797c6fdc91920bfd0(String), 67bcde8cffbe4a52b64c771289d8775c(String)
2018-05-20 00:28:08.481 [http-nio-8008-exec-7] DEBUG c.i.q.c.m.C.queryCartByCartIds -<==      Total: 2
2018-05-20 00:28:18.257 [http-nio-8008-exec-9] DEBUG c.i.q.c.m.C.deleteProductByCart -==>  Preparing: UPDATE T_P_CART SET ISVALID=0 WHERE ISVALID=1 AND CART_TYPE=? AND CREATER=? AND SPECIFICATION_ID=? 
2018-05-20 00:28:18.259 [http-nio-8008-exec-9] DEBUG c.i.q.c.m.C.deleteProductByCart -==> Parameters: 1(Integer), 3df03888997442ad93abbcf38af00c78(String), 12dc958098524126a630d8088b18a750(String)
2018-05-20 00:28:18.264 [http-nio-8008-exec-9] DEBUG c.i.q.c.m.C.deleteProductByCart -<==    Updates: 1
2018-05-20 00:28:18.453 [http-nio-8008-exec-10] DEBUG c.i.q.c.m.C.deleteProductByCart -==>  Preparing: UPDATE T_P_CART SET ISVALID=0 WHERE ISVALID=1 AND CART_TYPE=? AND CREATER=? AND SPECIFICATION_ID=? 
2018-05-20 00:28:18.458 [http-nio-8008-exec-10] DEBUG c.i.q.c.m.C.deleteProductByCart -==> Parameters: 1(Integer), 3df03888997442ad93abbcf38af00c78(String), 1b3be4ab41e348dc91d48e5e81aaada7(String)
2018-05-20 00:28:18.463 [http-nio-8008-exec-10] DEBUG c.i.q.c.m.C.deleteProductByCart -<==    Updates: 1
2018-05-20 00:31:32.781 [AsyncResolver-bootstrap-executor-0] INFO  c.n.d.s.r.aws.ConfigClusterResolver -Resolving eureka endpoints via configuration
2018-05-20 00:35:54.117 [http-nio-8008-exec-1] DEBUG c.i.q.c.m.C.queryCartByEntity -==>  Preparing: SELECT SPECIFICATION_ID AS specificationId, BUY_NUMBER AS buyNumber, CTIME AS ctime FROM T_P_CART WHERE ISVALID=1 AND SPECIFICATION_ID=? AND CART_TYPE=? AND CREATER=? 
2018-05-20 00:35:54.124 [http-nio-8008-exec-1] DEBUG c.i.q.c.m.C.queryCartByEntity -==> Parameters: 64c5a33f2726481b8a5ed1e3551637eb(String), 1(Integer), 3df03888997442ad93abbcf38af00c78(String)
2018-05-20 00:35:54.137 [http-nio-8008-exec-1] DEBUG c.i.q.c.m.C.queryCartByEntity -<==      Total: 0
2018-05-20 00:35:54.146 [http-nio-8008-exec-1] DEBUG c.i.q.c.mapper.CartMapper.insertCart -==>  Preparing: INSERT INTO T_P_CART(ID ,SPECIFICATION_ID ,BUY_NUMBER ,CART_TYPE ,CTIME ,CREATER ,ISVALID )VALUES( ? ,? ,? ,? ,? ,? ,? ) 
2018-05-20 00:35:54.150 [http-nio-8008-exec-1] DEBUG c.i.q.c.mapper.CartMapper.insertCart -==> Parameters: 470f93244cd74f92b960770ecddc1426(String), 64c5a33f2726481b8a5ed1e3551637eb(String), 1(Integer), 1(Integer), 2018-05-20 00:35:54.144(Timestamp), 3df03888997442ad93abbcf38af00c78(String), 1(Integer)
2018-05-20 00:35:54.156 [http-nio-8008-exec-1] DEBUG c.i.q.c.mapper.CartMapper.insertCart -<==    Updates: 1
2018-05-20 00:35:55.339 [http-nio-8008-exec-3] DEBUG c.i.q.c.m.CartMapper.queryCartByCart -==>  Preparing: SELECT PC.ID AS cartId, PC.BUY_NUMBER AS buyNumber, PC.SPECIFICATION_ID AS productSpecificationId, PC.CTIME AS addTime, PS.PRODUCT_ID AS productId, PS. NAME AS productSpecificationName, PS.WEIGHT AS weight, PS.PRICE AS price, PS.STOCK AS stock, PD.SELL_POINT AS sellPoint, PD.TITLE AS productTitle, PD.PIC_URL AS productPicUrl, SS.SHOP_NAME AS shopName, SS.ID AS shopId, SS.USER_ID AS merchantId FROM T_P_CART PC LEFT JOIN T_P_PRODUCT_SPECIFICATION PS ON PC.SPECIFICATION_ID = PS.ID LEFT JOIN T_P_PRODUCT_DETAIL PD ON PS.PRODUCT_ID = PD.PRODUCT_ID LEFT JOIN T_SYS_SHOP SS ON PD.CREATER=SS.USER_ID WHERE PC.ISVALID = 1 AND PD.ISVALID = 1 AND PS.ISVALID = 1 AND SS.ISVALID=1 AND PC.CART_TYPE=? AND PC.CREATER=? AND SS.SHOP_ADDRESS LIKE CONCAT(?,'%') ORDER BY PC.CTIME DESC 
2018-05-20 00:35:55.346 [http-nio-8008-exec-3] DEBUG c.i.q.c.m.CartMapper.queryCartByCart -==> Parameters: 1(Integer), 3df03888997442ad93abbcf38af00c78(String), 黑龙江省哈尔滨市(String)
2018-05-20 00:35:55.359 [http-nio-8008-exec-3] DEBUG c.i.q.c.m.CartMapper.queryCartByCart -<==      Total: 1
2018-05-20 00:35:58.125 [http-nio-8008-exec-4] DEBUG c.i.q.c.m.C.queryCartByCartIds -==>  Preparing: SELECT PC.ID AS cartId, PC.BUY_NUMBER AS buyNumber, PC.SPECIFICATION_ID AS productSpecificationId, PC.CTIME AS addTime, PS.PRODUCT_ID AS productId, PS.NAME AS productSpecificationName, PS.WEIGHT AS weight, PS.PRICE AS price, PS.STOCK AS stock, PD.SELL_POINT AS sellPoint, PD.TITLE AS productTitle, PD.PIC_URL AS productPicUrl, SS.SHOP_NAME AS shopName, SS.ID AS shopId, SS.START_PRICE AS startPrice, SS.USER_ID AS merchantId FROM T_P_CART PC LEFT JOIN T_P_PRODUCT_SPECIFICATION PS ON PC.SPECIFICATION_ID = PS.ID LEFT JOIN T_P_PRODUCT_DETAIL PD ON PS.PRODUCT_ID = PD.PRODUCT_ID LEFT JOIN T_SYS_SHOP SS ON PD.CREATER=SS.USER_ID WHERE PC.ISVALID = 1 AND PD.ISVALID = 1 AND PS.ISVALID = 1 AND SS.ISVALID=1 AND PC.ID IN ( ? ) ORDER BY SS.ID ASC,PC.CTIME DESC 
2018-05-20 00:35:58.128 [http-nio-8008-exec-4] DEBUG c.i.q.c.m.C.queryCartByCartIds -==> Parameters: 470f93244cd74f92b960770ecddc1426(String)
2018-05-20 00:35:58.135 [http-nio-8008-exec-4] DEBUG c.i.q.c.m.C.queryCartByCartIds -<==      Total: 1
2018-05-20 00:36:02.231 [http-nio-8008-exec-5] DEBUG c.i.q.c.m.C.deleteProductByCart -==>  Preparing: UPDATE T_P_CART SET ISVALID=0 WHERE ISVALID=1 AND CART_TYPE=? AND CREATER=? AND SPECIFICATION_ID=? 
2018-05-20 00:36:02.233 [http-nio-8008-exec-5] DEBUG c.i.q.c.m.C.deleteProductByCart -==> Parameters: 1(Integer), 3df03888997442ad93abbcf38af00c78(String), 64c5a33f2726481b8a5ed1e3551637eb(String)
2018-05-20 00:36:02.237 [http-nio-8008-exec-5] DEBUG c.i.q.c.m.C.deleteProductByCart -<==    Updates: 1
2018-05-20 00:36:32.801 [AsyncResolver-bootstrap-executor-0] INFO  c.n.d.s.r.aws.ConfigClusterResolver -Resolving eureka endpoints via configuration
2018-05-20 00:41:32.824 [AsyncResolver-bootstrap-executor-0] INFO  c.n.d.s.r.aws.ConfigClusterResolver -Resolving eureka endpoints via configuration
2018-05-20 00:46:32.859 [AsyncResolver-bootstrap-executor-0] INFO  c.n.d.s.r.aws.ConfigClusterResolver -Resolving eureka endpoints via configuration
2018-05-20 00:48:31.467 [http-nio-8008-exec-8] DEBUG c.i.q.c.m.C.queryCartByEntity -==>  Preparing: SELECT SPECIFICATION_ID AS specificationId, BUY_NUMBER AS buyNumber, CTIME AS ctime FROM T_P_CART WHERE ISVALID=1 AND SPECIFICATION_ID=? AND CART_TYPE=? AND CREATER=? 
2018-05-20 00:48:31.472 [http-nio-8008-exec-8] DEBUG c.i.q.c.m.C.queryCartByEntity -==> Parameters: 64c5a33f2726481b8a5ed1e3551637eb(String), 1(Integer), 3df03888997442ad93abbcf38af00c78(String)
2018-05-20 00:48:31.476 [http-nio-8008-exec-8] DEBUG c.i.q.c.m.C.queryCartByEntity -<==      Total: 0
2018-05-20 00:48:31.480 [http-nio-8008-exec-8] DEBUG c.i.q.c.mapper.CartMapper.insertCart -==>  Preparing: INSERT INTO T_P_CART(ID ,SPECIFICATION_ID ,BUY_NUMBER ,CART_TYPE ,CTIME ,CREATER ,ISVALID )VALUES( ? ,? ,? ,? ,? ,? ,? ) 
2018-05-20 00:48:31.484 [http-nio-8008-exec-8] DEBUG c.i.q.c.mapper.CartMapper.insertCart -==> Parameters: 7bd996429356438a8a8fd34d62364764(String), 64c5a33f2726481b8a5ed1e3551637eb(String), 1(Integer), 1(Integer), 2018-05-20 00:48:31.478(Timestamp), 3df03888997442ad93abbcf38af00c78(String), 1(Integer)
2018-05-20 00:48:31.489 [http-nio-8008-exec-8] DEBUG c.i.q.c.mapper.CartMapper.insertCart -<==    Updates: 1
2018-05-20 00:48:32.978 [http-nio-8008-exec-9] DEBUG c.i.q.c.m.CartMapper.queryCartByCart -==>  Preparing: SELECT PC.ID AS cartId, PC.BUY_NUMBER AS buyNumber, PC.SPECIFICATION_ID AS productSpecificationId, PC.CTIME AS addTime, PS.PRODUCT_ID AS productId, PS. NAME AS productSpecificationName, PS.WEIGHT AS weight, PS.PRICE AS price, PS.STOCK AS stock, PD.SELL_POINT AS sellPoint, PD.TITLE AS productTitle, PD.PIC_URL AS productPicUrl, SS.SHOP_NAME AS shopName, SS.ID AS shopId, SS.USER_ID AS merchantId FROM T_P_CART PC LEFT JOIN T_P_PRODUCT_SPECIFICATION PS ON PC.SPECIFICATION_ID = PS.ID LEFT JOIN T_P_PRODUCT_DETAIL PD ON PS.PRODUCT_ID = PD.PRODUCT_ID LEFT JOIN T_SYS_SHOP SS ON PD.CREATER=SS.USER_ID WHERE PC.ISVALID = 1 AND PD.ISVALID = 1 AND PS.ISVALID = 1 AND SS.ISVALID=1 AND PC.CART_TYPE=? AND PC.CREATER=? AND SS.SHOP_ADDRESS LIKE CONCAT(?,'%') ORDER BY PC.CTIME DESC 
2018-05-20 00:48:32.981 [http-nio-8008-exec-9] DEBUG c.i.q.c.m.CartMapper.queryCartByCart -==> Parameters: 1(Integer), 3df03888997442ad93abbcf38af00c78(String), 黑龙江省哈尔滨市(String)
2018-05-20 00:48:32.993 [http-nio-8008-exec-9] DEBUG c.i.q.c.m.CartMapper.queryCartByCart -<==      Total: 1
2018-05-20 00:48:36.479 [http-nio-8008-exec-10] DEBUG c.i.q.c.m.C.queryCartByCartIds -==>  Preparing: SELECT PC.ID AS cartId, PC.BUY_NUMBER AS buyNumber, PC.SPECIFICATION_ID AS productSpecificationId, PC.CTIME AS addTime, PS.PRODUCT_ID AS productId, PS.NAME AS productSpecificationName, PS.WEIGHT AS weight, PS.PRICE AS price, PS.STOCK AS stock, PD.SELL_POINT AS sellPoint, PD.TITLE AS productTitle, PD.PIC_URL AS productPicUrl, SS.SHOP_NAME AS shopName, SS.ID AS shopId, SS.START_PRICE AS startPrice, SS.USER_ID AS merchantId FROM T_P_CART PC LEFT JOIN T_P_PRODUCT_SPECIFICATION PS ON PC.SPECIFICATION_ID = PS.ID LEFT JOIN T_P_PRODUCT_DETAIL PD ON PS.PRODUCT_ID = PD.PRODUCT_ID LEFT JOIN T_SYS_SHOP SS ON PD.CREATER=SS.USER_ID WHERE PC.ISVALID = 1 AND PD.ISVALID = 1 AND PS.ISVALID = 1 AND SS.ISVALID=1 AND PC.ID IN ( ? ) ORDER BY SS.ID ASC,PC.CTIME DESC 
2018-05-20 00:48:36.482 [http-nio-8008-exec-10] DEBUG c.i.q.c.m.C.queryCartByCartIds -==> Parameters: 7bd996429356438a8a8fd34d62364764(String)
2018-05-20 00:48:36.500 [http-nio-8008-exec-10] DEBUG c.i.q.c.m.C.queryCartByCartIds -<==      Total: 1
2018-05-20 00:48:43.290 [http-nio-8008-exec-2] DEBUG c.i.q.c.m.C.deleteProductByCart -==>  Preparing: UPDATE T_P_CART SET ISVALID=0 WHERE ISVALID=1 AND CART_TYPE=? AND CREATER=? AND SPECIFICATION_ID=? 
2018-05-20 00:48:43.292 [http-nio-8008-exec-2] DEBUG c.i.q.c.m.C.deleteProductByCart -==> Parameters: 1(Integer), 3df03888997442ad93abbcf38af00c78(String), 64c5a33f2726481b8a5ed1e3551637eb(String)
2018-05-20 00:48:43.294 [http-nio-8008-exec-2] DEBUG c.i.q.c.m.C.deleteProductByCart -<==    Updates: 1
2018-05-20 00:48:46.177 [http-nio-8008-exec-3] DEBUG c.i.q.c.m.CartMapper.queryCartByCart -==>  Preparing: SELECT PC.ID AS cartId, PC.BUY_NUMBER AS buyNumber, PC.SPECIFICATION_ID AS productSpecificationId, PC.CTIME AS addTime, PS.PRODUCT_ID AS productId, PS. NAME AS productSpecificationName, PS.WEIGHT AS weight, PS.PRICE AS price, PS.STOCK AS stock, PD.SELL_POINT AS sellPoint, PD.TITLE AS productTitle, PD.PIC_URL AS productPicUrl, SS.SHOP_NAME AS shopName, SS.ID AS shopId, SS.USER_ID AS merchantId FROM T_P_CART PC LEFT JOIN T_P_PRODUCT_SPECIFICATION PS ON PC.SPECIFICATION_ID = PS.ID LEFT JOIN T_P_PRODUCT_DETAIL PD ON PS.PRODUCT_ID = PD.PRODUCT_ID LEFT JOIN T_SYS_SHOP SS ON PD.CREATER=SS.USER_ID WHERE PC.ISVALID = 1 AND PD.ISVALID = 1 AND PS.ISVALID = 1 AND SS.ISVALID=1 AND PC.CART_TYPE=? AND PC.CREATER=? AND SS.SHOP_ADDRESS LIKE CONCAT(?,'%') ORDER BY PC.CTIME DESC 
2018-05-20 00:48:46.180 [http-nio-8008-exec-3] DEBUG c.i.q.c.m.CartMapper.queryCartByCart -==> Parameters: 1(Integer), 3df03888997442ad93abbcf38af00c78(String), 黑龙江省哈尔滨市(String)
2018-05-20 00:48:46.184 [http-nio-8008-exec-3] DEBUG c.i.q.c.m.CartMapper.queryCartByCart -<==      Total: 0
2018-05-20 00:51:32.885 [AsyncResolver-bootstrap-executor-0] INFO  c.n.d.s.r.aws.ConfigClusterResolver -Resolving eureka endpoints via configuration
2018-05-20 00:56:32.943 [AsyncResolver-bootstrap-executor-0] INFO  c.n.d.s.r.aws.ConfigClusterResolver -Resolving eureka endpoints via configuration
2018-05-20 01:01:32.991 [AsyncResolver-bootstrap-executor-0] INFO  c.n.d.s.r.aws.ConfigClusterResolver -Resolving eureka endpoints via configuration
2018-05-20 01:06:35.296 [AsyncResolver-bootstrap-executor-0] INFO  c.n.d.s.r.aws.ConfigClusterResolver -Resolving eureka endpoints via configuration
2018-05-20 01:11:35.349 [AsyncResolver-bootstrap-executor-0] INFO  c.n.d.s.r.aws.ConfigClusterResolver -Resolving eureka endpoints via configuration
2018-05-20 01:16:35.380 [AsyncResolver-bootstrap-executor-0] INFO  c.n.d.s.r.aws.ConfigClusterResolver -Resolving eureka endpoints via configuration
2018-05-20 01:20:38.768 [http-nio-8008-exec-6] DEBUG c.i.q.c.m.CartMapper.queryCartByCart -==>  Preparing: SELECT PC.ID AS cartId, PC.BUY_NUMBER AS buyNumber, PC.SPECIFICATION_ID AS productSpecificationId, PC.CTIME AS addTime, PS.PRODUCT_ID AS productId, PS. NAME AS productSpecificationName, PS.WEIGHT AS weight, PS.PRICE AS price, PS.STOCK AS stock, PD.SELL_POINT AS sellPoint, PD.TITLE AS productTitle, PD.PIC_URL AS productPicUrl, SS.SHOP_NAME AS shopName, SS.ID AS shopId, SS.USER_ID AS merchantId FROM T_P_CART PC LEFT JOIN T_P_PRODUCT_SPECIFICATION PS ON PC.SPECIFICATION_ID = PS.ID LEFT JOIN T_P_PRODUCT_DETAIL PD ON PS.PRODUCT_ID = PD.PRODUCT_ID LEFT JOIN T_SYS_SHOP SS ON PD.CREATER=SS.USER_ID WHERE PC.ISVALID = 1 AND PD.ISVALID = 1 AND PS.ISVALID = 1 AND SS.ISVALID=1 AND PC.CART_TYPE=? AND PC.CREATER=? AND SS.SHOP_ADDRESS LIKE CONCAT(?,'%') ORDER BY PC.CTIME DESC 
2018-05-20 01:20:38.770 [http-nio-8008-exec-6] DEBUG c.i.q.c.m.CartMapper.queryCartByCart -==> Parameters: 1(Integer), 3df03888997442ad93abbcf38af00c78(String), 黑龙江省哈尔滨市(String)
2018-05-20 01:20:38.773 [http-nio-8008-exec-6] DEBUG c.i.q.c.m.CartMapper.queryCartByCart -<==      Total: 0
2018-05-20 01:20:47.061 [http-nio-8008-exec-8] DEBUG c.i.q.c.m.C.queryCartByEntity -==>  Preparing: SELECT SPECIFICATION_ID AS specificationId, BUY_NUMBER AS buyNumber, CTIME AS ctime FROM T_P_CART WHERE ISVALID=1 AND SPECIFICATION_ID=? AND CART_TYPE=? AND CREATER=? 
2018-05-20 01:20:47.069 [http-nio-8008-exec-8] DEBUG c.i.q.c.m.C.queryCartByEntity -==> Parameters: 64c5a33f2726481b8a5ed1e3551637eb(String), 1(Integer), 3df03888997442ad93abbcf38af00c78(String)
2018-05-20 01:20:47.072 [http-nio-8008-exec-8] DEBUG c.i.q.c.m.C.queryCartByEntity -<==      Total: 0
2018-05-20 01:20:47.076 [http-nio-8008-exec-8] DEBUG c.i.q.c.mapper.CartMapper.insertCart -==>  Preparing: INSERT INTO T_P_CART(ID ,SPECIFICATION_ID ,BUY_NUMBER ,CART_TYPE ,CTIME ,CREATER ,ISVALID )VALUES( ? ,? ,? ,? ,? ,? ,? ) 
2018-05-20 01:20:47.090 [http-nio-8008-exec-8] DEBUG c.i.q.c.mapper.CartMapper.insertCart -==> Parameters: c5b07a7d0a0e48b2a3d4b51d008c8235(String), 64c5a33f2726481b8a5ed1e3551637eb(String), 1(Integer), 1(Integer), 2018-05-20 01:20:47.074(Timestamp), 3df03888997442ad93abbcf38af00c78(String), 1(Integer)
2018-05-20 01:20:47.097 [http-nio-8008-exec-8] DEBUG c.i.q.c.mapper.CartMapper.insertCart -<==    Updates: 1
2018-05-20 01:20:47.835 [http-nio-8008-exec-9] DEBUG c.i.q.c.m.C.queryCartByEntity -==>  Preparing: SELECT SPECIFICATION_ID AS specificationId, BUY_NUMBER AS buyNumber, CTIME AS ctime FROM T_P_CART WHERE ISVALID=1 AND SPECIFICATION_ID=? AND CART_TYPE=? AND CREATER=? 
2018-05-20 01:20:47.838 [http-nio-8008-exec-9] DEBUG c.i.q.c.m.C.queryCartByEntity -==> Parameters: 1b3be4ab41e348dc91d48e5e81aaada7(String), 1(Integer), 3df03888997442ad93abbcf38af00c78(String)
2018-05-20 01:20:47.845 [http-nio-8008-exec-9] DEBUG c.i.q.c.m.C.queryCartByEntity -<==      Total: 0
2018-05-20 01:20:47.850 [http-nio-8008-exec-9] DEBUG c.i.q.c.mapper.CartMapper.insertCart -==>  Preparing: INSERT INTO T_P_CART(ID ,SPECIFICATION_ID ,BUY_NUMBER ,CART_TYPE ,CTIME ,CREATER ,ISVALID )VALUES( ? ,? ,? ,? ,? ,? ,? ) 
2018-05-20 01:20:47.854 [http-nio-8008-exec-9] DEBUG c.i.q.c.mapper.CartMapper.insertCart -==> Parameters: 4c2e696a2ec44300bb0782b3de7274bf(String), 1b3be4ab41e348dc91d48e5e81aaada7(String), 1(Integer), 1(Integer), 2018-05-20 01:20:47.847(Timestamp), 3df03888997442ad93abbcf38af00c78(String), 1(Integer)
2018-05-20 01:20:47.862 [http-nio-8008-exec-9] DEBUG c.i.q.c.mapper.CartMapper.insertCart -<==    Updates: 1
2018-05-20 01:20:49.252 [http-nio-8008-exec-10] DEBUG c.i.q.c.m.CartMapper.queryCartByCart -==>  Preparing: SELECT PC.ID AS cartId, PC.BUY_NUMBER AS buyNumber, PC.SPECIFICATION_ID AS productSpecificationId, PC.CTIME AS addTime, PS.PRODUCT_ID AS productId, PS. NAME AS productSpecificationName, PS.WEIGHT AS weight, PS.PRICE AS price, PS.STOCK AS stock, PD.SELL_POINT AS sellPoint, PD.TITLE AS productTitle, PD.PIC_URL AS productPicUrl, SS.SHOP_NAME AS shopName, SS.ID AS shopId, SS.USER_ID AS merchantId FROM T_P_CART PC LEFT JOIN T_P_PRODUCT_SPECIFICATION PS ON PC.SPECIFICATION_ID = PS.ID LEFT JOIN T_P_PRODUCT_DETAIL PD ON PS.PRODUCT_ID = PD.PRODUCT_ID LEFT JOIN T_SYS_SHOP SS ON PD.CREATER=SS.USER_ID WHERE PC.ISVALID = 1 AND PD.ISVALID = 1 AND PS.ISVALID = 1 AND SS.ISVALID=1 AND PC.CART_TYPE=? AND PC.CREATER=? AND SS.SHOP_ADDRESS LIKE CONCAT(?,'%') ORDER BY PC.CTIME DESC 
2018-05-20 01:20:49.255 [http-nio-8008-exec-10] DEBUG c.i.q.c.m.CartMapper.queryCartByCart -==> Parameters: 1(Integer), 3df03888997442ad93abbcf38af00c78(String), 黑龙江省哈尔滨市(String)
2018-05-20 01:20:49.272 [http-nio-8008-exec-10] DEBUG c.i.q.c.m.CartMapper.queryCartByCart -<==      Total: 2
2018-05-20 01:20:52.262 [http-nio-8008-exec-2] DEBUG c.i.q.c.m.C.queryCartByCartIds -==>  Preparing: SELECT PC.ID AS cartId, PC.BUY_NUMBER AS buyNumber, PC.SPECIFICATION_ID AS productSpecificationId, PC.CTIME AS addTime, PS.PRODUCT_ID AS productId, PS.NAME AS productSpecificationName, PS.WEIGHT AS weight, PS.PRICE AS price, PS.STOCK AS stock, PD.SELL_POINT AS sellPoint, PD.TITLE AS productTitle, PD.PIC_URL AS productPicUrl, SS.SHOP_NAME AS shopName, SS.ID AS shopId, SS.START_PRICE AS startPrice, SS.USER_ID AS merchantId FROM T_P_CART PC LEFT JOIN T_P_PRODUCT_SPECIFICATION PS ON PC.SPECIFICATION_ID = PS.ID LEFT JOIN T_P_PRODUCT_DETAIL PD ON PS.PRODUCT_ID = PD.PRODUCT_ID LEFT JOIN T_SYS_SHOP SS ON PD.CREATER=SS.USER_ID WHERE PC.ISVALID = 1 AND PD.ISVALID = 1 AND PS.ISVALID = 1 AND SS.ISVALID=1 AND PC.ID IN ( ? , ? ) ORDER BY SS.ID ASC,PC.CTIME DESC 
2018-05-20 01:20:52.265 [http-nio-8008-exec-2] DEBUG c.i.q.c.m.C.queryCartByCartIds -==> Parameters: 4c2e696a2ec44300bb0782b3de7274bf(String), c5b07a7d0a0e48b2a3d4b51d008c8235(String)
2018-05-20 01:20:52.277 [http-nio-8008-exec-2] DEBUG c.i.q.c.m.C.queryCartByCartIds -<==      Total: 2
2018-05-20 01:21:05.718 [http-nio-8008-exec-3] DEBUG c.i.q.c.m.C.deleteProductByCart -==>  Preparing: UPDATE T_P_CART SET ISVALID=0 WHERE ISVALID=1 AND CART_TYPE=? AND CREATER=? AND SPECIFICATION_ID=? 
2018-05-20 01:21:05.720 [http-nio-8008-exec-3] DEBUG c.i.q.c.m.C.deleteProductByCart -==> Parameters: 1(Integer), 3df03888997442ad93abbcf38af00c78(String), 1b3be4ab41e348dc91d48e5e81aaada7(String)
2018-05-20 01:21:05.774 [http-nio-8008-exec-3] DEBUG c.i.q.c.m.C.deleteProductByCart -<==    Updates: 1
2018-05-20 01:21:05.977 [http-nio-8008-exec-4] DEBUG c.i.q.c.m.C.deleteProductByCart -==>  Preparing: UPDATE T_P_CART SET ISVALID=0 WHERE ISVALID=1 AND CART_TYPE=? AND CREATER=? AND SPECIFICATION_ID=? 
2018-05-20 01:21:05.978 [http-nio-8008-exec-4] DEBUG c.i.q.c.m.C.deleteProductByCart -==> Parameters: 1(Integer), 3df03888997442ad93abbcf38af00c78(String), 1b3be4ab41e348dc91d48e5e81aaada7(String)
2018-05-20 01:21:05.981 [http-nio-8008-exec-4] DEBUG c.i.q.c.m.C.deleteProductByCart -<==    Updates: 0
2018-05-20 01:21:06.307 [http-nio-8008-exec-5] DEBUG c.i.q.c.m.C.deleteProductByCart -==>  Preparing: UPDATE T_P_CART SET ISVALID=0 WHERE ISVALID=1 AND CART_TYPE=? AND CREATER=? AND SPECIFICATION_ID=? 
2018-05-20 01:21:06.308 [http-nio-8008-exec-5] DEBUG c.i.q.c.m.C.deleteProductByCart -==> Parameters: 1(Integer), 3df03888997442ad93abbcf38af00c78(String), 64c5a33f2726481b8a5ed1e3551637eb(String)
2018-05-20 01:21:06.333 [http-nio-8008-exec-5] DEBUG c.i.q.c.m.C.deleteProductByCart -<==    Updates: 1
2018-05-20 01:21:06.458 [http-nio-8008-exec-6] DEBUG c.i.q.c.m.C.deleteProductByCart -==>  Preparing: UPDATE T_P_CART SET ISVALID=0 WHERE ISVALID=1 AND CART_TYPE=? AND CREATER=? AND SPECIFICATION_ID=? 
2018-05-20 01:21:06.460 [http-nio-8008-exec-6] DEBUG c.i.q.c.m.C.deleteProductByCart -==> Parameters: 1(Integer), 3df03888997442ad93abbcf38af00c78(String), 64c5a33f2726481b8a5ed1e3551637eb(String)
2018-05-20 01:21:06.462 [http-nio-8008-exec-6] DEBUG c.i.q.c.m.C.deleteProductByCart -<==    Updates: 0
2018-05-20 01:21:35.404 [AsyncResolver-bootstrap-executor-0] INFO  c.n.d.s.r.aws.ConfigClusterResolver -Resolving eureka endpoints via configuration
2018-05-20 01:26:35.426 [AsyncResolver-bootstrap-executor-0] INFO  c.n.d.s.r.aws.ConfigClusterResolver -Resolving eureka endpoints via configuration
2018-05-20 07:43:34.524 [main] INFO  com.ityb.qugou.CartAppliction -No active profile set, falling back to default profiles: default
2018-05-20 07:44:03.946 [main] INFO  o.a.catalina.core.StandardService -Starting service Tomcat
2018-05-20 07:44:03.956 [main] INFO  o.a.catalina.core.StandardEngine -Starting Servlet Engine: Apache Tomcat/8.5.11
2018-05-20 07:44:08.362 [localhost-startStop-1] INFO  o.a.c.c.C.[Tomcat].[localhost].[/] -Initializing Spring embedded WebApplicationContext
2018-05-20 07:44:53.144 [main] WARN  o.s.b.a.f.FreeMarkerAutoConfiguration -Cannot find template location(s): [classpath:/templates/] (please add some templates, check your FreeMarker configuration, or set spring.freemarker.checkTemplateLocation=false)
2018-05-20 07:44:59.881 [main] WARN  c.n.c.sources.URLConfigurationSource -No URLs will be polled as dynamic configuration sources.
2018-05-20 07:44:59.883 [main] INFO  c.n.c.sources.URLConfigurationSource -To enable URLs as dynamic configuration sources, define System property archaius.configurationSource.additionalUrls or make config.properties available on classpath.
2018-05-20 07:45:00.126 [main] WARN  c.n.c.sources.URLConfigurationSource -No URLs will be polled as dynamic configuration sources.
2018-05-20 07:45:00.127 [main] INFO  c.n.c.sources.URLConfigurationSource -To enable URLs as dynamic configuration sources, define System property archaius.configurationSource.additionalUrls or make config.properties available on classpath.
2018-05-20 07:45:06.329 [main] INFO  c.netflix.discovery.DiscoveryClient -Initializing Eureka in region us-east-1
2018-05-20 07:45:08.390 [main] INFO  c.n.d.p.DiscoveryJerseyProvider -Using JSON encoding codec LegacyJacksonJson
2018-05-20 07:45:08.399 [main] INFO  c.n.d.p.DiscoveryJerseyProvider -Using JSON decoding codec LegacyJacksonJson
2018-05-20 07:45:09.490 [main] INFO  c.n.d.p.DiscoveryJerseyProvider -Using XML encoding codec XStreamXml
2018-05-20 07:45:09.526 [main] INFO  c.n.d.p.DiscoveryJerseyProvider -Using XML decoding codec XStreamXml
2018-05-20 07:45:12.609 [main] INFO  c.n.d.s.r.aws.ConfigClusterResolver -Resolving eureka endpoints via configuration
2018-05-20 07:45:15.185 [main] INFO  c.netflix.discovery.DiscoveryClient -Disable delta property : false
2018-05-20 07:45:15.187 [main] INFO  c.netflix.discovery.DiscoveryClient -Single vip registry refresh property : null
2018-05-20 07:45:15.188 [main] INFO  c.netflix.discovery.DiscoveryClient -Force full registry fetch : false
2018-05-20 07:45:15.225 [main] INFO  c.netflix.discovery.DiscoveryClient -Application is null : false
2018-05-20 07:45:15.227 [main] INFO  c.netflix.discovery.DiscoveryClient -Registered Applications size is zero : true
2018-05-20 07:45:15.228 [main] INFO  c.netflix.discovery.DiscoveryClient -Application version is -1: true
2018-05-20 07:45:15.229 [main] INFO  c.netflix.discovery.DiscoveryClient -Getting all instance registry info from the eureka server
2018-05-20 07:45:16.366 [main] INFO  c.netflix.discovery.DiscoveryClient -The response status is 200
2018-05-20 07:45:16.377 [main] INFO  c.netflix.discovery.DiscoveryClient -Starting heartbeat executor: renew interval is: 30
2018-05-20 07:45:16.396 [main] INFO  c.n.discovery.InstanceInfoReplicator -InstanceInfoReplicator onDemand update allowed rate per min is 4
2018-05-20 07:45:16.421 [main] INFO  c.netflix.discovery.DiscoveryClient -Discovery Client initialized at timestamp 1526773516420 with initial instances count: 9
2018-05-20 07:45:16.985 [main] INFO  c.netflix.discovery.DiscoveryClient -Saw local status change event StatusChangeEvent [timestamp=1526773516985, current=UP, previous=STARTING]
2018-05-20 07:45:17.084 [DiscoveryClient-InstanceInfoReplicator-0] INFO  c.netflix.discovery.DiscoveryClient -DiscoveryClient_CART-SERVICE/PC-20160510GKPU:cart-service:8008: registering service...
2018-05-20 07:45:18.411 [DiscoveryClient-InstanceInfoReplicator-0] INFO  c.netflix.discovery.DiscoveryClient -DiscoveryClient_CART-SERVICE/PC-20160510GKPU:cart-service:8008 - registration status: 204
2018-05-20 07:45:18.840 [main] INFO  com.ityb.qugou.CartAppliction -Started CartAppliction in 126.025 seconds (JVM running for 131.122)
2018-05-20 07:48:18.723 [http-nio-8008-exec-1] INFO  o.a.c.c.C.[Tomcat].[localhost].[/] -Initializing Spring FrameworkServlet 'dispatcherServlet'
2018-05-20 07:48:21.764 [http-nio-8008-exec-2] DEBUG c.i.q.c.m.CartMapper.queryCartByCart -==>  Preparing: SELECT PC.ID AS cartId, PC.BUY_NUMBER AS buyNumber, PC.SPECIFICATION_ID AS productSpecificationId, PC.CTIME AS addTime, PS.PRODUCT_ID AS productId, PS. NAME AS productSpecificationName, PS.WEIGHT AS weight, PS.PRICE AS price, PS.STOCK AS stock, PD.SELL_POINT AS sellPoint, PD.TITLE AS productTitle, PD.PIC_URL AS productPicUrl, SS.SHOP_NAME AS shopName, SS.ID AS shopId, SS.USER_ID AS merchantId FROM T_P_CART PC LEFT JOIN T_P_PRODUCT_SPECIFICATION PS ON PC.SPECIFICATION_ID = PS.ID LEFT JOIN T_P_PRODUCT_DETAIL PD ON PS.PRODUCT_ID = PD.PRODUCT_ID LEFT JOIN T_SYS_SHOP SS ON PD.CREATER=SS.USER_ID WHERE PC.ISVALID = 1 AND PD.ISVALID = 1 AND PS.ISVALID = 1 AND SS.ISVALID=1 AND PC.CART_TYPE=? AND PC.CREATER=? AND SS.SHOP_ADDRESS LIKE CONCAT(?,'%') ORDER BY PC.CTIME DESC 
2018-05-20 07:48:21.764 [http-nio-8008-exec-1] DEBUG c.i.q.c.m.CartMapper.queryCartByCart -==>  Preparing: SELECT PC.ID AS cartId, PC.BUY_NUMBER AS buyNumber, PC.SPECIFICATION_ID AS productSpecificationId, PC.CTIME AS addTime, PS.PRODUCT_ID AS productId, PS. NAME AS productSpecificationName, PS.WEIGHT AS weight, PS.PRICE AS price, PS.STOCK AS stock, PD.SELL_POINT AS sellPoint, PD.TITLE AS productTitle, PD.PIC_URL AS productPicUrl, SS.SHOP_NAME AS shopName, SS.ID AS shopId, SS.USER_ID AS merchantId FROM T_P_CART PC LEFT JOIN T_P_PRODUCT_SPECIFICATION PS ON PC.SPECIFICATION_ID = PS.ID LEFT JOIN T_P_PRODUCT_DETAIL PD ON PS.PRODUCT_ID = PD.PRODUCT_ID LEFT JOIN T_SYS_SHOP SS ON PD.CREATER=SS.USER_ID WHERE PC.ISVALID = 1 AND PD.ISVALID = 1 AND PS.ISVALID = 1 AND SS.ISVALID=1 AND PC.CART_TYPE=? AND PC.CREATER=? AND SS.SHOP_ADDRESS LIKE CONCAT(?,'%') ORDER BY PC.CTIME DESC 
2018-05-20 07:48:21.889 [http-nio-8008-exec-1] DEBUG c.i.q.c.m.CartMapper.queryCartByCart -==> Parameters: 1(Integer), 3df03888997442ad93abbcf38af00c78(String), 黑龙江省哈尔滨市(String)
2018-05-20 07:48:21.896 [http-nio-8008-exec-2] DEBUG c.i.q.c.m.CartMapper.queryCartByCart -==> Parameters: 1(Integer), 3df03888997442ad93abbcf38af00c78(String), 黑龙江省哈尔滨市(String)
2018-05-20 07:48:22.001 [http-nio-8008-exec-1] DEBUG c.i.q.c.m.CartMapper.queryCartByCart -<==      Total: 0
2018-05-20 07:48:22.005 [http-nio-8008-exec-2] DEBUG c.i.q.c.m.CartMapper.queryCartByCart -<==      Total: 0
2018-05-20 07:49:57.164 [http-nio-8008-exec-5] DEBUG c.i.q.c.m.CartMapper.queryCartByCart -==>  Preparing: SELECT PC.ID AS cartId, PC.BUY_NUMBER AS buyNumber, PC.SPECIFICATION_ID AS productSpecificationId, PC.CTIME AS addTime, PS.PRODUCT_ID AS productId, PS. NAME AS productSpecificationName, PS.WEIGHT AS weight, PS.PRICE AS price, PS.STOCK AS stock, PD.SELL_POINT AS sellPoint, PD.TITLE AS productTitle, PD.PIC_URL AS productPicUrl, SS.SHOP_NAME AS shopName, SS.ID AS shopId, SS.USER_ID AS merchantId FROM T_P_CART PC LEFT JOIN T_P_PRODUCT_SPECIFICATION PS ON PC.SPECIFICATION_ID = PS.ID LEFT JOIN T_P_PRODUCT_DETAIL PD ON PS.PRODUCT_ID = PD.PRODUCT_ID LEFT JOIN T_SYS_SHOP SS ON PD.CREATER=SS.USER_ID WHERE PC.ISVALID = 1 AND PD.ISVALID = 1 AND PS.ISVALID = 1 AND SS.ISVALID=1 AND PC.CART_TYPE=? AND PC.CREATER=? AND SS.SHOP_ADDRESS LIKE CONCAT(?,'%') ORDER BY PC.CTIME DESC 
2018-05-20 07:49:57.180 [http-nio-8008-exec-5] DEBUG c.i.q.c.m.CartMapper.queryCartByCart -==> Parameters: 1(Integer), 3df03888997442ad93abbcf38af00c78(String), 黑龙江省哈尔滨市(String)
2018-05-20 07:49:57.186 [http-nio-8008-exec-5] DEBUG c.i.q.c.m.CartMapper.queryCartByCart -<==      Total: 0
2018-05-20 07:50:07.521 [http-nio-8008-exec-7] DEBUG c.i.q.c.m.CartMapper.queryCartByCart -==>  Preparing: SELECT PC.ID AS cartId, PC.BUY_NUMBER AS buyNumber, PC.SPECIFICATION_ID AS productSpecificationId, PC.CTIME AS addTime, PS.PRODUCT_ID AS productId, PS. NAME AS productSpecificationName, PS.WEIGHT AS weight, PS.PRICE AS price, PS.STOCK AS stock, PD.SELL_POINT AS sellPoint, PD.TITLE AS productTitle, PD.PIC_URL AS productPicUrl, SS.SHOP_NAME AS shopName, SS.ID AS shopId, SS.USER_ID AS merchantId FROM T_P_CART PC LEFT JOIN T_P_PRODUCT_SPECIFICATION PS ON PC.SPECIFICATION_ID = PS.ID LEFT JOIN T_P_PRODUCT_DETAIL PD ON PS.PRODUCT_ID = PD.PRODUCT_ID LEFT JOIN T_SYS_SHOP SS ON PD.CREATER=SS.USER_ID WHERE PC.ISVALID = 1 AND PD.ISVALID = 1 AND PS.ISVALID = 1 AND SS.ISVALID=1 AND PC.CART_TYPE=? AND PC.CREATER=? AND SS.SHOP_ADDRESS LIKE CONCAT(?,'%') ORDER BY PC.CTIME DESC 
2018-05-20 07:50:07.527 [http-nio-8008-exec-7] DEBUG c.i.q.c.m.CartMapper.queryCartByCart -==> Parameters: 1(Integer), 3df03888997442ad93abbcf38af00c78(String), 黑龙江省哈尔滨市(String)
2018-05-20 07:50:07.535 [http-nio-8008-exec-7] DEBUG c.i.q.c.m.CartMapper.queryCartByCart -<==      Total: 0
2018-05-20 07:50:11.317 [http-nio-8008-exec-8] DEBUG c.i.q.c.m.C.queryCartByEntity -==>  Preparing: SELECT SPECIFICATION_ID AS specificationId, BUY_NUMBER AS buyNumber, CTIME AS ctime FROM T_P_CART WHERE ISVALID=1 AND SPECIFICATION_ID=? AND CART_TYPE=? AND CREATER=? 
2018-05-20 07:50:11.325 [http-nio-8008-exec-8] DEBUG c.i.q.c.m.C.queryCartByEntity -==> Parameters: 64c5a33f2726481b8a5ed1e3551637eb(String), 1(Integer), 3df03888997442ad93abbcf38af00c78(String)
2018-05-20 07:50:11.328 [http-nio-8008-exec-8] DEBUG c.i.q.c.m.C.queryCartByEntity -<==      Total: 0
2018-05-20 07:50:11.367 [http-nio-8008-exec-8] DEBUG c.i.q.c.mapper.CartMapper.insertCart -==>  Preparing: INSERT INTO T_P_CART(ID ,SPECIFICATION_ID ,BUY_NUMBER ,CART_TYPE ,CTIME ,CREATER ,ISVALID )VALUES( ? ,? ,? ,? ,? ,? ,? ) 
2018-05-20 07:50:11.372 [http-nio-8008-exec-8] DEBUG c.i.q.c.mapper.CartMapper.insertCart -==> Parameters: 3fa0c346fc52410eaf3c55382d5851fb(String), 64c5a33f2726481b8a5ed1e3551637eb(String), 1(Integer), 1(Integer), 2018-05-20 07:50:11.364(Timestamp), 3df03888997442ad93abbcf38af00c78(String), 1(Integer)
2018-05-20 07:50:11.389 [http-nio-8008-exec-8] DEBUG c.i.q.c.mapper.CartMapper.insertCart -<==    Updates: 1
2018-05-20 07:50:12.984 [http-nio-8008-exec-9] DEBUG c.i.q.c.m.CartMapper.queryCartByCart -==>  Preparing: SELECT PC.ID AS cartId, PC.BUY_NUMBER AS buyNumber, PC.SPECIFICATION_ID AS productSpecificationId, PC.CTIME AS addTime, PS.PRODUCT_ID AS productId, PS. NAME AS productSpecificationName, PS.WEIGHT AS weight, PS.PRICE AS price, PS.STOCK AS stock, PD.SELL_POINT AS sellPoint, PD.TITLE AS productTitle, PD.PIC_URL AS productPicUrl, SS.SHOP_NAME AS shopName, SS.ID AS shopId, SS.USER_ID AS merchantId FROM T_P_CART PC LEFT JOIN T_P_PRODUCT_SPECIFICATION PS ON PC.SPECIFICATION_ID = PS.ID LEFT JOIN T_P_PRODUCT_DETAIL PD ON PS.PRODUCT_ID = PD.PRODUCT_ID LEFT JOIN T_SYS_SHOP SS ON PD.CREATER=SS.USER_ID WHERE PC.ISVALID = 1 AND PD.ISVALID = 1 AND PS.ISVALID = 1 AND SS.ISVALID=1 AND PC.CART_TYPE=? AND PC.CREATER=? AND SS.SHOP_ADDRESS LIKE CONCAT(?,'%') ORDER BY PC.CTIME DESC 
2018-05-20 07:50:12.989 [http-nio-8008-exec-9] DEBUG c.i.q.c.m.CartMapper.queryCartByCart -==> Parameters: 1(Integer), 3df03888997442ad93abbcf38af00c78(String), 黑龙江省哈尔滨市(String)
2018-05-20 07:50:13.036 [http-nio-8008-exec-9] DEBUG c.i.q.c.m.CartMapper.queryCartByCart -<==      Total: 1
2018-05-20 07:50:15.285 [AsyncResolver-bootstrap-executor-0] INFO  c.n.d.s.r.aws.ConfigClusterResolver -Resolving eureka endpoints via configuration
2018-05-20 07:50:20.211 [http-nio-8008-exec-10] DEBUG c.i.q.c.m.C.queryCartByCartIds -==>  Preparing: SELECT PC.ID AS cartId, PC.BUY_NUMBER AS buyNumber, PC.SPECIFICATION_ID AS productSpecificationId, PC.CTIME AS addTime, PS.PRODUCT_ID AS productId, PS.NAME AS productSpecificationName, PS.WEIGHT AS weight, PS.PRICE AS price, PS.STOCK AS stock, PD.SELL_POINT AS sellPoint, PD.TITLE AS productTitle, PD.PIC_URL AS productPicUrl, SS.SHOP_NAME AS shopName, SS.ID AS shopId, SS.START_PRICE AS startPrice, SS.USER_ID AS merchantId FROM T_P_CART PC LEFT JOIN T_P_PRODUCT_SPECIFICATION PS ON PC.SPECIFICATION_ID = PS.ID LEFT JOIN T_P_PRODUCT_DETAIL PD ON PS.PRODUCT_ID = PD.PRODUCT_ID LEFT JOIN T_SYS_SHOP SS ON PD.CREATER=SS.USER_ID WHERE PC.ISVALID = 1 AND PD.ISVALID = 1 AND PS.ISVALID = 1 AND SS.ISVALID=1 AND PC.ID IN ( ? ) ORDER BY SS.ID ASC,PC.CTIME DESC 
2018-05-20 07:50:20.216 [http-nio-8008-exec-10] DEBUG c.i.q.c.m.C.queryCartByCartIds -==> Parameters: 3fa0c346fc52410eaf3c55382d5851fb(String)
2018-05-20 07:50:20.229 [http-nio-8008-exec-10] DEBUG c.i.q.c.m.C.queryCartByCartIds -<==      Total: 1
2018-05-20 07:50:34.107 [http-nio-8008-exec-2] DEBUG c.i.q.c.m.C.deleteProductByCart -==>  Preparing: UPDATE T_P_CART SET ISVALID=0 WHERE ISVALID=1 AND CART_TYPE=? AND CREATER=? AND SPECIFICATION_ID=? 
2018-05-20 07:50:34.109 [http-nio-8008-exec-2] DEBUG c.i.q.c.m.C.deleteProductByCart -==> Parameters: 1(Integer), 3df03888997442ad93abbcf38af00c78(String), 64c5a33f2726481b8a5ed1e3551637eb(String)
2018-05-20 07:50:34.118 [http-nio-8008-exec-2] DEBUG c.i.q.c.m.C.deleteProductByCart -<==    Updates: 1
2018-05-20 07:53:24.753 [http-nio-8008-exec-4] DEBUG c.i.q.c.m.C.queryCartByEntity -==>  Preparing: SELECT SPECIFICATION_ID AS specificationId, BUY_NUMBER AS buyNumber, CTIME AS ctime FROM T_P_CART WHERE ISVALID=1 AND SPECIFICATION_ID=? AND CART_TYPE=? AND CREATER=? 
2018-05-20 07:53:24.759 [http-nio-8008-exec-4] DEBUG c.i.q.c.m.C.queryCartByEntity -==> Parameters: 1b3be4ab41e348dc91d48e5e81aaada7(String), 1(Integer), 3df03888997442ad93abbcf38af00c78(String)
2018-05-20 07:53:24.766 [http-nio-8008-exec-4] DEBUG c.i.q.c.m.C.queryCartByEntity -<==      Total: 0
2018-05-20 07:53:24.774 [http-nio-8008-exec-4] DEBUG c.i.q.c.mapper.CartMapper.insertCart -==>  Preparing: INSERT INTO T_P_CART(ID ,SPECIFICATION_ID ,BUY_NUMBER ,CART_TYPE ,CTIME ,CREATER ,ISVALID )VALUES( ? ,? ,? ,? ,? ,? ,? ) 
2018-05-20 07:53:24.780 [http-nio-8008-exec-4] DEBUG c.i.q.c.mapper.CartMapper.insertCart -==> Parameters: 4ea5baff126f45dfbb013f810f96645d(String), 1b3be4ab41e348dc91d48e5e81aaada7(String), 1(Integer), 1(Integer), 2018-05-20 07:53:24.769(Timestamp), 3df03888997442ad93abbcf38af00c78(String), 1(Integer)
2018-05-20 07:53:24.790 [http-nio-8008-exec-4] DEBUG c.i.q.c.mapper.CartMapper.insertCart -<==    Updates: 1
2018-05-20 07:53:26.208 [http-nio-8008-exec-5] DEBUG c.i.q.c.m.CartMapper.queryCartByCart -==>  Preparing: SELECT PC.ID AS cartId, PC.BUY_NUMBER AS buyNumber, PC.SPECIFICATION_ID AS productSpecificationId, PC.CTIME AS addTime, PS.PRODUCT_ID AS productId, PS. NAME AS productSpecificationName, PS.WEIGHT AS weight, PS.PRICE AS price, PS.STOCK AS stock, PD.SELL_POINT AS sellPoint, PD.TITLE AS productTitle, PD.PIC_URL AS productPicUrl, SS.SHOP_NAME AS shopName, SS.ID AS shopId, SS.USER_ID AS merchantId FROM T_P_CART PC LEFT JOIN T_P_PRODUCT_SPECIFICATION PS ON PC.SPECIFICATION_ID = PS.ID LEFT JOIN T_P_PRODUCT_DETAIL PD ON PS.PRODUCT_ID = PD.PRODUCT_ID LEFT JOIN T_SYS_SHOP SS ON PD.CREATER=SS.USER_ID WHERE PC.ISVALID = 1 AND PD.ISVALID = 1 AND PS.ISVALID = 1 AND SS.ISVALID=1 AND PC.CART_TYPE=? AND PC.CREATER=? AND SS.SHOP_ADDRESS LIKE CONCAT(?,'%') ORDER BY PC.CTIME DESC 
2018-05-20 07:53:26.211 [http-nio-8008-exec-5] DEBUG c.i.q.c.m.CartMapper.queryCartByCart -==> Parameters: 1(Integer), 3df03888997442ad93abbcf38af00c78(String), 黑龙江省哈尔滨市(String)
2018-05-20 07:53:26.223 [http-nio-8008-exec-5] DEBUG c.i.q.c.m.CartMapper.queryCartByCart -<==      Total: 1
2018-05-20 07:53:29.753 [http-nio-8008-exec-6] DEBUG c.i.q.c.m.C.queryCartByCartIds -==>  Preparing: SELECT PC.ID AS cartId, PC.BUY_NUMBER AS buyNumber, PC.SPECIFICATION_ID AS productSpecificationId, PC.CTIME AS addTime, PS.PRODUCT_ID AS productId, PS.NAME AS productSpecificationName, PS.WEIGHT AS weight, PS.PRICE AS price, PS.STOCK AS stock, PD.SELL_POINT AS sellPoint, PD.TITLE AS productTitle, PD.PIC_URL AS productPicUrl, SS.SHOP_NAME AS shopName, SS.ID AS shopId, SS.START_PRICE AS startPrice, SS.USER_ID AS merchantId FROM T_P_CART PC LEFT JOIN T_P_PRODUCT_SPECIFICATION PS ON PC.SPECIFICATION_ID = PS.ID LEFT JOIN T_P_PRODUCT_DETAIL PD ON PS.PRODUCT_ID = PD.PRODUCT_ID LEFT JOIN T_SYS_SHOP SS ON PD.CREATER=SS.USER_ID WHERE PC.ISVALID = 1 AND PD.ISVALID = 1 AND PS.ISVALID = 1 AND SS.ISVALID=1 AND PC.ID IN ( ? ) ORDER BY SS.ID ASC,PC.CTIME DESC 
2018-05-20 07:53:29.756 [http-nio-8008-exec-6] DEBUG c.i.q.c.m.C.queryCartByCartIds -==> Parameters: 4ea5baff126f45dfbb013f810f96645d(String)
2018-05-20 07:53:29.770 [http-nio-8008-exec-6] DEBUG c.i.q.c.m.C.queryCartByCartIds -<==      Total: 1
2018-05-20 07:53:36.163 [http-nio-8008-exec-7] DEBUG c.i.q.c.m.C.deleteProductByCart -==>  Preparing: UPDATE T_P_CART SET ISVALID=0 WHERE ISVALID=1 AND CART_TYPE=? AND CREATER=? AND SPECIFICATION_ID=? 
2018-05-20 07:53:36.168 [http-nio-8008-exec-7] DEBUG c.i.q.c.m.C.deleteProductByCart -==> Parameters: 1(Integer), 3df03888997442ad93abbcf38af00c78(String), 1b3be4ab41e348dc91d48e5e81aaada7(String)
2018-05-20 07:53:36.182 [http-nio-8008-exec-7] DEBUG c.i.q.c.m.C.deleteProductByCart -<==    Updates: 1
2018-05-20 07:55:15.301 [AsyncResolver-bootstrap-executor-0] INFO  c.n.d.s.r.aws.ConfigClusterResolver -Resolving eureka endpoints via configuration
2018-05-20 08:00:15.317 [AsyncResolver-bootstrap-executor-0] INFO  c.n.d.s.r.aws.ConfigClusterResolver -Resolving eureka endpoints via configuration
2018-05-20 08:04:14.562 [http-nio-8008-exec-10] DEBUG c.i.q.c.m.CartMapper.queryCartByCart -==>  Preparing: SELECT PC.ID AS cartId, PC.BUY_NUMBER AS buyNumber, PC.SPECIFICATION_ID AS productSpecificationId, PC.CTIME AS addTime, PS.PRODUCT_ID AS productId, PS. NAME AS productSpecificationName, PS.WEIGHT AS weight, PS.PRICE AS price, PS.STOCK AS stock, PD.SELL_POINT AS sellPoint, PD.TITLE AS productTitle, PD.PIC_URL AS productPicUrl, SS.SHOP_NAME AS shopName, SS.ID AS shopId, SS.USER_ID AS merchantId FROM T_P_CART PC LEFT JOIN T_P_PRODUCT_SPECIFICATION PS ON PC.SPECIFICATION_ID = PS.ID LEFT JOIN T_P_PRODUCT_DETAIL PD ON PS.PRODUCT_ID = PD.PRODUCT_ID LEFT JOIN T_SYS_SHOP SS ON PD.CREATER=SS.USER_ID WHERE PC.ISVALID = 1 AND PD.ISVALID = 1 AND PS.ISVALID = 1 AND SS.ISVALID=1 AND PC.CART_TYPE=? AND PC.CREATER=? AND SS.SHOP_ADDRESS LIKE CONCAT(?,'%') ORDER BY PC.CTIME DESC 
2018-05-20 08:04:14.566 [http-nio-8008-exec-10] DEBUG c.i.q.c.m.CartMapper.queryCartByCart -==> Parameters: 1(Integer), 3df03888997442ad93abbcf38af00c78(String), 黑龙江省哈尔滨市(String)
2018-05-20 08:04:14.570 [http-nio-8008-exec-10] DEBUG c.i.q.c.m.CartMapper.queryCartByCart -<==      Total: 0
2018-05-20 08:05:15.332 [AsyncResolver-bootstrap-executor-0] INFO  c.n.d.s.r.aws.ConfigClusterResolver -Resolving eureka endpoints via configuration
2018-05-20 08:10:15.345 [AsyncResolver-bootstrap-executor-0] INFO  c.n.d.s.r.aws.ConfigClusterResolver -Resolving eureka endpoints via configuration
2018-05-20 08:15:15.361 [AsyncResolver-bootstrap-executor-0] INFO  c.n.d.s.r.aws.ConfigClusterResolver -Resolving eureka endpoints via configuration
2018-05-20 08:20:15.375 [AsyncResolver-bootstrap-executor-0] INFO  c.n.d.s.r.aws.ConfigClusterResolver -Resolving eureka endpoints via configuration
2018-05-20 08:25:15.399 [AsyncResolver-bootstrap-executor-0] INFO  c.n.d.s.r.aws.ConfigClusterResolver -Resolving eureka endpoints via configuration
2018-05-20 08:30:15.454 [AsyncResolver-bootstrap-executor-0] INFO  c.n.d.s.r.aws.ConfigClusterResolver -Resolving eureka endpoints via configuration
2018-05-20 08:32:58.780 [http-nio-8008-exec-2] DEBUG c.i.q.c.m.CartMapper.queryCartByCart -==>  Preparing: SELECT PC.ID AS cartId, PC.BUY_NUMBER AS buyNumber, PC.SPECIFICATION_ID AS productSpecificationId, PC.CTIME AS addTime, PS.PRODUCT_ID AS productId, PS. NAME AS productSpecificationName, PS.WEIGHT AS weight, PS.PRICE AS price, PS.STOCK AS stock, PD.SELL_POINT AS sellPoint, PD.TITLE AS productTitle, PD.PIC_URL AS productPicUrl, SS.SHOP_NAME AS shopName, SS.ID AS shopId, SS.USER_ID AS merchantId FROM T_P_CART PC LEFT JOIN T_P_PRODUCT_SPECIFICATION PS ON PC.SPECIFICATION_ID = PS.ID LEFT JOIN T_P_PRODUCT_DETAIL PD ON PS.PRODUCT_ID = PD.PRODUCT_ID LEFT JOIN T_SYS_SHOP SS ON PD.CREATER=SS.USER_ID WHERE PC.ISVALID = 1 AND PD.ISVALID = 1 AND PS.ISVALID = 1 AND SS.ISVALID=1 AND PC.CART_TYPE=? AND PC.CREATER=? AND SS.SHOP_ADDRESS LIKE CONCAT(?,'%') ORDER BY PC.CTIME DESC 
2018-05-20 08:32:58.783 [http-nio-8008-exec-2] DEBUG c.i.q.c.m.CartMapper.queryCartByCart -==> Parameters: 1(Integer), 3df03888997442ad93abbcf38af00c78(String), 黑龙江省哈尔滨市(String)
2018-05-20 08:32:58.787 [http-nio-8008-exec-2] DEBUG c.i.q.c.m.CartMapper.queryCartByCart -<==      Total: 0
2018-05-20 08:33:34.268 [http-nio-8008-exec-4] DEBUG c.i.q.c.m.C.queryCartByEntity -==>  Preparing: SELECT SPECIFICATION_ID AS specificationId, BUY_NUMBER AS buyNumber, CTIME AS ctime FROM T_P_CART WHERE ISVALID=1 AND SPECIFICATION_ID=? AND CART_TYPE=? AND CREATER=? 
2018-05-20 08:33:34.272 [http-nio-8008-exec-4] DEBUG c.i.q.c.m.C.queryCartByEntity -==> Parameters: 1b3be4ab41e348dc91d48e5e81aaada7(String), 1(Integer), 3df03888997442ad93abbcf38af00c78(String)
2018-05-20 08:33:34.279 [http-nio-8008-exec-4] DEBUG c.i.q.c.m.C.queryCartByEntity -<==      Total: 0
2018-05-20 08:33:34.283 [http-nio-8008-exec-4] DEBUG c.i.q.c.mapper.CartMapper.insertCart -==>  Preparing: INSERT INTO T_P_CART(ID ,SPECIFICATION_ID ,BUY_NUMBER ,CART_TYPE ,CTIME ,CREATER ,ISVALID )VALUES( ? ,? ,? ,? ,? ,? ,? ) 
2018-05-20 08:33:34.287 [http-nio-8008-exec-4] DEBUG c.i.q.c.mapper.CartMapper.insertCart -==> Parameters: c11a97da338f488187f4574477abc82d(String), 1b3be4ab41e348dc91d48e5e81aaada7(String), 1(Integer), 1(Integer), 2018-05-20 08:33:34.28(Timestamp), 3df03888997442ad93abbcf38af00c78(String), 1(Integer)
2018-05-20 08:33:34.303 [http-nio-8008-exec-4] DEBUG c.i.q.c.mapper.CartMapper.insertCart -<==    Updates: 1
2018-05-20 08:33:36.716 [http-nio-8008-exec-5] DEBUG c.i.q.c.m.C.queryCartByEntity -==>  Preparing: SELECT SPECIFICATION_ID AS specificationId, BUY_NUMBER AS buyNumber, CTIME AS ctime FROM T_P_CART WHERE ISVALID=1 AND SPECIFICATION_ID=? AND CART_TYPE=? AND CREATER=? 
2018-05-20 08:33:36.720 [http-nio-8008-exec-5] DEBUG c.i.q.c.m.C.queryCartByEntity -==> Parameters: 64c5a33f2726481b8a5ed1e3551637eb(String), 1(Integer), 3df03888997442ad93abbcf38af00c78(String)
2018-05-20 08:33:36.724 [http-nio-8008-exec-5] DEBUG c.i.q.c.m.C.queryCartByEntity -<==      Total: 0
2018-05-20 08:33:36.730 [http-nio-8008-exec-5] DEBUG c.i.q.c.mapper.CartMapper.insertCart -==>  Preparing: INSERT INTO T_P_CART(ID ,SPECIFICATION_ID ,BUY_NUMBER ,CART_TYPE ,CTIME ,CREATER ,ISVALID )VALUES( ? ,? ,? ,? ,? ,? ,? ) 
2018-05-20 08:33:36.735 [http-nio-8008-exec-5] DEBUG c.i.q.c.mapper.CartMapper.insertCart -==> Parameters: 9554baa352b44c1c93f206f107f4d20b(String), 64c5a33f2726481b8a5ed1e3551637eb(String), 1(Integer), 1(Integer), 2018-05-20 08:33:36.726(Timestamp), 3df03888997442ad93abbcf38af00c78(String), 1(Integer)
2018-05-20 08:33:36.741 [http-nio-8008-exec-5] DEBUG c.i.q.c.mapper.CartMapper.insertCart -<==    Updates: 1
2018-05-20 08:35:15.468 [AsyncResolver-bootstrap-executor-0] INFO  c.n.d.s.r.aws.ConfigClusterResolver -Resolving eureka endpoints via configuration
2018-05-20 08:40:15.482 [AsyncResolver-bootstrap-executor-0] INFO  c.n.d.s.r.aws.ConfigClusterResolver -Resolving eureka endpoints via configuration
2018-05-20 08:45:15.502 [AsyncResolver-bootstrap-executor-0] INFO  c.n.d.s.r.aws.ConfigClusterResolver -Resolving eureka endpoints via configuration
2018-05-20 08:50:15.516 [AsyncResolver-bootstrap-executor-0] INFO  c.n.d.s.r.aws.ConfigClusterResolver -Resolving eureka endpoints via configuration
2018-05-20 08:55:15.529 [AsyncResolver-bootstrap-executor-0] INFO  c.n.d.s.r.aws.ConfigClusterResolver -Resolving eureka endpoints via configuration
2018-05-20 08:58:38.863 [http-nio-8008-exec-7] DEBUG c.i.q.c.m.C.queryCartByEntity -==>  Preparing: SELECT SPECIFICATION_ID AS specificationId, BUY_NUMBER AS buyNumber, CTIME AS ctime FROM T_P_CART WHERE ISVALID=1 AND SPECIFICATION_ID=? AND CART_TYPE=? AND CREATER=? 
2018-05-20 08:58:38.866 [http-nio-8008-exec-7] DEBUG c.i.q.c.m.C.queryCartByEntity -==> Parameters: 5829fcdcf32f4147bce75c0616db4650(String), 1(Integer), 3df03888997442ad93abbcf38af00c78(String)
2018-05-20 08:58:38.870 [http-nio-8008-exec-7] DEBUG c.i.q.c.m.C.queryCartByEntity -<==      Total: 0
2018-05-20 08:58:38.879 [http-nio-8008-exec-7] DEBUG c.i.q.c.mapper.CartMapper.insertCart -==>  Preparing: INSERT INTO T_P_CART(ID ,SPECIFICATION_ID ,BUY_NUMBER ,CART_TYPE ,CTIME ,CREATER ,ISVALID )VALUES( ? ,? ,? ,? ,? ,? ,? ) 
2018-05-20 08:58:38.884 [http-nio-8008-exec-7] DEBUG c.i.q.c.mapper.CartMapper.insertCart -==> Parameters: b224bd742811482b86612e88f8bf90ef(String), 5829fcdcf32f4147bce75c0616db4650(String), 1(Integer), 1(Integer), 2018-05-20 08:58:38.875(Timestamp), 3df03888997442ad93abbcf38af00c78(String), 1(Integer)
2018-05-20 08:58:38.893 [http-nio-8008-exec-7] DEBUG c.i.q.c.mapper.CartMapper.insertCart -<==    Updates: 1
2018-05-20 08:58:40.899 [http-nio-8008-exec-8] DEBUG c.i.q.c.m.CartMapper.queryCartByCart -==>  Preparing: SELECT PC.ID AS cartId, PC.BUY_NUMBER AS buyNumber, PC.SPECIFICATION_ID AS productSpecificationId, PC.CTIME AS addTime, PS.PRODUCT_ID AS productId, PS. NAME AS productSpecificationName, PS.WEIGHT AS weight, PS.PRICE AS price, PS.STOCK AS stock, PD.SELL_POINT AS sellPoint, PD.TITLE AS productTitle, PD.PIC_URL AS productPicUrl, SS.SHOP_NAME AS shopName, SS.ID AS shopId, SS.USER_ID AS merchantId FROM T_P_CART PC LEFT JOIN T_P_PRODUCT_SPECIFICATION PS ON PC.SPECIFICATION_ID = PS.ID LEFT JOIN T_P_PRODUCT_DETAIL PD ON PS.PRODUCT_ID = PD.PRODUCT_ID LEFT JOIN T_SYS_SHOP SS ON PD.CREATER=SS.USER_ID WHERE PC.ISVALID = 1 AND PD.ISVALID = 1 AND PS.ISVALID = 1 AND SS.ISVALID=1 AND PC.CART_TYPE=? AND PC.CREATER=? AND SS.SHOP_ADDRESS LIKE CONCAT(?,'%') ORDER BY PC.CTIME DESC 
2018-05-20 08:58:40.904 [http-nio-8008-exec-8] DEBUG c.i.q.c.m.CartMapper.queryCartByCart -==> Parameters: 1(Integer), 3df03888997442ad93abbcf38af00c78(String), 黑龙江省哈尔滨市(String)
2018-05-20 08:58:40.928 [http-nio-8008-exec-8] DEBUG c.i.q.c.m.CartMapper.queryCartByCart -<==      Total: 3
2018-05-20 08:58:48.865 [http-nio-8008-exec-10] DEBUG c.i.q.c.m.C.queryCartByCartIds -==>  Preparing: SELECT PC.ID AS cartId, PC.BUY_NUMBER AS buyNumber, PC.SPECIFICATION_ID AS productSpecificationId, PC.CTIME AS addTime, PS.PRODUCT_ID AS productId, PS.NAME AS productSpecificationName, PS.WEIGHT AS weight, PS.PRICE AS price, PS.STOCK AS stock, PD.SELL_POINT AS sellPoint, PD.TITLE AS productTitle, PD.PIC_URL AS productPicUrl, SS.SHOP_NAME AS shopName, SS.ID AS shopId, SS.START_PRICE AS startPrice, SS.USER_ID AS merchantId FROM T_P_CART PC LEFT JOIN T_P_PRODUCT_SPECIFICATION PS ON PC.SPECIFICATION_ID = PS.ID LEFT JOIN T_P_PRODUCT_DETAIL PD ON PS.PRODUCT_ID = PD.PRODUCT_ID LEFT JOIN T_SYS_SHOP SS ON PD.CREATER=SS.USER_ID WHERE PC.ISVALID = 1 AND PD.ISVALID = 1 AND PS.ISVALID = 1 AND SS.ISVALID=1 AND PC.ID IN ( ? , ? ) ORDER BY SS.ID ASC,PC.CTIME DESC 
2018-05-20 08:58:48.868 [http-nio-8008-exec-10] DEBUG c.i.q.c.m.C.queryCartByCartIds -==> Parameters: b224bd742811482b86612e88f8bf90ef(String), 9554baa352b44c1c93f206f107f4d20b(String)
2018-05-20 08:58:48.908 [http-nio-8008-exec-10] DEBUG c.i.q.c.m.C.queryCartByCartIds -<==      Total: 2
2018-05-20 08:59:22.576 [http-nio-8008-exec-2] DEBUG c.i.q.c.m.C.deleteProductByCart -==>  Preparing: UPDATE T_P_CART SET ISVALID=0 WHERE ISVALID=1 AND CART_TYPE=? AND CREATER=? AND SPECIFICATION_ID=? 
2018-05-20 08:59:22.578 [http-nio-8008-exec-2] DEBUG c.i.q.c.m.C.deleteProductByCart -==> Parameters: 1(Integer), 3df03888997442ad93abbcf38af00c78(String), 5829fcdcf32f4147bce75c0616db4650(String)
2018-05-20 08:59:22.582 [http-nio-8008-exec-2] DEBUG c.i.q.c.m.C.deleteProductByCart -<==    Updates: 1
2018-05-20 08:59:22.807 [http-nio-8008-exec-3] DEBUG c.i.q.c.m.C.deleteProductByCart -==>  Preparing: UPDATE T_P_CART SET ISVALID=0 WHERE ISVALID=1 AND CART_TYPE=? AND CREATER=? AND SPECIFICATION_ID=? 
2018-05-20 08:59:22.809 [http-nio-8008-exec-3] DEBUG c.i.q.c.m.C.deleteProductByCart -==> Parameters: 1(Integer), 3df03888997442ad93abbcf38af00c78(String), 64c5a33f2726481b8a5ed1e3551637eb(String)
2018-05-20 08:59:22.832 [http-nio-8008-exec-3] DEBUG c.i.q.c.m.C.deleteProductByCart -<==    Updates: 1
2018-05-20 09:00:15.543 [AsyncResolver-bootstrap-executor-0] INFO  c.n.d.s.r.aws.ConfigClusterResolver -Resolving eureka endpoints via configuration
2018-05-20 09:05:15.557 [AsyncResolver-bootstrap-executor-0] INFO  c.n.d.s.r.aws.ConfigClusterResolver -Resolving eureka endpoints via configuration
2018-05-20 09:10:15.571 [AsyncResolver-bootstrap-executor-0] INFO  c.n.d.s.r.aws.ConfigClusterResolver -Resolving eureka endpoints via configuration
2018-05-20 09:15:15.585 [AsyncResolver-bootstrap-executor-0] INFO  c.n.d.s.r.aws.ConfigClusterResolver -Resolving eureka endpoints via configuration
2018-05-20 09:20:15.606 [AsyncResolver-bootstrap-executor-0] INFO  c.n.d.s.r.aws.ConfigClusterResolver -Resolving eureka endpoints via configuration
2018-05-20 09:25:15.619 [AsyncResolver-bootstrap-executor-0] INFO  c.n.d.s.r.aws.ConfigClusterResolver -Resolving eureka endpoints via configuration
2018-05-20 09:30:15.633 [AsyncResolver-bootstrap-executor-0] INFO  c.n.d.s.r.aws.ConfigClusterResolver -Resolving eureka endpoints via configuration
2018-05-20 09:35:15.650 [AsyncResolver-bootstrap-executor-0] INFO  c.n.d.s.r.aws.ConfigClusterResolver -Resolving eureka endpoints via configuration
2018-05-20 09:40:15.664 [AsyncResolver-bootstrap-executor-0] INFO  c.n.d.s.r.aws.ConfigClusterResolver -Resolving eureka endpoints via configuration
2018-05-20 09:45:15.679 [AsyncResolver-bootstrap-executor-0] INFO  c.n.d.s.r.aws.ConfigClusterResolver -Resolving eureka endpoints via configuration
2018-05-20 09:50:15.693 [AsyncResolver-bootstrap-executor-0] INFO  c.n.d.s.r.aws.ConfigClusterResolver -Resolving eureka endpoints via configuration
2018-05-20 09:55:15.707 [AsyncResolver-bootstrap-executor-0] INFO  c.n.d.s.r.aws.ConfigClusterResolver -Resolving eureka endpoints via configuration
2018-05-20 10:00:15.724 [AsyncResolver-bootstrap-executor-0] INFO  c.n.d.s.r.aws.ConfigClusterResolver -Resolving eureka endpoints via configuration
2018-05-20 10:05:15.744 [AsyncResolver-bootstrap-executor-0] INFO  c.n.d.s.r.aws.ConfigClusterResolver -Resolving eureka endpoints via configuration
2018-05-20 10:10:15.760 [AsyncResolver-bootstrap-executor-0] INFO  c.n.d.s.r.aws.ConfigClusterResolver -Resolving eureka endpoints via configuration
2018-05-20 10:15:15.787 [AsyncResolver-bootstrap-executor-0] INFO  c.n.d.s.r.aws.ConfigClusterResolver -Resolving eureka endpoints via configuration
2018-05-20 10:20:15.803 [AsyncResolver-bootstrap-executor-0] INFO  c.n.d.s.r.aws.ConfigClusterResolver -Resolving eureka endpoints via configuration
2018-05-20 10:25:15.821 [AsyncResolver-bootstrap-executor-0] INFO  c.n.d.s.r.aws.ConfigClusterResolver -Resolving eureka endpoints via configuration
2018-05-20 10:30:15.837 [AsyncResolver-bootstrap-executor-0] INFO  c.n.d.s.r.aws.ConfigClusterResolver -Resolving eureka endpoints via configuration
2018-05-20 10:35:15.856 [AsyncResolver-bootstrap-executor-0] INFO  c.n.d.s.r.aws.ConfigClusterResolver -Resolving eureka endpoints via configuration
2018-05-20 10:40:15.876 [AsyncResolver-bootstrap-executor-0] INFO  c.n.d.s.r.aws.ConfigClusterResolver -Resolving eureka endpoints via configuration
2018-05-20 10:45:15.889 [AsyncResolver-bootstrap-executor-0] INFO  c.n.d.s.r.aws.ConfigClusterResolver -Resolving eureka endpoints via configuration
2018-05-20 10:50:15.902 [AsyncResolver-bootstrap-executor-0] INFO  c.n.d.s.r.aws.ConfigClusterResolver -Resolving eureka endpoints via configuration
2018-05-20 10:55:15.919 [AsyncResolver-bootstrap-executor-0] INFO  c.n.d.s.r.aws.ConfigClusterResolver -Resolving eureka endpoints via configuration
2018-05-20 11:00:15.938 [AsyncResolver-bootstrap-executor-0] INFO  c.n.d.s.r.aws.ConfigClusterResolver -Resolving eureka endpoints via configuration
2018-05-20 11:05:15.952 [AsyncResolver-bootstrap-executor-0] INFO  c.n.d.s.r.aws.ConfigClusterResolver -Resolving eureka endpoints via configuration
2018-05-20 11:10:15.967 [AsyncResolver-bootstrap-executor-0] INFO  c.n.d.s.r.aws.ConfigClusterResolver -Resolving eureka endpoints via configuration
2018-05-20 11:15:15.984 [AsyncResolver-bootstrap-executor-0] INFO  c.n.d.s.r.aws.ConfigClusterResolver -Resolving eureka endpoints via configuration
2018-05-20 11:20:16.006 [AsyncResolver-bootstrap-executor-0] INFO  c.n.d.s.r.aws.ConfigClusterResolver -Resolving eureka endpoints via configuration
2018-05-20 11:25:16.023 [AsyncResolver-bootstrap-executor-0] INFO  c.n.d.s.r.aws.ConfigClusterResolver -Resolving eureka endpoints via configuration
2018-05-20 11:30:16.041 [AsyncResolver-bootstrap-executor-0] INFO  c.n.d.s.r.aws.ConfigClusterResolver -Resolving eureka endpoints via configuration
2018-05-20 11:35:16.055 [AsyncResolver-bootstrap-executor-0] INFO  c.n.d.s.r.aws.ConfigClusterResolver -Resolving eureka endpoints via configuration
2018-05-20 11:40:16.071 [AsyncResolver-bootstrap-executor-0] INFO  c.n.d.s.r.aws.ConfigClusterResolver -Resolving eureka endpoints via configuration
2018-05-20 11:45:16.087 [AsyncResolver-bootstrap-executor-0] INFO  c.n.d.s.r.aws.ConfigClusterResolver -Resolving eureka endpoints via configuration
2018-05-20 11:50:16.102 [AsyncResolver-bootstrap-executor-0] INFO  c.n.d.s.r.aws.ConfigClusterResolver -Resolving eureka endpoints via configuration
2018-05-20 11:55:16.118 [AsyncResolver-bootstrap-executor-0] INFO  c.n.d.s.r.aws.ConfigClusterResolver -Resolving eureka endpoints via configuration
2018-05-20 12:00:16.131 [AsyncResolver-bootstrap-executor-0] INFO  c.n.d.s.r.aws.ConfigClusterResolver -Resolving eureka endpoints via configuration
2018-05-20 12:05:16.146 [AsyncResolver-bootstrap-executor-0] INFO  c.n.d.s.r.aws.ConfigClusterResolver -Resolving eureka endpoints via configuration
2018-05-20 12:10:16.159 [AsyncResolver-bootstrap-executor-0] INFO  c.n.d.s.r.aws.ConfigClusterResolver -Resolving eureka endpoints via configuration
2018-05-20 12:15:16.173 [AsyncResolver-bootstrap-executor-0] INFO  c.n.d.s.r.aws.ConfigClusterResolver -Resolving eureka endpoints via configuration
2018-05-20 12:20:16.186 [AsyncResolver-bootstrap-executor-0] INFO  c.n.d.s.r.aws.ConfigClusterResolver -Resolving eureka endpoints via configuration
2018-05-20 12:25:16.199 [AsyncResolver-bootstrap-executor-0] INFO  c.n.d.s.r.aws.ConfigClusterResolver -Resolving eureka endpoints via configuration
2018-05-20 12:30:16.212 [AsyncResolver-bootstrap-executor-0] INFO  c.n.d.s.r.aws.ConfigClusterResolver -Resolving eureka endpoints via configuration
2018-05-20 12:35:16.226 [AsyncResolver-bootstrap-executor-0] INFO  c.n.d.s.r.aws.ConfigClusterResolver -Resolving eureka endpoints via configuration
2018-05-20 12:40:16.239 [AsyncResolver-bootstrap-executor-0] INFO  c.n.d.s.r.aws.ConfigClusterResolver -Resolving eureka endpoints via configuration
2018-05-20 12:45:16.252 [AsyncResolver-bootstrap-executor-0] INFO  c.n.d.s.r.aws.ConfigClusterResolver -Resolving eureka endpoints via configuration
2018-05-20 12:50:16.265 [AsyncResolver-bootstrap-executor-0] INFO  c.n.d.s.r.aws.ConfigClusterResolver -Resolving eureka endpoints via configuration
2018-05-20 12:55:16.282 [AsyncResolver-bootstrap-executor-0] INFO  c.n.d.s.r.aws.ConfigClusterResolver -Resolving eureka endpoints via configuration
2018-05-20 13:00:16.295 [AsyncResolver-bootstrap-executor-0] INFO  c.n.d.s.r.aws.ConfigClusterResolver -Resolving eureka endpoints via configuration
2018-05-20 13:05:16.310 [AsyncResolver-bootstrap-executor-0] INFO  c.n.d.s.r.aws.ConfigClusterResolver -Resolving eureka endpoints via configuration
2018-05-20 13:10:16.324 [AsyncResolver-bootstrap-executor-0] INFO  c.n.d.s.r.aws.ConfigClusterResolver -Resolving eureka endpoints via configuration
2018-05-20 13:15:16.339 [AsyncResolver-bootstrap-executor-0] INFO  c.n.d.s.r.aws.ConfigClusterResolver -Resolving eureka endpoints via configuration
2018-05-20 13:20:16.355 [AsyncResolver-bootstrap-executor-0] INFO  c.n.d.s.r.aws.ConfigClusterResolver -Resolving eureka endpoints via configuration
2018-05-20 13:25:16.368 [AsyncResolver-bootstrap-executor-0] INFO  c.n.d.s.r.aws.ConfigClusterResolver -Resolving eureka endpoints via configuration
2018-05-20 13:30:16.381 [AsyncResolver-bootstrap-executor-0] INFO  c.n.d.s.r.aws.ConfigClusterResolver -Resolving eureka endpoints via configuration
2018-05-20 13:35:16.397 [AsyncResolver-bootstrap-executor-0] INFO  c.n.d.s.r.aws.ConfigClusterResolver -Resolving eureka endpoints via configuration
2018-05-20 13:40:16.416 [AsyncResolver-bootstrap-executor-0] INFO  c.n.d.s.r.aws.ConfigClusterResolver -Resolving eureka endpoints via configuration
2018-05-20 13:45:16.429 [AsyncResolver-bootstrap-executor-0] INFO  c.n.d.s.r.aws.ConfigClusterResolver -Resolving eureka endpoints via configuration
2018-05-20 13:50:16.442 [AsyncResolver-bootstrap-executor-0] INFO  c.n.d.s.r.aws.ConfigClusterResolver -Resolving eureka endpoints via configuration
2018-05-20 13:55:16.457 [AsyncResolver-bootstrap-executor-0] INFO  c.n.d.s.r.aws.ConfigClusterResolver -Resolving eureka endpoints via configuration
2018-05-20 14:00:16.470 [AsyncResolver-bootstrap-executor-0] INFO  c.n.d.s.r.aws.ConfigClusterResolver -Resolving eureka endpoints via configuration
2018-05-20 14:05:16.483 [AsyncResolver-bootstrap-executor-0] INFO  c.n.d.s.r.aws.ConfigClusterResolver -Resolving eureka endpoints via configuration
2018-05-20 14:10:16.502 [AsyncResolver-bootstrap-executor-0] INFO  c.n.d.s.r.aws.ConfigClusterResolver -Resolving eureka endpoints via configuration
2018-05-20 14:15:16.519 [AsyncResolver-bootstrap-executor-0] INFO  c.n.d.s.r.aws.ConfigClusterResolver -Resolving eureka endpoints via configuration
2018-05-20 14:20:16.645 [AsyncResolver-bootstrap-executor-0] INFO  c.n.d.s.r.aws.ConfigClusterResolver -Resolving eureka endpoints via configuration
2018-05-20 14:25:16.660 [AsyncResolver-bootstrap-executor-0] INFO  c.n.d.s.r.aws.ConfigClusterResolver -Resolving eureka endpoints via configuration
2018-05-20 14:30:16.674 [AsyncResolver-bootstrap-executor-0] INFO  c.n.d.s.r.aws.ConfigClusterResolver -Resolving eureka endpoints via configuration
2018-05-20 14:35:16.692 [AsyncResolver-bootstrap-executor-0] INFO  c.n.d.s.r.aws.ConfigClusterResolver -Resolving eureka endpoints via configuration
2018-05-20 14:40:16.706 [AsyncResolver-bootstrap-executor-0] INFO  c.n.d.s.r.aws.ConfigClusterResolver -Resolving eureka endpoints via configuration
2018-05-20 14:45:16.721 [AsyncResolver-bootstrap-executor-0] INFO  c.n.d.s.r.aws.ConfigClusterResolver -Resolving eureka endpoints via configuration
2018-05-20 14:50:16.734 [AsyncResolver-bootstrap-executor-0] INFO  c.n.d.s.r.aws.ConfigClusterResolver -Resolving eureka endpoints via configuration
2018-05-20 14:55:16.747 [AsyncResolver-bootstrap-executor-0] INFO  c.n.d.s.r.aws.ConfigClusterResolver -Resolving eureka endpoints via configuration
2018-05-20 15:00:16.760 [AsyncResolver-bootstrap-executor-0] INFO  c.n.d.s.r.aws.ConfigClusterResolver -Resolving eureka endpoints via configuration
2018-05-20 15:05:16.773 [AsyncResolver-bootstrap-executor-0] INFO  c.n.d.s.r.aws.ConfigClusterResolver -Resolving eureka endpoints via configuration
2018-05-20 15:10:16.787 [AsyncResolver-bootstrap-executor-0] INFO  c.n.d.s.r.aws.ConfigClusterResolver -Resolving eureka endpoints via configuration
2018-05-20 15:15:16.801 [AsyncResolver-bootstrap-executor-0] INFO  c.n.d.s.r.aws.ConfigClusterResolver -Resolving eureka endpoints via configuration
2018-05-20 15:20:16.814 [AsyncResolver-bootstrap-executor-0] INFO  c.n.d.s.r.aws.ConfigClusterResolver -Resolving eureka endpoints via configuration
2018-05-20 15:25:16.840 [AsyncResolver-bootstrap-executor-0] INFO  c.n.d.s.r.aws.ConfigClusterResolver -Resolving eureka endpoints via configuration
2018-05-20 15:30:16.853 [AsyncResolver-bootstrap-executor-0] INFO  c.n.d.s.r.aws.ConfigClusterResolver -Resolving eureka endpoints via configuration
2018-05-20 15:35:16.866 [AsyncResolver-bootstrap-executor-0] INFO  c.n.d.s.r.aws.ConfigClusterResolver -Resolving eureka endpoints via configuration
2018-05-20 15:40:16.879 [AsyncResolver-bootstrap-executor-0] INFO  c.n.d.s.r.aws.ConfigClusterResolver -Resolving eureka endpoints via configuration
2018-05-20 15:45:16.893 [AsyncResolver-bootstrap-executor-0] INFO  c.n.d.s.r.aws.ConfigClusterResolver -Resolving eureka endpoints via configuration
2018-05-20 15:50:16.910 [AsyncResolver-bootstrap-executor-0] INFO  c.n.d.s.r.aws.ConfigClusterResolver -Resolving eureka endpoints via configuration
2018-05-20 15:55:16.927 [AsyncResolver-bootstrap-executor-0] INFO  c.n.d.s.r.aws.ConfigClusterResolver -Resolving eureka endpoints via configuration
2018-05-20 16:00:16.940 [AsyncResolver-bootstrap-executor-0] INFO  c.n.d.s.r.aws.ConfigClusterResolver -Resolving eureka endpoints via configuration
2018-05-20 16:05:16.953 [AsyncResolver-bootstrap-executor-0] INFO  c.n.d.s.r.aws.ConfigClusterResolver -Resolving eureka endpoints via configuration
2018-05-20 16:10:16.970 [AsyncResolver-bootstrap-executor-0] INFO  c.n.d.s.r.aws.ConfigClusterResolver -Resolving eureka endpoints via configuration
2018-05-20 16:15:16.991 [AsyncResolver-bootstrap-executor-0] INFO  c.n.d.s.r.aws.ConfigClusterResolver -Resolving eureka endpoints via configuration
2018-05-20 16:20:17.024 [AsyncResolver-bootstrap-executor-0] INFO  c.n.d.s.r.aws.ConfigClusterResolver -Resolving eureka endpoints via configuration
2018-05-20 16:25:17.037 [AsyncResolver-bootstrap-executor-0] INFO  c.n.d.s.r.aws.ConfigClusterResolver -Resolving eureka endpoints via configuration
2018-05-20 16:30:17.222 [AsyncResolver-bootstrap-executor-0] INFO  c.n.d.s.r.aws.ConfigClusterResolver -Resolving eureka endpoints via configuration
2018-05-20 16:35:17.238 [AsyncResolver-bootstrap-executor-0] INFO  c.n.d.s.r.aws.ConfigClusterResolver -Resolving eureka endpoints via configuration
2018-05-20 16:40:17.251 [AsyncResolver-bootstrap-executor-0] INFO  c.n.d.s.r.aws.ConfigClusterResolver -Resolving eureka endpoints via configuration
2018-05-20 16:45:17.266 [AsyncResolver-bootstrap-executor-0] INFO  c.n.d.s.r.aws.ConfigClusterResolver -Resolving eureka endpoints via configuration
2018-05-20 16:50:17.279 [AsyncResolver-bootstrap-executor-0] INFO  c.n.d.s.r.aws.ConfigClusterResolver -Resolving eureka endpoints via configuration
2018-05-20 16:55:17.295 [AsyncResolver-bootstrap-executor-0] INFO  c.n.d.s.r.aws.ConfigClusterResolver -Resolving eureka endpoints via configuration
2018-05-20 17:00:17.308 [AsyncResolver-bootstrap-executor-0] INFO  c.n.d.s.r.aws.ConfigClusterResolver -Resolving eureka endpoints via configuration
2018-05-20 17:05:17.321 [AsyncResolver-bootstrap-executor-0] INFO  c.n.d.s.r.aws.ConfigClusterResolver -Resolving eureka endpoints via configuration
2018-05-20 17:10:17.334 [AsyncResolver-bootstrap-executor-0] INFO  c.n.d.s.r.aws.ConfigClusterResolver -Resolving eureka endpoints via configuration
2018-05-20 17:15:17.348 [AsyncResolver-bootstrap-executor-0] INFO  c.n.d.s.r.aws.ConfigClusterResolver -Resolving eureka endpoints via configuration
2018-05-20 17:20:17.370 [AsyncResolver-bootstrap-executor-0] INFO  c.n.d.s.r.aws.ConfigClusterResolver -Resolving eureka endpoints via configuration
2018-05-20 17:25:17.384 [AsyncResolver-bootstrap-executor-0] INFO  c.n.d.s.r.aws.ConfigClusterResolver -Resolving eureka endpoints via configuration
2018-05-20 17:30:17.400 [AsyncResolver-bootstrap-executor-0] INFO  c.n.d.s.r.aws.ConfigClusterResolver -Resolving eureka endpoints via configuration
2018-05-20 17:35:17.413 [AsyncResolver-bootstrap-executor-0] INFO  c.n.d.s.r.aws.ConfigClusterResolver -Resolving eureka endpoints via configuration
2018-05-20 17:40:17.428 [AsyncResolver-bootstrap-executor-0] INFO  c.n.d.s.r.aws.ConfigClusterResolver -Resolving eureka endpoints via configuration
2018-05-20 17:45:17.446 [AsyncResolver-bootstrap-executor-0] INFO  c.n.d.s.r.aws.ConfigClusterResolver -Resolving eureka endpoints via configuration
2018-05-20 17:50:17.460 [AsyncResolver-bootstrap-executor-0] INFO  c.n.d.s.r.aws.ConfigClusterResolver -Resolving eureka endpoints via configuration
2018-05-20 17:55:17.473 [AsyncResolver-bootstrap-executor-0] INFO  c.n.d.s.r.aws.ConfigClusterResolver -Resolving eureka endpoints via configuration
2018-05-20 18:00:17.491 [AsyncResolver-bootstrap-executor-0] INFO  c.n.d.s.r.aws.ConfigClusterResolver -Resolving eureka endpoints via configuration
2018-05-20 18:05:17.506 [AsyncResolver-bootstrap-executor-0] INFO  c.n.d.s.r.aws.ConfigClusterResolver -Resolving eureka endpoints via configuration
2018-05-20 19:12:16.585 [AsyncResolver-bootstrap-executor-0] INFO  c.n.d.s.r.aws.ConfigClusterResolver -Resolving eureka endpoints via configuration
2018-05-20 19:17:16.585 [AsyncResolver-bootstrap-executor-0] INFO  c.n.d.s.r.aws.ConfigClusterResolver -Resolving eureka endpoints via configuration
2018-05-20 19:22:16.618 [AsyncResolver-bootstrap-executor-0] INFO  c.n.d.s.r.aws.ConfigClusterResolver -Resolving eureka endpoints via configuration
2018-05-20 19:27:16.649 [AsyncResolver-bootstrap-executor-0] INFO  c.n.d.s.r.aws.ConfigClusterResolver -Resolving eureka endpoints via configuration
2018-05-20 19:32:16.670 [AsyncResolver-bootstrap-executor-0] INFO  c.n.d.s.r.aws.ConfigClusterResolver -Resolving eureka endpoints via configuration
2018-05-20 19:37:16.684 [AsyncResolver-bootstrap-executor-0] INFO  c.n.d.s.r.aws.ConfigClusterResolver -Resolving eureka endpoints via configuration
2018-05-20 19:42:16.697 [AsyncResolver-bootstrap-executor-0] INFO  c.n.d.s.r.aws.ConfigClusterResolver -Resolving eureka endpoints via configuration
2018-05-20 19:47:16.711 [AsyncResolver-bootstrap-executor-0] INFO  c.n.d.s.r.aws.ConfigClusterResolver -Resolving eureka endpoints via configuration
2018-05-20 19:52:16.724 [AsyncResolver-bootstrap-executor-0] INFO  c.n.d.s.r.aws.ConfigClusterResolver -Resolving eureka endpoints via configuration
2018-05-20 19:57:16.738 [AsyncResolver-bootstrap-executor-0] INFO  c.n.d.s.r.aws.ConfigClusterResolver -Resolving eureka endpoints via configuration
2018-05-20 20:02:16.751 [AsyncResolver-bootstrap-executor-0] INFO  c.n.d.s.r.aws.ConfigClusterResolver -Resolving eureka endpoints via configuration
2018-05-20 20:07:16.765 [AsyncResolver-bootstrap-executor-0] INFO  c.n.d.s.r.aws.ConfigClusterResolver -Resolving eureka endpoints via configuration
2018-05-20 20:12:16.778 [AsyncResolver-bootstrap-executor-0] INFO  c.n.d.s.r.aws.ConfigClusterResolver -Resolving eureka endpoints via configuration
2018-05-20 20:17:16.793 [AsyncResolver-bootstrap-executor-0] INFO  c.n.d.s.r.aws.ConfigClusterResolver -Resolving eureka endpoints via configuration
2018-05-20 20:22:16.808 [AsyncResolver-bootstrap-executor-0] INFO  c.n.d.s.r.aws.ConfigClusterResolver -Resolving eureka endpoints via configuration
2018-05-20 20:27:16.833 [AsyncResolver-bootstrap-executor-0] INFO  c.n.d.s.r.aws.ConfigClusterResolver -Resolving eureka endpoints via configuration
2018-05-20 20:32:16.868 [AsyncResolver-bootstrap-executor-0] INFO  c.n.d.s.r.aws.ConfigClusterResolver -Resolving eureka endpoints via configuration
2018-05-20 20:37:16.883 [AsyncResolver-bootstrap-executor-0] INFO  c.n.d.s.r.aws.ConfigClusterResolver -Resolving eureka endpoints via configuration
2018-05-20 20:42:16.896 [AsyncResolver-bootstrap-executor-0] INFO  c.n.d.s.r.aws.ConfigClusterResolver -Resolving eureka endpoints via configuration
2018-05-20 20:47:16.909 [AsyncResolver-bootstrap-executor-0] INFO  c.n.d.s.r.aws.ConfigClusterResolver -Resolving eureka endpoints via configuration
